2020-12-06 22:06:26 INFO  [springAppName_IS_UNDEFINED,,,] main org.springframework.context.support.PostProcessorRegistrationDelegate$BeanPostProcessorChecker Bean 'org.springframework.cloud.autoconfigure.ConfigurationPropertiesRebinderAutoConfiguration' of type [org.springframework.cloud.autoconfigure.ConfigurationPropertiesRebinderAutoConfiguration$$EnhancerBySpringCGLIB$$a8c9d6fc] is not eligible for getting processed by all BeanPostProcessors (for example: not eligible for auto-proxying)
2020-12-06 22:06:27 INFO  [FEBS-Auth,,,] main com.damu.febs.auth.FebsAuthApplication No active profile set, falling back to default profiles: default
2020-12-06 22:06:27 INFO  [FEBS-Auth,,,] main org.springframework.data.repository.config.RepositoryConfigurationDelegate Multiple Spring Data modules found, entering strict repository configuration mode!
2020-12-06 22:06:27 INFO  [FEBS-Auth,,,] main org.springframework.data.repository.config.RepositoryConfigurationDelegate Bootstrapping Spring Data repositories in DEFAULT mode.
2020-12-06 22:06:27 INFO  [FEBS-Auth,,,] main org.springframework.data.repository.config.RepositoryConfigurationDelegate Finished Spring Data repository scanning in 12ms. Found 0 repository interfaces.
2020-12-06 22:06:27 INFO  [FEBS-Auth,,,] main org.springframework.cloud.context.scope.GenericScope BeanFactory id=903d6bc1-8c9e-3a9b-a321-171a032052e2
2020-12-06 22:06:28 INFO  [FEBS-Auth,,,] main org.springframework.context.support.PostProcessorRegistrationDelegate$BeanPostProcessorChecker Bean 'org.springframework.transaction.annotation.ProxyTransactionManagementConfiguration' of type [org.springframework.transaction.annotation.ProxyTransactionManagementConfiguration$$EnhancerBySpringCGLIB$$8cafd3ff] is not eligible for getting processed by all BeanPostProcessors (for example: not eligible for auto-proxying)
2020-12-06 22:06:28 INFO  [FEBS-Auth,,,] main org.springframework.context.support.PostProcessorRegistrationDelegate$BeanPostProcessorChecker Bean 'spring.datasource.dynamic-com.baomidou.dynamic.datasource.spring.boot.autoconfigure.DynamicDataSourceProperties' of type [com.baomidou.dynamic.datasource.spring.boot.autoconfigure.DynamicDataSourceProperties] is not eligible for getting processed by all BeanPostProcessors (for example: not eligible for auto-proxying)
2020-12-06 22:06:28 INFO  [FEBS-Auth,,,] main org.springframework.context.support.PostProcessorRegistrationDelegate$BeanPostProcessorChecker Bean 'com.baomidou.dynamic.datasource.spring.boot.autoconfigure.DynamicDataSourceAutoConfiguration' of type [com.baomidou.dynamic.datasource.spring.boot.autoconfigure.DynamicDataSourceAutoConfiguration$$EnhancerBySpringCGLIB$$f63e44d0] is not eligible for getting processed by all BeanPostProcessors (for example: not eligible for auto-proxying)
2020-12-06 22:06:28 INFO  [FEBS-Auth,,,] main org.springframework.context.support.PostProcessorRegistrationDelegate$BeanPostProcessorChecker Bean 'dsProcessor' of type [com.baomidou.dynamic.datasource.processor.DsHeaderProcessor] is not eligible for getting processed by all BeanPostProcessors (for example: not eligible for auto-proxying)
2020-12-06 22:06:28 INFO  [FEBS-Auth,,,] main org.springframework.context.support.PostProcessorRegistrationDelegate$BeanPostProcessorChecker Bean 'dynamicDatasourceAnnotationAdvisor' of type [com.baomidou.dynamic.datasource.aop.DynamicDataSourceAnnotationAdvisor] is not eligible for getting processed by all BeanPostProcessors (for example: not eligible for auto-proxying)
2020-12-06 22:06:28 INFO  [FEBS-Auth,,,] main org.springframework.context.support.PostProcessorRegistrationDelegate$BeanPostProcessorChecker Bean 'org.springframework.cloud.autoconfigure.ConfigurationPropertiesRebinderAutoConfiguration' of type [org.springframework.cloud.autoconfigure.ConfigurationPropertiesRebinderAutoConfiguration$$EnhancerBySpringCGLIB$$a8c9d6fc] is not eligible for getting processed by all BeanPostProcessors (for example: not eligible for auto-proxying)
2020-12-06 22:06:28 INFO  [FEBS-Auth,,,] main org.springframework.boot.web.embedded.tomcat.TomcatWebServer Tomcat initialized with port(s): 8101 (http)
2020-12-06 22:06:28 INFO  [FEBS-Auth,,,] main org.apache.coyote.http11.Http11NioProtocol Initializing ProtocolHandler ["http-nio-8101"]
2020-12-06 22:06:28 INFO  [FEBS-Auth,,,] main org.apache.catalina.core.StandardService Starting service [Tomcat]
2020-12-06 22:06:28 INFO  [FEBS-Auth,,,] main org.apache.catalina.core.StandardEngine Starting Servlet engine: [Apache Tomcat/9.0.21]
2020-12-06 22:06:28 INFO  [FEBS-Auth,,,] main org.apache.catalina.core.ContainerBase.[Tomcat].[localhost].[/] Initializing Spring embedded WebApplicationContext
2020-12-06 22:06:28 INFO  [FEBS-Auth,,,] main org.springframework.web.context.ContextLoader Root WebApplicationContext: initialization completed in 1338 ms
2020-12-06 22:06:28 INFO  [FEBS-Auth,,,] main com.netflix.config.sources.URLConfigurationSource To enable URLs as dynamic configuration sources, define System property archaius.configurationSource.additionalUrls or make config.properties available on classpath.
2020-12-06 22:06:28 INFO  [FEBS-Auth,,,] main com.netflix.config.DynamicPropertyFactory DynamicPropertyFactory is initialized with configuration sources: com.netflix.config.ConcurrentCompositeConfiguration@3e151e1f
2020-12-06 22:06:28 INFO  [FEBS-Auth,,,] main com.zaxxer.hikari.HikariDataSource base - Starting...
2020-12-06 22:06:28 INFO  [FEBS-Auth,,,] main com.zaxxer.hikari.HikariDataSource base - Start completed.
2020-12-06 22:06:28 INFO  [FEBS-Auth,,,] main com.baomidou.dynamic.datasource.DynamicRoutingDataSource 初始共加载 1 个数据源
2020-12-06 22:06:28 INFO  [FEBS-Auth,,,] main com.baomidou.dynamic.datasource.DynamicRoutingDataSource 动态数据源-加载 base 成功
2020-12-06 22:06:28 INFO  [FEBS-Auth,,,] main com.baomidou.dynamic.datasource.DynamicRoutingDataSource 当前的默认数据源是单数据源，数据源名为 base
2020-12-06 22:06:30 INFO  [FEBS-Auth,,,] main org.springframework.security.web.DefaultSecurityFilterChain Creating filter chain: OrRequestMatcher [requestMatchers=[Ant [pattern='/oauth/token'], Ant [pattern='/oauth/token_key'], Ant [pattern='/oauth/check_token']]], [org.springframework.security.web.context.request.async.WebAsyncManagerIntegrationFilter@42a97053, org.springframework.security.web.context.SecurityContextPersistenceFilter@9825465, org.springframework.security.web.header.HeaderWriterFilter@22172b00, org.springframework.security.web.authentication.logout.LogoutFilter@77db231c, org.springframework.security.web.authentication.www.BasicAuthenticationFilter@683fac7e, org.springframework.security.web.savedrequest.RequestCacheAwareFilter@36cf6377, org.springframework.security.web.servletapi.SecurityContextHolderAwareRequestFilter@21ba0d33, org.springframework.security.web.authentication.AnonymousAuthenticationFilter@bc4a9b0, org.springframework.security.web.session.SessionManagementFilter@6d9ee75a, org.springframework.security.web.access.ExceptionTranslationFilter@4ba402b5, org.springframework.security.web.access.intercept.FilterSecurityInterceptor@5cb6abc8]
2020-12-06 22:06:30 INFO  [FEBS-Auth,,,] main org.springframework.security.web.DefaultSecurityFilterChain Creating filter chain: OrRequestMatcher [requestMatchers=[Ant [pattern='/oauth/**']]], [org.springframework.security.web.context.request.async.WebAsyncManagerIntegrationFilter@5342032a, org.springframework.security.web.context.SecurityContextPersistenceFilter@2314cd97, org.springframework.security.web.header.HeaderWriterFilter@2212e291, org.springframework.security.web.authentication.logout.LogoutFilter@15fe020d, com.damu.febs.auth.filter.ValidateCodeFilter@5a205ee5, org.springframework.security.web.savedrequest.RequestCacheAwareFilter@51dbed72, org.springframework.security.web.servletapi.SecurityContextHolderAwareRequestFilter@64e89bb2, org.springframework.security.web.authentication.AnonymousAuthenticationFilter@239d9cb7, org.springframework.security.web.session.SessionManagementFilter@5af56240, org.springframework.security.web.access.ExceptionTranslationFilter@5d75f90e, org.springframework.security.web.access.intercept.FilterSecurityInterceptor@5ba36c83]
2020-12-06 22:06:30 INFO  [FEBS-Auth,,,] main org.springframework.security.web.DefaultSecurityFilterChain Creating filter chain: OrRequestMatcher [requestMatchers=[Ant [pattern='/**']]], [org.springframework.security.web.context.request.async.WebAsyncManagerIntegrationFilter@64af5454, org.springframework.security.web.context.SecurityContextPersistenceFilter@20a9fb01, org.springframework.security.web.header.HeaderWriterFilter@266a47fd, org.springframework.security.web.authentication.logout.LogoutFilter@796642ae, org.springframework.security.oauth2.provider.authentication.OAuth2AuthenticationProcessingFilter@2078bf0a, org.springframework.security.web.authentication.www.BasicAuthenticationFilter@14d298d6, org.springframework.security.web.savedrequest.RequestCacheAwareFilter@19fc0ef7, org.springframework.security.web.servletapi.SecurityContextHolderAwareRequestFilter@6d5de79a, org.springframework.security.web.authentication.AnonymousAuthenticationFilter@94aeba1, org.springframework.security.web.session.SessionManagementFilter@a93c798, org.springframework.security.web.access.ExceptionTranslationFilter@687fd6e, org.springframework.security.web.access.intercept.FilterSecurityInterceptor@3e0704e2]
2020-12-06 22:06:30 INFO  [FEBS-Auth,,,] main com.netflix.config.sources.URLConfigurationSource To enable URLs as dynamic configuration sources, define System property archaius.configurationSource.additionalUrls or make config.properties available on classpath.
2020-12-06 22:06:31 INFO  [FEBS-Auth,,,] main org.springframework.scheduling.concurrent.ThreadPoolTaskExecutor Initializing ExecutorService 'applicationTaskExecutor'
2020-12-06 22:06:31 INFO  [FEBS-Auth,,,] main org.springframework.boot.actuate.endpoint.web.EndpointLinksResolver Exposing 2 endpoint(s) beneath base path '/actuator'
2020-12-06 22:06:31 INFO  [FEBS-Auth,,,] main org.springframework.cloud.netflix.eureka.InstanceInfoFactory Setting initial instance status as: STARTING
2020-12-06 22:06:31 INFO  [FEBS-Auth,,,] main com.netflix.discovery.DiscoveryClient Initializing Eureka in region us-east-1
2020-12-06 22:06:32 INFO  [FEBS-Auth,,,] main com.netflix.discovery.provider.DiscoveryJerseyProvider Using JSON encoding codec LegacyJacksonJson
2020-12-06 22:06:32 INFO  [FEBS-Auth,,,] main com.netflix.discovery.provider.DiscoveryJerseyProvider Using JSON decoding codec LegacyJacksonJson
2020-12-06 22:06:32 INFO  [FEBS-Auth,,,] main com.netflix.discovery.provider.DiscoveryJerseyProvider Using XML encoding codec XStreamXml
2020-12-06 22:06:32 INFO  [FEBS-Auth,,,] main com.netflix.discovery.provider.DiscoveryJerseyProvider Using XML decoding codec XStreamXml
2020-12-06 22:06:32 INFO  [FEBS-Auth,,,] main com.netflix.discovery.shared.resolver.aws.ConfigClusterResolver Resolving eureka endpoints via configuration
2020-12-06 22:06:32 INFO  [FEBS-Auth,,,] main com.netflix.discovery.DiscoveryClient Disable delta property : false
2020-12-06 22:06:32 INFO  [FEBS-Auth,,,] main com.netflix.discovery.DiscoveryClient Single vip registry refresh property : null
2020-12-06 22:06:32 INFO  [FEBS-Auth,,,] main com.netflix.discovery.DiscoveryClient Force full registry fetch : false
2020-12-06 22:06:32 INFO  [FEBS-Auth,,,] main com.netflix.discovery.DiscoveryClient Application is null : false
2020-12-06 22:06:32 INFO  [FEBS-Auth,,,] main com.netflix.discovery.DiscoveryClient Registered Applications size is zero : true
2020-12-06 22:06:32 INFO  [FEBS-Auth,,,] main com.netflix.discovery.DiscoveryClient Application version is -1: true
2020-12-06 22:06:32 INFO  [FEBS-Auth,,,] main com.netflix.discovery.DiscoveryClient Getting all instance registry info from the eureka server
2020-12-06 22:06:32 INFO  [FEBS-Auth,,,] main com.netflix.discovery.DiscoveryClient The response status is 200
2020-12-06 22:06:32 INFO  [FEBS-Auth,,,] main com.netflix.discovery.DiscoveryClient Starting heartbeat executor: renew interval is: 20
2020-12-06 22:06:32 INFO  [FEBS-Auth,,,] main com.netflix.discovery.InstanceInfoReplicator InstanceInfoReplicator onDemand update allowed rate per min is 4
2020-12-06 22:06:32 INFO  [FEBS-Auth,,,] main com.netflix.discovery.DiscoveryClient Discovery Client initialized at timestamp 1607263592799 with initial instances count: 0
2020-12-06 22:06:32 INFO  [FEBS-Auth,,,] main org.springframework.cloud.netflix.eureka.serviceregistry.EurekaServiceRegistry Registering application FEBS-AUTH with eureka with status UP
2020-12-06 22:06:32 INFO  [FEBS-Auth,,,] main com.netflix.discovery.DiscoveryClient Saw local status change event StatusChangeEvent [timestamp=1607263592802, current=UP, previous=STARTING]
2020-12-06 22:06:32 INFO  [FEBS-Auth,,,] DiscoveryClient-InstanceInfoReplicator-0 com.netflix.discovery.DiscoveryClient DiscoveryClient_FEBS-AUTH/192.168.0.108:FEBS-Auth:8101: registering service...
2020-12-06 22:06:32 INFO  [FEBS-Auth,,,] main org.apache.coyote.http11.Http11NioProtocol Starting ProtocolHandler ["http-nio-8101"]
2020-12-06 22:06:32 INFO  [FEBS-Auth,,,] main org.springframework.boot.web.embedded.tomcat.TomcatWebServer Tomcat started on port(s): 8101 (http) with context path ''
2020-12-06 22:06:32 INFO  [FEBS-Auth,,,] main org.springframework.cloud.netflix.eureka.serviceregistry.EurekaAutoServiceRegistration Updating port to 8101
2020-12-06 22:06:32 INFO  [FEBS-Auth,,,] main com.damu.febs.auth.FebsAuthApplication Started FebsAuthApplication in 7.178 seconds (JVM running for 7.939)
2020-12-06 22:06:32 INFO  [FEBS-Auth,,,] DiscoveryClient-InstanceInfoReplicator-0 com.netflix.discovery.DiscoveryClient DiscoveryClient_FEBS-AUTH/192.168.0.108:FEBS-Auth:8101 - registration status: 204
2020-12-06 22:06:33 INFO  [FEBS-Auth,,,] RMI TCP Connection(6)-127.0.0.1 org.apache.catalina.core.ContainerBase.[Tomcat].[localhost].[/] Initializing Spring DispatcherServlet 'dispatcherServlet'
2020-12-06 22:06:33 INFO  [FEBS-Auth,,,] RMI TCP Connection(6)-127.0.0.1 org.springframework.web.servlet.DispatcherServlet Initializing Servlet 'dispatcherServlet'
2020-12-06 22:06:33 INFO  [FEBS-Auth,,,] RMI TCP Connection(6)-127.0.0.1 org.springframework.web.servlet.DispatcherServlet Completed initialization in 6 ms
2020-12-06 22:06:33 INFO  [FEBS-Auth,,,] parallel-1 io.lettuce.core.EpollProvider Starting without optional epoll library
2020-12-06 22:06:33 INFO  [FEBS-Auth,,,] parallel-1 io.lettuce.core.KqueueProvider Starting without optional kqueue library
2020-12-06 22:06:35 INFO  [FEBS-Auth,,,] DiscoveryClient-CacheRefreshExecutor-0 com.netflix.discovery.DiscoveryClient Disable delta property : false
2020-12-06 22:06:35 INFO  [FEBS-Auth,,,] DiscoveryClient-CacheRefreshExecutor-0 com.netflix.discovery.DiscoveryClient Single vip registry refresh property : null
2020-12-06 22:06:35 INFO  [FEBS-Auth,,,] DiscoveryClient-CacheRefreshExecutor-0 com.netflix.discovery.DiscoveryClient Force full registry fetch : false
2020-12-06 22:06:35 INFO  [FEBS-Auth,,,] DiscoveryClient-CacheRefreshExecutor-0 com.netflix.discovery.DiscoveryClient Application is null : false
2020-12-06 22:06:35 INFO  [FEBS-Auth,,,] DiscoveryClient-CacheRefreshExecutor-0 com.netflix.discovery.DiscoveryClient Registered Applications size is zero : true
2020-12-06 22:06:35 INFO  [FEBS-Auth,,,] DiscoveryClient-CacheRefreshExecutor-0 com.netflix.discovery.DiscoveryClient Application version is -1: false
2020-12-06 22:06:35 INFO  [FEBS-Auth,,,] DiscoveryClient-CacheRefreshExecutor-0 com.netflix.discovery.DiscoveryClient Getting all instance registry info from the eureka server
2020-12-06 22:06:35 INFO  [FEBS-Auth,,,] DiscoveryClient-CacheRefreshExecutor-0 com.netflix.discovery.DiscoveryClient The response status is 200
2020-12-06 22:06:38 INFO  [FEBS-Auth,,,] DiscoveryClient-CacheRefreshExecutor-0 com.netflix.discovery.DiscoveryClient Disable delta property : false
2020-12-06 22:06:38 INFO  [FEBS-Auth,,,] DiscoveryClient-CacheRefreshExecutor-0 com.netflix.discovery.DiscoveryClient Single vip registry refresh property : null
2020-12-06 22:06:38 INFO  [FEBS-Auth,,,] DiscoveryClient-CacheRefreshExecutor-0 com.netflix.discovery.DiscoveryClient Force full registry fetch : false
2020-12-06 22:06:38 INFO  [FEBS-Auth,,,] DiscoveryClient-CacheRefreshExecutor-0 com.netflix.discovery.DiscoveryClient Application is null : false
2020-12-06 22:06:38 INFO  [FEBS-Auth,,,] DiscoveryClient-CacheRefreshExecutor-0 com.netflix.discovery.DiscoveryClient Registered Applications size is zero : true
2020-12-06 22:06:38 INFO  [FEBS-Auth,,,] DiscoveryClient-CacheRefreshExecutor-0 com.netflix.discovery.DiscoveryClient Application version is -1: false
2020-12-06 22:06:38 INFO  [FEBS-Auth,,,] DiscoveryClient-CacheRefreshExecutor-0 com.netflix.discovery.DiscoveryClient Getting all instance registry info from the eureka server
2020-12-06 22:06:38 INFO  [FEBS-Auth,,,] DiscoveryClient-CacheRefreshExecutor-0 com.netflix.discovery.DiscoveryClient The response status is 200
2020-12-06 22:06:41 INFO  [FEBS-Auth,,,] DiscoveryClient-CacheRefreshExecutor-0 com.netflix.discovery.DiscoveryClient Disable delta property : false
2020-12-06 22:06:41 INFO  [FEBS-Auth,,,] DiscoveryClient-CacheRefreshExecutor-0 com.netflix.discovery.DiscoveryClient Single vip registry refresh property : null
2020-12-06 22:06:41 INFO  [FEBS-Auth,,,] DiscoveryClient-CacheRefreshExecutor-0 com.netflix.discovery.DiscoveryClient Force full registry fetch : false
2020-12-06 22:06:41 INFO  [FEBS-Auth,,,] DiscoveryClient-CacheRefreshExecutor-0 com.netflix.discovery.DiscoveryClient Application is null : false
2020-12-06 22:06:41 INFO  [FEBS-Auth,,,] DiscoveryClient-CacheRefreshExecutor-0 com.netflix.discovery.DiscoveryClient Registered Applications size is zero : true
2020-12-06 22:06:41 INFO  [FEBS-Auth,,,] DiscoveryClient-CacheRefreshExecutor-0 com.netflix.discovery.DiscoveryClient Application version is -1: false
2020-12-06 22:06:41 INFO  [FEBS-Auth,,,] DiscoveryClient-CacheRefreshExecutor-0 com.netflix.discovery.DiscoveryClient Getting all instance registry info from the eureka server
2020-12-06 22:06:41 INFO  [FEBS-Auth,,,] DiscoveryClient-CacheRefreshExecutor-0 com.netflix.discovery.DiscoveryClient The response status is 200
2020-12-06 22:06:44 INFO  [FEBS-Auth,,,] DiscoveryClient-CacheRefreshExecutor-0 com.netflix.discovery.DiscoveryClient Disable delta property : false
2020-12-06 22:06:44 INFO  [FEBS-Auth,,,] DiscoveryClient-CacheRefreshExecutor-0 com.netflix.discovery.DiscoveryClient Single vip registry refresh property : null
2020-12-06 22:06:44 INFO  [FEBS-Auth,,,] DiscoveryClient-CacheRefreshExecutor-0 com.netflix.discovery.DiscoveryClient Force full registry fetch : false
2020-12-06 22:06:44 INFO  [FEBS-Auth,,,] DiscoveryClient-CacheRefreshExecutor-0 com.netflix.discovery.DiscoveryClient Application is null : false
2020-12-06 22:06:44 INFO  [FEBS-Auth,,,] DiscoveryClient-CacheRefreshExecutor-0 com.netflix.discovery.DiscoveryClient Registered Applications size is zero : true
2020-12-06 22:06:44 INFO  [FEBS-Auth,,,] DiscoveryClient-CacheRefreshExecutor-0 com.netflix.discovery.DiscoveryClient Application version is -1: false
2020-12-06 22:06:44 INFO  [FEBS-Auth,,,] DiscoveryClient-CacheRefreshExecutor-0 com.netflix.discovery.DiscoveryClient Getting all instance registry info from the eureka server
2020-12-06 22:06:44 INFO  [FEBS-Auth,,,] DiscoveryClient-CacheRefreshExecutor-0 com.netflix.discovery.DiscoveryClient The response status is 200
2020-12-06 22:06:47 INFO  [FEBS-Auth,,,] DiscoveryClient-CacheRefreshExecutor-0 com.netflix.discovery.DiscoveryClient Disable delta property : false
2020-12-06 22:06:47 INFO  [FEBS-Auth,,,] DiscoveryClient-CacheRefreshExecutor-0 com.netflix.discovery.DiscoveryClient Single vip registry refresh property : null
2020-12-06 22:06:47 INFO  [FEBS-Auth,,,] DiscoveryClient-CacheRefreshExecutor-0 com.netflix.discovery.DiscoveryClient Force full registry fetch : false
2020-12-06 22:06:47 INFO  [FEBS-Auth,,,] DiscoveryClient-CacheRefreshExecutor-0 com.netflix.discovery.DiscoveryClient Application is null : false
2020-12-06 22:06:47 INFO  [FEBS-Auth,,,] DiscoveryClient-CacheRefreshExecutor-0 com.netflix.discovery.DiscoveryClient Registered Applications size is zero : true
2020-12-06 22:06:47 INFO  [FEBS-Auth,,,] DiscoveryClient-CacheRefreshExecutor-0 com.netflix.discovery.DiscoveryClient Application version is -1: false
2020-12-06 22:06:47 INFO  [FEBS-Auth,,,] DiscoveryClient-CacheRefreshExecutor-0 com.netflix.discovery.DiscoveryClient Getting all instance registry info from the eureka server
2020-12-06 22:06:47 INFO  [FEBS-Auth,,,] DiscoveryClient-CacheRefreshExecutor-0 com.netflix.discovery.DiscoveryClient The response status is 200
2020-12-06 22:06:50 INFO  [FEBS-Auth,,,] DiscoveryClient-CacheRefreshExecutor-0 com.netflix.discovery.DiscoveryClient Disable delta property : false
2020-12-06 22:06:50 INFO  [FEBS-Auth,,,] DiscoveryClient-CacheRefreshExecutor-0 com.netflix.discovery.DiscoveryClient Single vip registry refresh property : null
2020-12-06 22:06:50 INFO  [FEBS-Auth,,,] DiscoveryClient-CacheRefreshExecutor-0 com.netflix.discovery.DiscoveryClient Force full registry fetch : false
2020-12-06 22:06:50 INFO  [FEBS-Auth,,,] DiscoveryClient-CacheRefreshExecutor-0 com.netflix.discovery.DiscoveryClient Application is null : false
2020-12-06 22:06:50 INFO  [FEBS-Auth,,,] DiscoveryClient-CacheRefreshExecutor-0 com.netflix.discovery.DiscoveryClient Registered Applications size is zero : true
2020-12-06 22:06:50 INFO  [FEBS-Auth,,,] DiscoveryClient-CacheRefreshExecutor-0 com.netflix.discovery.DiscoveryClient Application version is -1: false
2020-12-06 22:06:50 INFO  [FEBS-Auth,,,] DiscoveryClient-CacheRefreshExecutor-0 com.netflix.discovery.DiscoveryClient Getting all instance registry info from the eureka server
2020-12-06 22:06:50 INFO  [FEBS-Auth,,,] DiscoveryClient-CacheRefreshExecutor-0 com.netflix.discovery.DiscoveryClient The response status is 200
2020-12-06 22:06:53 INFO  [FEBS-Auth,,,] DiscoveryClient-CacheRefreshExecutor-0 com.netflix.discovery.DiscoveryClient Disable delta property : false
2020-12-06 22:06:53 INFO  [FEBS-Auth,,,] DiscoveryClient-CacheRefreshExecutor-0 com.netflix.discovery.DiscoveryClient Single vip registry refresh property : null
2020-12-06 22:06:53 INFO  [FEBS-Auth,,,] DiscoveryClient-CacheRefreshExecutor-0 com.netflix.discovery.DiscoveryClient Force full registry fetch : false
2020-12-06 22:06:53 INFO  [FEBS-Auth,,,] DiscoveryClient-CacheRefreshExecutor-0 com.netflix.discovery.DiscoveryClient Application is null : false
2020-12-06 22:06:53 INFO  [FEBS-Auth,,,] DiscoveryClient-CacheRefreshExecutor-0 com.netflix.discovery.DiscoveryClient Registered Applications size is zero : true
2020-12-06 22:06:53 INFO  [FEBS-Auth,,,] DiscoveryClient-CacheRefreshExecutor-0 com.netflix.discovery.DiscoveryClient Application version is -1: false
2020-12-06 22:06:53 INFO  [FEBS-Auth,,,] DiscoveryClient-CacheRefreshExecutor-0 com.netflix.discovery.DiscoveryClient Getting all instance registry info from the eureka server
2020-12-06 22:06:53 INFO  [FEBS-Auth,,,] DiscoveryClient-CacheRefreshExecutor-0 com.netflix.discovery.DiscoveryClient The response status is 200
2020-12-06 22:06:56 INFO  [FEBS-Auth,,,] DiscoveryClient-CacheRefreshExecutor-0 com.netflix.discovery.DiscoveryClient Disable delta property : false
2020-12-06 22:06:56 INFO  [FEBS-Auth,,,] DiscoveryClient-CacheRefreshExecutor-0 com.netflix.discovery.DiscoveryClient Single vip registry refresh property : null
2020-12-06 22:06:56 INFO  [FEBS-Auth,,,] DiscoveryClient-CacheRefreshExecutor-0 com.netflix.discovery.DiscoveryClient Force full registry fetch : false
2020-12-06 22:06:56 INFO  [FEBS-Auth,,,] DiscoveryClient-CacheRefreshExecutor-0 com.netflix.discovery.DiscoveryClient Application is null : false
2020-12-06 22:06:56 INFO  [FEBS-Auth,,,] DiscoveryClient-CacheRefreshExecutor-0 com.netflix.discovery.DiscoveryClient Registered Applications size is zero : true
2020-12-06 22:06:56 INFO  [FEBS-Auth,,,] DiscoveryClient-CacheRefreshExecutor-0 com.netflix.discovery.DiscoveryClient Application version is -1: false
2020-12-06 22:06:56 INFO  [FEBS-Auth,,,] DiscoveryClient-CacheRefreshExecutor-0 com.netflix.discovery.DiscoveryClient Getting all instance registry info from the eureka server
2020-12-06 22:06:56 INFO  [FEBS-Auth,,,] DiscoveryClient-CacheRefreshExecutor-0 com.netflix.discovery.DiscoveryClient The response status is 200
2020-12-06 22:06:59 INFO  [FEBS-Auth,,,] DiscoveryClient-CacheRefreshExecutor-0 com.netflix.discovery.DiscoveryClient Disable delta property : false
2020-12-06 22:06:59 INFO  [FEBS-Auth,,,] DiscoveryClient-CacheRefreshExecutor-0 com.netflix.discovery.DiscoveryClient Single vip registry refresh property : null
2020-12-06 22:06:59 INFO  [FEBS-Auth,,,] DiscoveryClient-CacheRefreshExecutor-0 com.netflix.discovery.DiscoveryClient Force full registry fetch : false
2020-12-06 22:06:59 INFO  [FEBS-Auth,,,] DiscoveryClient-CacheRefreshExecutor-0 com.netflix.discovery.DiscoveryClient Application is null : false
2020-12-06 22:06:59 INFO  [FEBS-Auth,,,] DiscoveryClient-CacheRefreshExecutor-0 com.netflix.discovery.DiscoveryClient Registered Applications size is zero : true
2020-12-06 22:06:59 INFO  [FEBS-Auth,,,] DiscoveryClient-CacheRefreshExecutor-0 com.netflix.discovery.DiscoveryClient Application version is -1: false
2020-12-06 22:06:59 INFO  [FEBS-Auth,,,] DiscoveryClient-CacheRefreshExecutor-0 com.netflix.discovery.DiscoveryClient Getting all instance registry info from the eureka server
2020-12-06 22:06:59 INFO  [FEBS-Auth,,,] DiscoveryClient-CacheRefreshExecutor-0 com.netflix.discovery.DiscoveryClient The response status is 200
2020-12-06 22:07:02 INFO  [FEBS-Auth,,,] DiscoveryClient-CacheRefreshExecutor-0 com.netflix.discovery.DiscoveryClient Disable delta property : false
2020-12-06 22:07:02 INFO  [FEBS-Auth,,,] DiscoveryClient-CacheRefreshExecutor-0 com.netflix.discovery.DiscoveryClient Single vip registry refresh property : null
2020-12-06 22:07:02 INFO  [FEBS-Auth,,,] DiscoveryClient-CacheRefreshExecutor-0 com.netflix.discovery.DiscoveryClient Force full registry fetch : false
2020-12-06 22:07:02 INFO  [FEBS-Auth,,,] DiscoveryClient-CacheRefreshExecutor-0 com.netflix.discovery.DiscoveryClient Application is null : false
2020-12-06 22:07:02 INFO  [FEBS-Auth,,,] DiscoveryClient-CacheRefreshExecutor-0 com.netflix.discovery.DiscoveryClient Registered Applications size is zero : true
2020-12-06 22:07:02 INFO  [FEBS-Auth,,,] DiscoveryClient-CacheRefreshExecutor-0 com.netflix.discovery.DiscoveryClient Application version is -1: false
2020-12-06 22:07:02 INFO  [FEBS-Auth,,,] DiscoveryClient-CacheRefreshExecutor-0 com.netflix.discovery.DiscoveryClient Getting all instance registry info from the eureka server
2020-12-06 22:07:02 INFO  [FEBS-Auth,,,] DiscoveryClient-CacheRefreshExecutor-0 com.netflix.discovery.DiscoveryClient The response status is 200
2020-12-06 22:10:37 INFO  [FEBS-Auth,,,] Thread-20 org.springframework.cloud.netflix.eureka.serviceregistry.EurekaServiceRegistry Unregistering application FEBS-AUTH with eureka with status DOWN
2020-12-06 22:10:37 INFO  [FEBS-Auth,,,] DiscoveryClient-InstanceInfoReplicator-0 com.netflix.discovery.DiscoveryClient DiscoveryClient_FEBS-AUTH/192.168.0.108:FEBS-Auth:8101: registering service...
2020-12-06 22:10:37 INFO  [FEBS-Auth,,,] Thread-20 org.springframework.scheduling.concurrent.ThreadPoolTaskExecutor Shutting down ExecutorService 'applicationTaskExecutor'
2020-12-06 22:10:37 INFO  [FEBS-Auth,,,] DiscoveryClient-InstanceInfoReplicator-0 org.apache.http.impl.client.DefaultHttpClient I/O exception (java.net.SocketException) caught when processing request to {}->http://127.0.0.1:8761: Software caused connection abort: socket write error
2020-12-06 22:10:37 INFO  [FEBS-Auth,,,] DiscoveryClient-InstanceInfoReplicator-0 org.apache.http.impl.client.DefaultHttpClient Retrying request to {}->http://127.0.0.1:8761
2020-12-06 22:10:38 INFO  [FEBS-Auth,,,] Thread-20 com.baomidou.dynamic.datasource.DynamicRoutingDataSource closing dynamicDatasource  ing....
2020-12-06 22:10:38 INFO  [FEBS-Auth,,,] Thread-20 com.zaxxer.hikari.HikariDataSource base - Shutdown initiated...
2020-12-06 22:10:38 INFO  [FEBS-Auth,,,] Thread-20 com.zaxxer.hikari.HikariDataSource base - Shutdown completed.
2020-12-06 22:10:38 INFO  [FEBS-Auth,,,] Thread-20 com.netflix.discovery.DiscoveryClient Shutting down DiscoveryClient ...
2020-12-06 22:10:41 INFO  [FEBS-Auth,,,] Thread-20 com.netflix.discovery.DiscoveryClient Unregistering ...
2020-12-06 22:10:43 INFO  [FEBS-Auth,,,] Thread-20 com.netflix.discovery.DiscoveryClient Completed shut down of DiscoveryClient
2020-12-06 22:12:53 INFO  [springAppName_IS_UNDEFINED,,,] main org.springframework.context.support.PostProcessorRegistrationDelegate$BeanPostProcessorChecker Bean 'org.springframework.cloud.autoconfigure.ConfigurationPropertiesRebinderAutoConfiguration' of type [org.springframework.cloud.autoconfigure.ConfigurationPropertiesRebinderAutoConfiguration$$EnhancerBySpringCGLIB$$79dd7fdd] is not eligible for getting processed by all BeanPostProcessors (for example: not eligible for auto-proxying)
2020-12-06 22:12:54 INFO  [FEBS-Auth,,,] main com.damu.febs.auth.FebsAuthApplication No active profile set, falling back to default profiles: default
2020-12-06 22:12:55 INFO  [FEBS-Auth,,,] main org.springframework.data.repository.config.RepositoryConfigurationDelegate Multiple Spring Data modules found, entering strict repository configuration mode!
2020-12-06 22:12:55 INFO  [FEBS-Auth,,,] main org.springframework.data.repository.config.RepositoryConfigurationDelegate Bootstrapping Spring Data repositories in DEFAULT mode.
2020-12-06 22:12:55 INFO  [FEBS-Auth,,,] main org.springframework.data.repository.config.RepositoryConfigurationDelegate Finished Spring Data repository scanning in 13ms. Found 0 repository interfaces.
2020-12-06 22:12:55 INFO  [FEBS-Auth,,,] main org.springframework.cloud.context.scope.GenericScope BeanFactory id=903d6bc1-8c9e-3a9b-a321-171a032052e2
2020-12-06 22:12:55 INFO  [FEBS-Auth,,,] main org.springframework.context.support.PostProcessorRegistrationDelegate$BeanPostProcessorChecker Bean 'org.springframework.transaction.annotation.ProxyTransactionManagementConfiguration' of type [org.springframework.transaction.annotation.ProxyTransactionManagementConfiguration$$EnhancerBySpringCGLIB$$5dc37ce0] is not eligible for getting processed by all BeanPostProcessors (for example: not eligible for auto-proxying)
2020-12-06 22:12:55 INFO  [FEBS-Auth,,,] main org.springframework.context.support.PostProcessorRegistrationDelegate$BeanPostProcessorChecker Bean 'spring.datasource.dynamic-com.baomidou.dynamic.datasource.spring.boot.autoconfigure.DynamicDataSourceProperties' of type [com.baomidou.dynamic.datasource.spring.boot.autoconfigure.DynamicDataSourceProperties] is not eligible for getting processed by all BeanPostProcessors (for example: not eligible for auto-proxying)
2020-12-06 22:12:55 INFO  [FEBS-Auth,,,] main org.springframework.context.support.PostProcessorRegistrationDelegate$BeanPostProcessorChecker Bean 'com.baomidou.dynamic.datasource.spring.boot.autoconfigure.DynamicDataSourceAutoConfiguration' of type [com.baomidou.dynamic.datasource.spring.boot.autoconfigure.DynamicDataSourceAutoConfiguration$$EnhancerBySpringCGLIB$$c751edb1] is not eligible for getting processed by all BeanPostProcessors (for example: not eligible for auto-proxying)
2020-12-06 22:12:55 INFO  [FEBS-Auth,,,] main org.springframework.context.support.PostProcessorRegistrationDelegate$BeanPostProcessorChecker Bean 'dsProcessor' of type [com.baomidou.dynamic.datasource.processor.DsHeaderProcessor] is not eligible for getting processed by all BeanPostProcessors (for example: not eligible for auto-proxying)
2020-12-06 22:12:55 INFO  [FEBS-Auth,,,] main org.springframework.context.support.PostProcessorRegistrationDelegate$BeanPostProcessorChecker Bean 'dynamicDatasourceAnnotationAdvisor' of type [com.baomidou.dynamic.datasource.aop.DynamicDataSourceAnnotationAdvisor] is not eligible for getting processed by all BeanPostProcessors (for example: not eligible for auto-proxying)
2020-12-06 22:12:55 INFO  [FEBS-Auth,,,] main org.springframework.context.support.PostProcessorRegistrationDelegate$BeanPostProcessorChecker Bean 'org.springframework.cloud.autoconfigure.ConfigurationPropertiesRebinderAutoConfiguration' of type [org.springframework.cloud.autoconfigure.ConfigurationPropertiesRebinderAutoConfiguration$$EnhancerBySpringCGLIB$$79dd7fdd] is not eligible for getting processed by all BeanPostProcessors (for example: not eligible for auto-proxying)
2020-12-06 22:12:55 INFO  [FEBS-Auth,,,] main org.springframework.boot.web.embedded.tomcat.TomcatWebServer Tomcat initialized with port(s): 8101 (http)
2020-12-06 22:12:55 INFO  [FEBS-Auth,,,] main org.apache.coyote.http11.Http11NioProtocol Initializing ProtocolHandler ["http-nio-8101"]
2020-12-06 22:12:55 INFO  [FEBS-Auth,,,] main org.apache.catalina.core.StandardService Starting service [Tomcat]
2020-12-06 22:12:55 INFO  [FEBS-Auth,,,] main org.apache.catalina.core.StandardEngine Starting Servlet engine: [Apache Tomcat/9.0.21]
2020-12-06 22:12:55 INFO  [FEBS-Auth,,,] main org.apache.catalina.core.ContainerBase.[Tomcat].[localhost].[/] Initializing Spring embedded WebApplicationContext
2020-12-06 22:12:55 INFO  [FEBS-Auth,,,] main org.springframework.web.context.ContextLoader Root WebApplicationContext: initialization completed in 1327 ms
2020-12-06 22:12:55 INFO  [FEBS-Auth,,,] main com.netflix.config.sources.URLConfigurationSource To enable URLs as dynamic configuration sources, define System property archaius.configurationSource.additionalUrls or make config.properties available on classpath.
2020-12-06 22:12:55 INFO  [FEBS-Auth,,,] main com.netflix.config.DynamicPropertyFactory DynamicPropertyFactory is initialized with configuration sources: com.netflix.config.ConcurrentCompositeConfiguration@7c901203
2020-12-06 22:12:55 INFO  [FEBS-Auth,,,] main com.zaxxer.hikari.HikariDataSource base - Starting...
2020-12-06 22:12:56 INFO  [FEBS-Auth,,,] main com.zaxxer.hikari.HikariDataSource base - Start completed.
2020-12-06 22:12:56 INFO  [FEBS-Auth,,,] main com.baomidou.dynamic.datasource.DynamicRoutingDataSource 初始共加载 1 个数据源
2020-12-06 22:12:56 INFO  [FEBS-Auth,,,] main com.baomidou.dynamic.datasource.DynamicRoutingDataSource 动态数据源-加载 base 成功
2020-12-06 22:12:56 INFO  [FEBS-Auth,,,] main com.baomidou.dynamic.datasource.DynamicRoutingDataSource 当前的默认数据源是单数据源，数据源名为 base
2020-12-06 22:12:57 INFO  [FEBS-Auth,,,] main org.springframework.security.web.DefaultSecurityFilterChain Creating filter chain: OrRequestMatcher [requestMatchers=[Ant [pattern='/oauth/token'], Ant [pattern='/oauth/token_key'], Ant [pattern='/oauth/check_token']]], [org.springframework.security.web.context.request.async.WebAsyncManagerIntegrationFilter@64d53f0d, org.springframework.security.web.context.SecurityContextPersistenceFilter@5340ccb9, org.springframework.security.web.header.HeaderWriterFilter@79b4cff, org.springframework.security.web.authentication.logout.LogoutFilter@35c00c, org.springframework.security.web.authentication.www.BasicAuthenticationFilter@6c8ad6d7, org.springframework.security.web.savedrequest.RequestCacheAwareFilter@2bc8caa7, org.springframework.security.web.servletapi.SecurityContextHolderAwareRequestFilter@57cff804, org.springframework.security.web.authentication.AnonymousAuthenticationFilter@1b10f60e, org.springframework.security.web.session.SessionManagementFilter@104cfb24, org.springframework.security.web.access.ExceptionTranslationFilter@fe156f4, org.springframework.security.web.access.intercept.FilterSecurityInterceptor@637506d8]
2020-12-06 22:12:57 INFO  [FEBS-Auth,,,] main org.springframework.security.web.DefaultSecurityFilterChain Creating filter chain: OrRequestMatcher [requestMatchers=[Ant [pattern='/oauth/**']]], [org.springframework.security.web.context.request.async.WebAsyncManagerIntegrationFilter@5bba9949, org.springframework.security.web.context.SecurityContextPersistenceFilter@69419d59, org.springframework.security.web.header.HeaderWriterFilter@186d6033, org.springframework.security.web.authentication.logout.LogoutFilter@2337bf27, com.damu.febs.auth.filter.ValidateCodeFilter@bcfe29c, org.springframework.security.web.savedrequest.RequestCacheAwareFilter@7affee54, org.springframework.security.web.servletapi.SecurityContextHolderAwareRequestFilter@96075c0, org.springframework.security.web.authentication.AnonymousAuthenticationFilter@147059f8, org.springframework.security.web.session.SessionManagementFilter@5c0ece6d, org.springframework.security.web.access.ExceptionTranslationFilter@20b67366, org.springframework.security.web.access.intercept.FilterSecurityInterceptor@57e57dc5]
2020-12-06 22:12:57 INFO  [FEBS-Auth,,,] main org.springframework.security.web.DefaultSecurityFilterChain Creating filter chain: OrRequestMatcher [requestMatchers=[Ant [pattern='/**']]], [org.springframework.security.web.context.request.async.WebAsyncManagerIntegrationFilter@c29b0dc, org.springframework.security.web.context.SecurityContextPersistenceFilter@3a239dac, org.springframework.security.web.header.HeaderWriterFilter@21ce2e4d, org.springframework.security.web.authentication.logout.LogoutFilter@1479ed5a, org.springframework.security.oauth2.provider.authentication.OAuth2AuthenticationProcessingFilter@17dbca0a, org.springframework.security.web.authentication.www.BasicAuthenticationFilter@54d2f5d3, org.springframework.security.web.savedrequest.RequestCacheAwareFilter@759f45f1, org.springframework.security.web.servletapi.SecurityContextHolderAwareRequestFilter@2573b149, org.springframework.security.web.authentication.AnonymousAuthenticationFilter@228958a, org.springframework.security.web.session.SessionManagementFilter@3921135e, org.springframework.security.web.access.ExceptionTranslationFilter@7bd694a5, org.springframework.security.web.access.intercept.FilterSecurityInterceptor@7b8fcdf2]
2020-12-06 22:12:57 INFO  [FEBS-Auth,,,] main com.netflix.config.sources.URLConfigurationSource To enable URLs as dynamic configuration sources, define System property archaius.configurationSource.additionalUrls or make config.properties available on classpath.
2020-12-06 22:12:57 INFO  [FEBS-Auth,,,] main org.springframework.scheduling.concurrent.ThreadPoolTaskExecutor Initializing ExecutorService 'applicationTaskExecutor'
2020-12-06 22:12:58 INFO  [FEBS-Auth,,,] main org.springframework.boot.actuate.endpoint.web.EndpointLinksResolver Exposing 2 endpoint(s) beneath base path '/actuator'
2020-12-06 22:12:58 INFO  [FEBS-Auth,,,] main org.springframework.cloud.netflix.eureka.InstanceInfoFactory Setting initial instance status as: STARTING
2020-12-06 22:12:58 INFO  [FEBS-Auth,,,] main com.netflix.discovery.DiscoveryClient Initializing Eureka in region us-east-1
2020-12-06 22:12:58 INFO  [FEBS-Auth,,,] main com.netflix.discovery.provider.DiscoveryJerseyProvider Using JSON encoding codec LegacyJacksonJson
2020-12-06 22:12:58 INFO  [FEBS-Auth,,,] main com.netflix.discovery.provider.DiscoveryJerseyProvider Using JSON decoding codec LegacyJacksonJson
2020-12-06 22:12:59 INFO  [FEBS-Auth,,,] main com.netflix.discovery.provider.DiscoveryJerseyProvider Using XML encoding codec XStreamXml
2020-12-06 22:12:59 INFO  [FEBS-Auth,,,] main com.netflix.discovery.provider.DiscoveryJerseyProvider Using XML decoding codec XStreamXml
2020-12-06 22:12:59 INFO  [FEBS-Auth,,,] main com.netflix.discovery.shared.resolver.aws.ConfigClusterResolver Resolving eureka endpoints via configuration
2020-12-06 22:12:59 INFO  [FEBS-Auth,,,] main com.netflix.discovery.DiscoveryClient Disable delta property : false
2020-12-06 22:12:59 INFO  [FEBS-Auth,,,] main com.netflix.discovery.DiscoveryClient Single vip registry refresh property : null
2020-12-06 22:12:59 INFO  [FEBS-Auth,,,] main com.netflix.discovery.DiscoveryClient Force full registry fetch : false
2020-12-06 22:12:59 INFO  [FEBS-Auth,,,] main com.netflix.discovery.DiscoveryClient Application is null : false
2020-12-06 22:12:59 INFO  [FEBS-Auth,,,] main com.netflix.discovery.DiscoveryClient Registered Applications size is zero : true
2020-12-06 22:12:59 INFO  [FEBS-Auth,,,] main com.netflix.discovery.DiscoveryClient Application version is -1: true
2020-12-06 22:12:59 INFO  [FEBS-Auth,,,] main com.netflix.discovery.DiscoveryClient Getting all instance registry info from the eureka server
2020-12-06 22:12:59 INFO  [FEBS-Auth,,,] main com.netflix.discovery.DiscoveryClient The response status is 200
2020-12-06 22:12:59 INFO  [FEBS-Auth,,,] main com.netflix.discovery.DiscoveryClient Starting heartbeat executor: renew interval is: 20
2020-12-06 22:12:59 INFO  [FEBS-Auth,,,] main com.netflix.discovery.InstanceInfoReplicator InstanceInfoReplicator onDemand update allowed rate per min is 4
2020-12-06 22:12:59 INFO  [FEBS-Auth,,,] main com.netflix.discovery.DiscoveryClient Discovery Client initialized at timestamp 1607263979614 with initial instances count: 0
2020-12-06 22:12:59 INFO  [FEBS-Auth,,,] main org.springframework.cloud.netflix.eureka.serviceregistry.EurekaServiceRegistry Registering application FEBS-AUTH with eureka with status UP
2020-12-06 22:12:59 INFO  [FEBS-Auth,,,] main com.netflix.discovery.DiscoveryClient Saw local status change event StatusChangeEvent [timestamp=1607263979617, current=UP, previous=STARTING]
2020-12-06 22:12:59 INFO  [FEBS-Auth,,,] DiscoveryClient-InstanceInfoReplicator-0 com.netflix.discovery.DiscoveryClient DiscoveryClient_FEBS-AUTH/192.168.0.108:FEBS-Auth:8101: registering service...
2020-12-06 22:12:59 INFO  [FEBS-Auth,,,] main org.apache.coyote.http11.Http11NioProtocol Starting ProtocolHandler ["http-nio-8101"]
2020-12-06 22:12:59 INFO  [FEBS-Auth,,,] main org.springframework.boot.web.embedded.tomcat.TomcatWebServer Tomcat started on port(s): 8101 (http) with context path ''
2020-12-06 22:12:59 INFO  [FEBS-Auth,,,] main org.springframework.cloud.netflix.eureka.serviceregistry.EurekaAutoServiceRegistration Updating port to 8101
2020-12-06 22:12:59 INFO  [FEBS-Auth,,,] main com.damu.febs.auth.FebsAuthApplication Started FebsAuthApplication in 6.611 seconds (JVM running for 7.392)
2020-12-06 22:12:59 INFO  [FEBS-Auth,,,] DiscoveryClient-InstanceInfoReplicator-0 com.netflix.discovery.DiscoveryClient DiscoveryClient_FEBS-AUTH/192.168.0.108:FEBS-Auth:8101 - registration status: 204
2020-12-06 22:12:59 INFO  [FEBS-Auth,,,] RMI TCP Connection(2)-127.0.0.1 org.apache.catalina.core.ContainerBase.[Tomcat].[localhost].[/] Initializing Spring DispatcherServlet 'dispatcherServlet'
2020-12-06 22:12:59 INFO  [FEBS-Auth,,,] RMI TCP Connection(2)-127.0.0.1 org.springframework.web.servlet.DispatcherServlet Initializing Servlet 'dispatcherServlet'
2020-12-06 22:12:59 INFO  [FEBS-Auth,,,] RMI TCP Connection(2)-127.0.0.1 org.springframework.web.servlet.DispatcherServlet Completed initialization in 7 ms
2020-12-06 22:13:00 INFO  [FEBS-Auth,,,] parallel-1 io.lettuce.core.EpollProvider Starting without optional epoll library
2020-12-06 22:13:00 INFO  [FEBS-Auth,,,] parallel-1 io.lettuce.core.KqueueProvider Starting without optional kqueue library
2020-12-06 22:13:02 INFO  [FEBS-Auth,,,] DiscoveryClient-CacheRefreshExecutor-0 com.netflix.discovery.DiscoveryClient Disable delta property : false
2020-12-06 22:13:02 INFO  [FEBS-Auth,,,] DiscoveryClient-CacheRefreshExecutor-0 com.netflix.discovery.DiscoveryClient Single vip registry refresh property : null
2020-12-06 22:13:02 INFO  [FEBS-Auth,,,] DiscoveryClient-CacheRefreshExecutor-0 com.netflix.discovery.DiscoveryClient Force full registry fetch : false
2020-12-06 22:13:02 INFO  [FEBS-Auth,,,] DiscoveryClient-CacheRefreshExecutor-0 com.netflix.discovery.DiscoveryClient Application is null : false
2020-12-06 22:13:02 INFO  [FEBS-Auth,,,] DiscoveryClient-CacheRefreshExecutor-0 com.netflix.discovery.DiscoveryClient Registered Applications size is zero : true
2020-12-06 22:13:02 INFO  [FEBS-Auth,,,] DiscoveryClient-CacheRefreshExecutor-0 com.netflix.discovery.DiscoveryClient Application version is -1: false
2020-12-06 22:13:02 INFO  [FEBS-Auth,,,] DiscoveryClient-CacheRefreshExecutor-0 com.netflix.discovery.DiscoveryClient Getting all instance registry info from the eureka server
2020-12-06 22:13:02 INFO  [FEBS-Auth,,,] DiscoveryClient-CacheRefreshExecutor-0 com.netflix.discovery.DiscoveryClient The response status is 200
2020-12-06 22:17:59 INFO  [FEBS-Auth,,,] AsyncResolver-bootstrap-executor-0 com.netflix.discovery.shared.resolver.aws.ConfigClusterResolver Resolving eureka endpoints via configuration
2020-12-06 22:22:59 INFO  [FEBS-Auth,,,] AsyncResolver-bootstrap-executor-0 com.netflix.discovery.shared.resolver.aws.ConfigClusterResolver Resolving eureka endpoints via configuration
2020-12-06 22:24:35 INFO  [FEBS-Auth,,,] Thread-19 org.springframework.cloud.netflix.eureka.serviceregistry.EurekaServiceRegistry Unregistering application FEBS-AUTH with eureka with status DOWN
2020-12-06 22:24:35 INFO  [FEBS-Auth,,,] DiscoveryClient-InstanceInfoReplicator-0 com.netflix.discovery.DiscoveryClient DiscoveryClient_FEBS-AUTH/192.168.0.108:FEBS-Auth:8101: registering service...
2020-12-06 22:24:35 INFO  [FEBS-Auth,,,] Thread-19 org.springframework.scheduling.concurrent.ThreadPoolTaskExecutor Shutting down ExecutorService 'applicationTaskExecutor'
2020-12-06 22:24:35 INFO  [FEBS-Auth,,,] DiscoveryClient-InstanceInfoReplicator-0 com.netflix.discovery.DiscoveryClient DiscoveryClient_FEBS-AUTH/192.168.0.108:FEBS-Auth:8101 - registration status: 204
2020-12-06 22:24:36 INFO  [FEBS-Auth,,,] Thread-19 com.baomidou.dynamic.datasource.DynamicRoutingDataSource closing dynamicDatasource  ing....
2020-12-06 22:24:36 INFO  [FEBS-Auth,,,] Thread-19 com.zaxxer.hikari.HikariDataSource base - Shutdown initiated...
2020-12-06 22:24:36 INFO  [FEBS-Auth,,,] Thread-19 com.zaxxer.hikari.HikariDataSource base - Shutdown completed.
2020-12-06 22:24:36 INFO  [FEBS-Auth,,,] Thread-19 com.netflix.discovery.DiscoveryClient Shutting down DiscoveryClient ...
2020-12-06 22:24:39 INFO  [FEBS-Auth,,,] Thread-19 com.netflix.discovery.DiscoveryClient Unregistering ...
2020-12-06 22:24:39 INFO  [FEBS-Auth,,,] Thread-19 com.netflix.discovery.DiscoveryClient DiscoveryClient_FEBS-AUTH/192.168.0.108:FEBS-Auth:8101 - deregister  status: 200
2020-12-06 22:24:39 INFO  [FEBS-Auth,,,] Thread-19 com.netflix.discovery.DiscoveryClient Completed shut down of DiscoveryClient
2020-12-06 22:24:42 INFO  [springAppName_IS_UNDEFINED,,,] main org.springframework.context.support.PostProcessorRegistrationDelegate$BeanPostProcessorChecker Bean 'org.springframework.cloud.autoconfigure.ConfigurationPropertiesRebinderAutoConfiguration' of type [org.springframework.cloud.autoconfigure.ConfigurationPropertiesRebinderAutoConfiguration$$EnhancerBySpringCGLIB$$666d69ea] is not eligible for getting processed by all BeanPostProcessors (for example: not eligible for auto-proxying)
2020-12-06 22:24:42 INFO  [FEBS-Auth,,,] main com.damu.febs.auth.FebsAuthApplication No active profile set, falling back to default profiles: default
2020-12-06 22:24:43 INFO  [FEBS-Auth,,,] main org.springframework.data.repository.config.RepositoryConfigurationDelegate Multiple Spring Data modules found, entering strict repository configuration mode!
2020-12-06 22:24:43 INFO  [FEBS-Auth,,,] main org.springframework.data.repository.config.RepositoryConfigurationDelegate Bootstrapping Spring Data repositories in DEFAULT mode.
2020-12-06 22:24:43 INFO  [FEBS-Auth,,,] main org.springframework.data.repository.config.RepositoryConfigurationDelegate Finished Spring Data repository scanning in 14ms. Found 0 repository interfaces.
2020-12-06 22:24:43 INFO  [FEBS-Auth,,,] main org.springframework.cloud.context.scope.GenericScope BeanFactory id=903d6bc1-8c9e-3a9b-a321-171a032052e2
2020-12-06 22:24:43 INFO  [FEBS-Auth,,,] main org.springframework.context.support.PostProcessorRegistrationDelegate$BeanPostProcessorChecker Bean 'org.springframework.transaction.annotation.ProxyTransactionManagementConfiguration' of type [org.springframework.transaction.annotation.ProxyTransactionManagementConfiguration$$EnhancerBySpringCGLIB$$4a5366ed] is not eligible for getting processed by all BeanPostProcessors (for example: not eligible for auto-proxying)
2020-12-06 22:24:43 INFO  [FEBS-Auth,,,] main org.springframework.context.support.PostProcessorRegistrationDelegate$BeanPostProcessorChecker Bean 'spring.datasource.dynamic-com.baomidou.dynamic.datasource.spring.boot.autoconfigure.DynamicDataSourceProperties' of type [com.baomidou.dynamic.datasource.spring.boot.autoconfigure.DynamicDataSourceProperties] is not eligible for getting processed by all BeanPostProcessors (for example: not eligible for auto-proxying)
2020-12-06 22:24:43 INFO  [FEBS-Auth,,,] main org.springframework.context.support.PostProcessorRegistrationDelegate$BeanPostProcessorChecker Bean 'com.baomidou.dynamic.datasource.spring.boot.autoconfigure.DynamicDataSourceAutoConfiguration' of type [com.baomidou.dynamic.datasource.spring.boot.autoconfigure.DynamicDataSourceAutoConfiguration$$EnhancerBySpringCGLIB$$b3e1d7be] is not eligible for getting processed by all BeanPostProcessors (for example: not eligible for auto-proxying)
2020-12-06 22:24:43 INFO  [FEBS-Auth,,,] main org.springframework.context.support.PostProcessorRegistrationDelegate$BeanPostProcessorChecker Bean 'dsProcessor' of type [com.baomidou.dynamic.datasource.processor.DsHeaderProcessor] is not eligible for getting processed by all BeanPostProcessors (for example: not eligible for auto-proxying)
2020-12-06 22:24:43 INFO  [FEBS-Auth,,,] main org.springframework.context.support.PostProcessorRegistrationDelegate$BeanPostProcessorChecker Bean 'dynamicDatasourceAnnotationAdvisor' of type [com.baomidou.dynamic.datasource.aop.DynamicDataSourceAnnotationAdvisor] is not eligible for getting processed by all BeanPostProcessors (for example: not eligible for auto-proxying)
2020-12-06 22:24:43 INFO  [FEBS-Auth,,,] main org.springframework.context.support.PostProcessorRegistrationDelegate$BeanPostProcessorChecker Bean 'org.springframework.cloud.autoconfigure.ConfigurationPropertiesRebinderAutoConfiguration' of type [org.springframework.cloud.autoconfigure.ConfigurationPropertiesRebinderAutoConfiguration$$EnhancerBySpringCGLIB$$666d69ea] is not eligible for getting processed by all BeanPostProcessors (for example: not eligible for auto-proxying)
2020-12-06 22:24:43 INFO  [FEBS-Auth,,,] main org.springframework.boot.web.embedded.tomcat.TomcatWebServer Tomcat initialized with port(s): 8101 (http)
2020-12-06 22:24:43 INFO  [FEBS-Auth,,,] main org.apache.coyote.http11.Http11NioProtocol Initializing ProtocolHandler ["http-nio-8101"]
2020-12-06 22:24:43 INFO  [FEBS-Auth,,,] main org.apache.catalina.core.StandardService Starting service [Tomcat]
2020-12-06 22:24:43 INFO  [FEBS-Auth,,,] main org.apache.catalina.core.StandardEngine Starting Servlet engine: [Apache Tomcat/9.0.21]
2020-12-06 22:24:43 INFO  [FEBS-Auth,,,] main org.apache.catalina.core.ContainerBase.[Tomcat].[localhost].[/] Initializing Spring embedded WebApplicationContext
2020-12-06 22:24:43 INFO  [FEBS-Auth,,,] main org.springframework.web.context.ContextLoader Root WebApplicationContext: initialization completed in 1245 ms
2020-12-06 22:24:44 INFO  [FEBS-Auth,,,] main com.netflix.config.sources.URLConfigurationSource To enable URLs as dynamic configuration sources, define System property archaius.configurationSource.additionalUrls or make config.properties available on classpath.
2020-12-06 22:24:44 INFO  [FEBS-Auth,,,] main com.netflix.config.DynamicPropertyFactory DynamicPropertyFactory is initialized with configuration sources: com.netflix.config.ConcurrentCompositeConfiguration@2f4d01b6
2020-12-06 22:24:44 INFO  [FEBS-Auth,,,] main com.zaxxer.hikari.HikariDataSource base - Starting...
2020-12-06 22:24:44 INFO  [FEBS-Auth,,,] main com.zaxxer.hikari.HikariDataSource base - Start completed.
2020-12-06 22:24:44 INFO  [FEBS-Auth,,,] main com.baomidou.dynamic.datasource.DynamicRoutingDataSource 初始共加载 1 个数据源
2020-12-06 22:24:44 INFO  [FEBS-Auth,,,] main com.baomidou.dynamic.datasource.DynamicRoutingDataSource 动态数据源-加载 base 成功
2020-12-06 22:24:44 INFO  [FEBS-Auth,,,] main com.baomidou.dynamic.datasource.DynamicRoutingDataSource 当前的默认数据源是单数据源，数据源名为 base
2020-12-06 22:24:45 INFO  [FEBS-Auth,,,] main org.springframework.security.web.DefaultSecurityFilterChain Creating filter chain: OrRequestMatcher [requestMatchers=[Ant [pattern='/oauth/token'], Ant [pattern='/oauth/token_key'], Ant [pattern='/oauth/check_token']]], [org.springframework.security.web.context.request.async.WebAsyncManagerIntegrationFilter@6c8672b9, org.springframework.security.web.context.SecurityContextPersistenceFilter@6cf3b3d7, org.springframework.security.web.header.HeaderWriterFilter@5cb76070, org.springframework.security.web.authentication.logout.LogoutFilter@3bc18fec, org.springframework.security.web.authentication.www.BasicAuthenticationFilter@654cb30c, org.springframework.security.web.savedrequest.RequestCacheAwareFilter@55c20a91, org.springframework.security.web.servletapi.SecurityContextHolderAwareRequestFilter@38a27ace, org.springframework.security.web.authentication.AnonymousAuthenticationFilter@dd77e0d, org.springframework.security.web.session.SessionManagementFilter@b2e1df3, org.springframework.security.web.access.ExceptionTranslationFilter@77401977, org.springframework.security.web.access.intercept.FilterSecurityInterceptor@66589252]
2020-12-06 22:24:45 INFO  [FEBS-Auth,,,] main org.springframework.security.web.DefaultSecurityFilterChain Creating filter chain: OrRequestMatcher [requestMatchers=[Ant [pattern='/oauth/**']]], [org.springframework.security.web.context.request.async.WebAsyncManagerIntegrationFilter@3966c679, org.springframework.security.web.context.SecurityContextPersistenceFilter@3aed692d, org.springframework.security.web.header.HeaderWriterFilter@1e5e3147, org.springframework.security.web.authentication.logout.LogoutFilter@25b83dce, com.damu.febs.auth.filter.ValidateCodeFilter@64eeddd8, org.springframework.security.web.savedrequest.RequestCacheAwareFilter@4eec5fa6, org.springframework.security.web.servletapi.SecurityContextHolderAwareRequestFilter@21579b35, org.springframework.security.web.authentication.AnonymousAuthenticationFilter@66a99584, org.springframework.security.web.session.SessionManagementFilter@3c271988, org.springframework.security.web.access.ExceptionTranslationFilter@7e514482, org.springframework.security.web.access.intercept.FilterSecurityInterceptor@21d15932]
2020-12-06 22:24:45 INFO  [FEBS-Auth,,,] main org.springframework.security.web.DefaultSecurityFilterChain Creating filter chain: OrRequestMatcher [requestMatchers=[Ant [pattern='/**']]], [org.springframework.security.web.context.request.async.WebAsyncManagerIntegrationFilter@6d946eee, org.springframework.security.web.context.SecurityContextPersistenceFilter@5c7e55a4, org.springframework.security.web.header.HeaderWriterFilter@5d04fbb7, org.springframework.security.web.authentication.logout.LogoutFilter@43f7f48d, org.springframework.security.oauth2.provider.authentication.OAuth2AuthenticationProcessingFilter@2cbc2db2, org.springframework.security.web.authentication.www.BasicAuthenticationFilter@121dac1a, org.springframework.security.web.savedrequest.RequestCacheAwareFilter@7ae6927, org.springframework.security.web.servletapi.SecurityContextHolderAwareRequestFilter@7d0df326, org.springframework.security.web.authentication.AnonymousAuthenticationFilter@23dc70c1, org.springframework.security.web.session.SessionManagementFilter@da67c46, org.springframework.security.web.access.ExceptionTranslationFilter@a6a2c20, org.springframework.security.web.access.intercept.FilterSecurityInterceptor@5a654e05]
2020-12-06 22:24:45 INFO  [FEBS-Auth,,,] main com.netflix.config.sources.URLConfigurationSource To enable URLs as dynamic configuration sources, define System property archaius.configurationSource.additionalUrls or make config.properties available on classpath.
2020-12-06 22:24:46 INFO  [FEBS-Auth,,,] main org.springframework.scheduling.concurrent.ThreadPoolTaskExecutor Initializing ExecutorService 'applicationTaskExecutor'
2020-12-06 22:24:46 INFO  [FEBS-Auth,,,] main org.springframework.boot.actuate.endpoint.web.EndpointLinksResolver Exposing 2 endpoint(s) beneath base path '/actuator'
2020-12-06 22:24:46 INFO  [FEBS-Auth,,,] main org.springframework.cloud.netflix.eureka.InstanceInfoFactory Setting initial instance status as: STARTING
2020-12-06 22:24:47 INFO  [FEBS-Auth,,,] main com.netflix.discovery.DiscoveryClient Initializing Eureka in region us-east-1
2020-12-06 22:24:47 INFO  [FEBS-Auth,,,] main com.netflix.discovery.provider.DiscoveryJerseyProvider Using JSON encoding codec LegacyJacksonJson
2020-12-06 22:24:47 INFO  [FEBS-Auth,,,] main com.netflix.discovery.provider.DiscoveryJerseyProvider Using JSON decoding codec LegacyJacksonJson
2020-12-06 22:24:47 INFO  [FEBS-Auth,,,] main com.netflix.discovery.provider.DiscoveryJerseyProvider Using XML encoding codec XStreamXml
2020-12-06 22:24:47 INFO  [FEBS-Auth,,,] main com.netflix.discovery.provider.DiscoveryJerseyProvider Using XML decoding codec XStreamXml
2020-12-06 22:24:47 INFO  [FEBS-Auth,,,] main com.netflix.discovery.shared.resolver.aws.ConfigClusterResolver Resolving eureka endpoints via configuration
2020-12-06 22:24:47 INFO  [FEBS-Auth,,,] main com.netflix.discovery.DiscoveryClient Disable delta property : false
2020-12-06 22:24:47 INFO  [FEBS-Auth,,,] main com.netflix.discovery.DiscoveryClient Single vip registry refresh property : null
2020-12-06 22:24:47 INFO  [FEBS-Auth,,,] main com.netflix.discovery.DiscoveryClient Force full registry fetch : false
2020-12-06 22:24:47 INFO  [FEBS-Auth,,,] main com.netflix.discovery.DiscoveryClient Application is null : false
2020-12-06 22:24:47 INFO  [FEBS-Auth,,,] main com.netflix.discovery.DiscoveryClient Registered Applications size is zero : true
2020-12-06 22:24:47 INFO  [FEBS-Auth,,,] main com.netflix.discovery.DiscoveryClient Application version is -1: true
2020-12-06 22:24:47 INFO  [FEBS-Auth,,,] main com.netflix.discovery.DiscoveryClient Getting all instance registry info from the eureka server
2020-12-06 22:24:47 INFO  [FEBS-Auth,,,] main com.netflix.discovery.DiscoveryClient The response status is 200
2020-12-06 22:24:47 INFO  [FEBS-Auth,,,] main com.netflix.discovery.DiscoveryClient Starting heartbeat executor: renew interval is: 20
2020-12-06 22:24:47 INFO  [FEBS-Auth,,,] main com.netflix.discovery.InstanceInfoReplicator InstanceInfoReplicator onDemand update allowed rate per min is 4
2020-12-06 22:24:47 INFO  [FEBS-Auth,,,] main com.netflix.discovery.DiscoveryClient Discovery Client initialized at timestamp 1607264687625 with initial instances count: 1
2020-12-06 22:24:47 INFO  [FEBS-Auth,,,] main org.springframework.cloud.netflix.eureka.serviceregistry.EurekaServiceRegistry Registering application FEBS-AUTH with eureka with status UP
2020-12-06 22:24:47 INFO  [FEBS-Auth,,,] main com.netflix.discovery.DiscoveryClient Saw local status change event StatusChangeEvent [timestamp=1607264687627, current=UP, previous=STARTING]
2020-12-06 22:24:47 INFO  [FEBS-Auth,,,] DiscoveryClient-InstanceInfoReplicator-0 com.netflix.discovery.DiscoveryClient DiscoveryClient_FEBS-AUTH/192.168.0.108:FEBS-Auth:8101: registering service...
2020-12-06 22:24:47 INFO  [FEBS-Auth,,,] main org.apache.coyote.http11.Http11NioProtocol Starting ProtocolHandler ["http-nio-8101"]
2020-12-06 22:24:47 INFO  [FEBS-Auth,,,] DiscoveryClient-InstanceInfoReplicator-0 com.netflix.discovery.DiscoveryClient DiscoveryClient_FEBS-AUTH/192.168.0.108:FEBS-Auth:8101 - registration status: 204
2020-12-06 22:24:47 INFO  [FEBS-Auth,,,] main org.springframework.boot.web.embedded.tomcat.TomcatWebServer Tomcat started on port(s): 8101 (http) with context path ''
2020-12-06 22:24:47 INFO  [FEBS-Auth,,,] main org.springframework.cloud.netflix.eureka.serviceregistry.EurekaAutoServiceRegistration Updating port to 8101
2020-12-06 22:24:47 INFO  [FEBS-Auth,,,] main com.damu.febs.auth.FebsAuthApplication Started FebsAuthApplication in 6.258 seconds (JVM running for 6.959)
2020-12-06 22:24:47 INFO  [FEBS-Auth,,,] RMI TCP Connection(4)-127.0.0.1 org.apache.catalina.core.ContainerBase.[Tomcat].[localhost].[/] Initializing Spring DispatcherServlet 'dispatcherServlet'
2020-12-06 22:24:47 INFO  [FEBS-Auth,,,] RMI TCP Connection(4)-127.0.0.1 org.springframework.web.servlet.DispatcherServlet Initializing Servlet 'dispatcherServlet'
2020-12-06 22:24:47 INFO  [FEBS-Auth,,,] RMI TCP Connection(4)-127.0.0.1 org.springframework.web.servlet.DispatcherServlet Completed initialization in 7 ms
2020-12-06 22:24:47 INFO  [FEBS-Auth,,,] parallel-1 io.lettuce.core.EpollProvider Starting without optional epoll library
2020-12-06 22:24:47 INFO  [FEBS-Auth,,,] parallel-1 io.lettuce.core.KqueueProvider Starting without optional kqueue library
2020-12-06 22:29:47 INFO  [FEBS-Auth,,,] AsyncResolver-bootstrap-executor-0 com.netflix.discovery.shared.resolver.aws.ConfigClusterResolver Resolving eureka endpoints via configuration
2020-12-06 22:34:47 INFO  [FEBS-Auth,,,] AsyncResolver-bootstrap-executor-0 com.netflix.discovery.shared.resolver.aws.ConfigClusterResolver Resolving eureka endpoints via configuration
2020-12-06 22:39:47 INFO  [FEBS-Auth,,,] AsyncResolver-bootstrap-executor-0 com.netflix.discovery.shared.resolver.aws.ConfigClusterResolver Resolving eureka endpoints via configuration
2020-12-06 22:44:47 INFO  [FEBS-Auth,,,] AsyncResolver-bootstrap-executor-0 com.netflix.discovery.shared.resolver.aws.ConfigClusterResolver Resolving eureka endpoints via configuration
2020-12-06 22:49:47 INFO  [FEBS-Auth,,,] AsyncResolver-bootstrap-executor-0 com.netflix.discovery.shared.resolver.aws.ConfigClusterResolver Resolving eureka endpoints via configuration
2020-12-06 22:54:47 INFO  [FEBS-Auth,,,] AsyncResolver-bootstrap-executor-0 com.netflix.discovery.shared.resolver.aws.ConfigClusterResolver Resolving eureka endpoints via configuration
2020-12-06 22:59:47 INFO  [FEBS-Auth,,,] AsyncResolver-bootstrap-executor-0 com.netflix.discovery.shared.resolver.aws.ConfigClusterResolver Resolving eureka endpoints via configuration
2020-12-06 23:04:47 INFO  [FEBS-Auth,,,] AsyncResolver-bootstrap-executor-0 com.netflix.discovery.shared.resolver.aws.ConfigClusterResolver Resolving eureka endpoints via configuration
2020-12-06 23:09:47 INFO  [FEBS-Auth,,,] AsyncResolver-bootstrap-executor-0 com.netflix.discovery.shared.resolver.aws.ConfigClusterResolver Resolving eureka endpoints via configuration
2020-12-06 23:14:47 INFO  [FEBS-Auth,,,] AsyncResolver-bootstrap-executor-0 com.netflix.discovery.shared.resolver.aws.ConfigClusterResolver Resolving eureka endpoints via configuration
2020-12-06 23:19:47 INFO  [FEBS-Auth,,,] AsyncResolver-bootstrap-executor-0 com.netflix.discovery.shared.resolver.aws.ConfigClusterResolver Resolving eureka endpoints via configuration
2020-12-06 23:24:47 INFO  [FEBS-Auth,,,] AsyncResolver-bootstrap-executor-0 com.netflix.discovery.shared.resolver.aws.ConfigClusterResolver Resolving eureka endpoints via configuration
2020-12-06 23:25:52 INFO  [FEBS-Auth,,,] Thread-18 org.springframework.cloud.netflix.eureka.serviceregistry.EurekaServiceRegistry Unregistering application FEBS-AUTH with eureka with status DOWN
2020-12-06 23:25:52 INFO  [FEBS-Auth,,,] DiscoveryClient-InstanceInfoReplicator-0 com.netflix.discovery.DiscoveryClient DiscoveryClient_FEBS-AUTH/192.168.0.108:FEBS-Auth:8101: registering service...
2020-12-06 23:25:52 INFO  [FEBS-Auth,,,] Thread-18 org.springframework.scheduling.concurrent.ThreadPoolTaskExecutor Shutting down ExecutorService 'applicationTaskExecutor'
2020-12-06 23:25:52 INFO  [FEBS-Auth,,,] DiscoveryClient-InstanceInfoReplicator-0 org.apache.http.impl.client.DefaultHttpClient I/O exception (java.net.SocketException) caught when processing request to {}->http://127.0.0.1:8761: Software caused connection abort: socket write error
2020-12-06 23:25:52 INFO  [FEBS-Auth,,,] DiscoveryClient-InstanceInfoReplicator-0 org.apache.http.impl.client.DefaultHttpClient Retrying request to {}->http://127.0.0.1:8761
2020-12-06 23:25:53 INFO  [FEBS-Auth,,,] Thread-18 com.baomidou.dynamic.datasource.DynamicRoutingDataSource closing dynamicDatasource  ing....
2020-12-06 23:25:53 INFO  [FEBS-Auth,,,] Thread-18 com.zaxxer.hikari.HikariDataSource base - Shutdown initiated...
2020-12-06 23:25:53 INFO  [FEBS-Auth,,,] Thread-18 com.zaxxer.hikari.HikariDataSource base - Shutdown completed.
2020-12-06 23:25:53 INFO  [FEBS-Auth,,,] Thread-18 com.netflix.discovery.DiscoveryClient Shutting down DiscoveryClient ...
2020-12-06 23:25:56 INFO  [FEBS-Auth,,,] Thread-18 com.netflix.discovery.DiscoveryClient Unregistering ...
2020-12-06 23:25:58 INFO  [FEBS-Auth,,,] Thread-18 com.netflix.discovery.DiscoveryClient Completed shut down of DiscoveryClient
