2020-12-03 22:31:31 INFO  [springAppName_IS_UNDEFINED,,,] main org.springframework.context.support.PostProcessorRegistrationDelegate$BeanPostProcessorChecker Bean 'org.springframework.cloud.autoconfigure.ConfigurationPropertiesRebinderAutoConfiguration' of type [org.springframework.cloud.autoconfigure.ConfigurationPropertiesRebinderAutoConfiguration$$EnhancerBySpringCGLIB$$c5e1677e] is not eligible for getting processed by all BeanPostProcessors (for example: not eligible for auto-proxying)
2020-12-03 22:31:32 INFO  [FEBS-Auth,,,] main com.damu.febs.auth.FebsAuthApplication No active profile set, falling back to default profiles: default
2020-12-03 22:31:32 INFO  [FEBS-Auth,,,] main org.springframework.data.repository.config.RepositoryConfigurationDelegate Multiple Spring Data modules found, entering strict repository configuration mode!
2020-12-03 22:31:32 INFO  [FEBS-Auth,,,] main org.springframework.data.repository.config.RepositoryConfigurationDelegate Bootstrapping Spring Data repositories in DEFAULT mode.
2020-12-03 22:31:32 INFO  [FEBS-Auth,,,] main org.springframework.data.repository.config.RepositoryConfigurationDelegate Finished Spring Data repository scanning in 14ms. Found 0 repository interfaces.
2020-12-03 22:31:33 INFO  [FEBS-Auth,,,] main org.springframework.cloud.context.scope.GenericScope BeanFactory id=903d6bc1-8c9e-3a9b-a321-171a032052e2
2020-12-03 22:31:33 INFO  [FEBS-Auth,,,] main org.springframework.context.support.PostProcessorRegistrationDelegate$BeanPostProcessorChecker Bean 'org.springframework.transaction.annotation.ProxyTransactionManagementConfiguration' of type [org.springframework.transaction.annotation.ProxyTransactionManagementConfiguration$$EnhancerBySpringCGLIB$$a9c76481] is not eligible for getting processed by all BeanPostProcessors (for example: not eligible for auto-proxying)
2020-12-03 22:31:33 INFO  [FEBS-Auth,,,] main org.springframework.context.support.PostProcessorRegistrationDelegate$BeanPostProcessorChecker Bean 'spring.datasource.dynamic-com.baomidou.dynamic.datasource.spring.boot.autoconfigure.DynamicDataSourceProperties' of type [com.baomidou.dynamic.datasource.spring.boot.autoconfigure.DynamicDataSourceProperties] is not eligible for getting processed by all BeanPostProcessors (for example: not eligible for auto-proxying)
2020-12-03 22:31:33 INFO  [FEBS-Auth,,,] main org.springframework.context.support.PostProcessorRegistrationDelegate$BeanPostProcessorChecker Bean 'com.baomidou.dynamic.datasource.spring.boot.autoconfigure.DynamicDataSourceAutoConfiguration' of type [com.baomidou.dynamic.datasource.spring.boot.autoconfigure.DynamicDataSourceAutoConfiguration$$EnhancerBySpringCGLIB$$1355d552] is not eligible for getting processed by all BeanPostProcessors (for example: not eligible for auto-proxying)
2020-12-03 22:31:33 INFO  [FEBS-Auth,,,] main org.springframework.context.support.PostProcessorRegistrationDelegate$BeanPostProcessorChecker Bean 'dsProcessor' of type [com.baomidou.dynamic.datasource.processor.DsHeaderProcessor] is not eligible for getting processed by all BeanPostProcessors (for example: not eligible for auto-proxying)
2020-12-03 22:31:33 INFO  [FEBS-Auth,,,] main org.springframework.context.support.PostProcessorRegistrationDelegate$BeanPostProcessorChecker Bean 'dynamicDatasourceAnnotationAdvisor' of type [com.baomidou.dynamic.datasource.aop.DynamicDataSourceAnnotationAdvisor] is not eligible for getting processed by all BeanPostProcessors (for example: not eligible for auto-proxying)
2020-12-03 22:31:33 INFO  [FEBS-Auth,,,] main org.springframework.context.support.PostProcessorRegistrationDelegate$BeanPostProcessorChecker Bean 'org.springframework.cloud.autoconfigure.ConfigurationPropertiesRebinderAutoConfiguration' of type [org.springframework.cloud.autoconfigure.ConfigurationPropertiesRebinderAutoConfiguration$$EnhancerBySpringCGLIB$$c5e1677e] is not eligible for getting processed by all BeanPostProcessors (for example: not eligible for auto-proxying)
2020-12-03 22:31:33 INFO  [FEBS-Auth,,,] main org.springframework.boot.web.embedded.tomcat.TomcatWebServer Tomcat initialized with port(s): 8101 (http)
2020-12-03 22:31:33 INFO  [FEBS-Auth,,,] main org.apache.coyote.http11.Http11NioProtocol Initializing ProtocolHandler ["http-nio-8101"]
2020-12-03 22:31:33 INFO  [FEBS-Auth,,,] main org.apache.catalina.core.StandardService Starting service [Tomcat]
2020-12-03 22:31:33 INFO  [FEBS-Auth,,,] main org.apache.catalina.core.StandardEngine Starting Servlet engine: [Apache Tomcat/9.0.21]
2020-12-03 22:31:33 INFO  [FEBS-Auth,,,] main org.apache.catalina.core.ContainerBase.[Tomcat].[localhost].[/] Initializing Spring embedded WebApplicationContext
2020-12-03 22:31:33 INFO  [FEBS-Auth,,,] main org.springframework.web.context.ContextLoader Root WebApplicationContext: initialization completed in 1296 ms
2020-12-03 22:31:33 INFO  [FEBS-Auth,,,] main com.netflix.config.sources.URLConfigurationSource To enable URLs as dynamic configuration sources, define System property archaius.configurationSource.additionalUrls or make config.properties available on classpath.
2020-12-03 22:31:33 INFO  [FEBS-Auth,,,] main com.netflix.config.DynamicPropertyFactory DynamicPropertyFactory is initialized with configuration sources: com.netflix.config.ConcurrentCompositeConfiguration@587f4f63
2020-12-03 22:31:33 INFO  [FEBS-Auth,,,] main com.zaxxer.hikari.HikariDataSource base - Starting...
2020-12-03 22:31:33 INFO  [FEBS-Auth,,,] main com.zaxxer.hikari.HikariDataSource base - Start completed.
2020-12-03 22:31:33 INFO  [FEBS-Auth,,,] main com.baomidou.dynamic.datasource.DynamicRoutingDataSource 初始共加载 1 个数据源
2020-12-03 22:31:33 INFO  [FEBS-Auth,,,] main com.baomidou.dynamic.datasource.DynamicRoutingDataSource 动态数据源-加载 base 成功
2020-12-03 22:31:33 INFO  [FEBS-Auth,,,] main com.baomidou.dynamic.datasource.DynamicRoutingDataSource 当前的默认数据源是单数据源，数据源名为 base
2020-12-03 22:31:35 INFO  [FEBS-Auth,,,] main org.springframework.security.web.DefaultSecurityFilterChain Creating filter chain: OrRequestMatcher [requestMatchers=[Ant [pattern='/oauth/token'], Ant [pattern='/oauth/token_key'], Ant [pattern='/oauth/check_token']]], [org.springframework.security.web.context.request.async.WebAsyncManagerIntegrationFilter@5751e53e, org.springframework.security.web.context.SecurityContextPersistenceFilter@217fd3c, org.springframework.security.web.header.HeaderWriterFilter@5ea0a7a9, org.springframework.security.web.authentication.logout.LogoutFilter@57867d96, org.springframework.security.web.authentication.www.BasicAuthenticationFilter@215c6ec0, org.springframework.security.web.savedrequest.RequestCacheAwareFilter@69ac5752, org.springframework.security.web.servletapi.SecurityContextHolderAwareRequestFilter@6f2a3b37, org.springframework.security.web.authentication.AnonymousAuthenticationFilter@4e45fbd0, org.springframework.security.web.session.SessionManagementFilter@5a58db42, org.springframework.security.web.access.ExceptionTranslationFilter@fe13916, org.springframework.security.web.access.intercept.FilterSecurityInterceptor@13f182b9]
2020-12-03 22:31:35 INFO  [FEBS-Auth,,,] main org.springframework.security.web.DefaultSecurityFilterChain Creating filter chain: OrRequestMatcher [requestMatchers=[Ant [pattern='/oauth/**']]], [org.springframework.security.web.context.request.async.WebAsyncManagerIntegrationFilter@73852720, org.springframework.security.web.context.SecurityContextPersistenceFilter@1e6bd367, org.springframework.security.web.header.HeaderWriterFilter@456b140f, org.springframework.security.web.authentication.logout.LogoutFilter@5b2c7186, com.damu.febs.auth.filter.ValidateCodeFilter@67a6a2d0, org.springframework.security.web.savedrequest.RequestCacheAwareFilter@2bd7f686, org.springframework.security.web.servletapi.SecurityContextHolderAwareRequestFilter@3601549f, org.springframework.security.web.authentication.AnonymousAuthenticationFilter@22854f2b, org.springframework.security.web.session.SessionManagementFilter@2459333a, org.springframework.security.web.access.ExceptionTranslationFilter@1835b783, org.springframework.security.web.access.intercept.FilterSecurityInterceptor@bea283b]
2020-12-03 22:31:35 INFO  [FEBS-Auth,,,] main org.springframework.security.web.DefaultSecurityFilterChain Creating filter chain: OrRequestMatcher [requestMatchers=[Ant [pattern='/**']]], [org.springframework.security.web.context.request.async.WebAsyncManagerIntegrationFilter@57e57dc5, org.springframework.security.web.context.SecurityContextPersistenceFilter@1760e688, org.springframework.security.web.header.HeaderWriterFilter@637506d8, org.springframework.security.web.authentication.logout.LogoutFilter@43cbafa6, org.springframework.security.oauth2.provider.authentication.OAuth2AuthenticationProcessingFilter@186d6033, org.springframework.security.web.authentication.www.BasicAuthenticationFilter@49353d43, org.springframework.security.web.savedrequest.RequestCacheAwareFilter@53fc870f, org.springframework.security.web.servletapi.SecurityContextHolderAwareRequestFilter@18f4086e, org.springframework.security.web.authentication.AnonymousAuthenticationFilter@5bba9949, org.springframework.security.web.session.SessionManagementFilter@5c60f096, org.springframework.security.web.access.ExceptionTranslationFilter@75063bd0, org.springframework.security.web.access.intercept.FilterSecurityInterceptor@43719e98]
2020-12-03 22:31:35 INFO  [FEBS-Auth,,,] main com.netflix.config.sources.URLConfigurationSource To enable URLs as dynamic configuration sources, define System property archaius.configurationSource.additionalUrls or make config.properties available on classpath.
2020-12-03 22:31:35 INFO  [FEBS-Auth,,,] main org.springframework.scheduling.concurrent.ThreadPoolTaskExecutor Initializing ExecutorService 'applicationTaskExecutor'
2020-12-03 22:31:35 INFO  [FEBS-Auth,,,] main org.springframework.boot.actuate.endpoint.web.EndpointLinksResolver Exposing 2 endpoint(s) beneath base path '/actuator'
2020-12-03 22:31:36 INFO  [FEBS-Auth,,,] main org.springframework.cloud.netflix.eureka.InstanceInfoFactory Setting initial instance status as: STARTING
2020-12-03 22:31:36 INFO  [FEBS-Auth,,,] main com.netflix.discovery.DiscoveryClient Initializing Eureka in region us-east-1
2020-12-03 22:31:36 INFO  [FEBS-Auth,,,] main com.netflix.discovery.provider.DiscoveryJerseyProvider Using JSON encoding codec LegacyJacksonJson
2020-12-03 22:31:36 INFO  [FEBS-Auth,,,] main com.netflix.discovery.provider.DiscoveryJerseyProvider Using JSON decoding codec LegacyJacksonJson
2020-12-03 22:31:36 INFO  [FEBS-Auth,,,] main com.netflix.discovery.provider.DiscoveryJerseyProvider Using XML encoding codec XStreamXml
2020-12-03 22:31:36 INFO  [FEBS-Auth,,,] main com.netflix.discovery.provider.DiscoveryJerseyProvider Using XML decoding codec XStreamXml
2020-12-03 22:31:37 INFO  [FEBS-Auth,,,] main com.netflix.discovery.shared.resolver.aws.ConfigClusterResolver Resolving eureka endpoints via configuration
2020-12-03 22:31:37 INFO  [FEBS-Auth,,,] main com.netflix.discovery.DiscoveryClient Disable delta property : false
2020-12-03 22:31:37 INFO  [FEBS-Auth,,,] main com.netflix.discovery.DiscoveryClient Single vip registry refresh property : null
2020-12-03 22:31:37 INFO  [FEBS-Auth,,,] main com.netflix.discovery.DiscoveryClient Force full registry fetch : false
2020-12-03 22:31:37 INFO  [FEBS-Auth,,,] main com.netflix.discovery.DiscoveryClient Application is null : false
2020-12-03 22:31:37 INFO  [FEBS-Auth,,,] main com.netflix.discovery.DiscoveryClient Registered Applications size is zero : true
2020-12-03 22:31:37 INFO  [FEBS-Auth,,,] main com.netflix.discovery.DiscoveryClient Application version is -1: true
2020-12-03 22:31:37 INFO  [FEBS-Auth,,,] main com.netflix.discovery.DiscoveryClient Getting all instance registry info from the eureka server
2020-12-03 22:31:37 INFO  [FEBS-Auth,,,] main com.netflix.discovery.DiscoveryClient The response status is 200
2020-12-03 22:31:37 INFO  [FEBS-Auth,,,] main com.netflix.discovery.DiscoveryClient Starting heartbeat executor: renew interval is: 20
2020-12-03 22:31:37 INFO  [FEBS-Auth,,,] main com.netflix.discovery.InstanceInfoReplicator InstanceInfoReplicator onDemand update allowed rate per min is 4
2020-12-03 22:31:37 INFO  [FEBS-Auth,,,] main com.netflix.discovery.DiscoveryClient Discovery Client initialized at timestamp 1607005897409 with initial instances count: 0
2020-12-03 22:31:37 INFO  [FEBS-Auth,,,] main org.springframework.cloud.netflix.eureka.serviceregistry.EurekaServiceRegistry Registering application FEBS-AUTH with eureka with status UP
2020-12-03 22:31:37 INFO  [FEBS-Auth,,,] main com.netflix.discovery.DiscoveryClient Saw local status change event StatusChangeEvent [timestamp=1607005897413, current=UP, previous=STARTING]
2020-12-03 22:31:37 INFO  [FEBS-Auth,,,] DiscoveryClient-InstanceInfoReplicator-0 com.netflix.discovery.DiscoveryClient DiscoveryClient_FEBS-AUTH/192.168.0.108:FEBS-Auth:8101: registering service...
2020-12-03 22:31:37 INFO  [FEBS-Auth,,,] main org.apache.coyote.http11.Http11NioProtocol Starting ProtocolHandler ["http-nio-8101"]
2020-12-03 22:31:37 INFO  [FEBS-Auth,,,] main org.springframework.boot.web.embedded.tomcat.TomcatWebServer Tomcat started on port(s): 8101 (http) with context path ''
2020-12-03 22:31:37 INFO  [FEBS-Auth,,,] main org.springframework.cloud.netflix.eureka.serviceregistry.EurekaAutoServiceRegistration Updating port to 8101
2020-12-03 22:31:37 INFO  [FEBS-Auth,,,] main com.damu.febs.auth.FebsAuthApplication Started FebsAuthApplication in 6.548 seconds (JVM running for 7.333)
2020-12-03 22:31:37 INFO  [FEBS-Auth,,,] DiscoveryClient-InstanceInfoReplicator-0 com.netflix.discovery.DiscoveryClient DiscoveryClient_FEBS-AUTH/192.168.0.108:FEBS-Auth:8101 - registration status: 204
2020-12-03 22:31:37 INFO  [FEBS-Auth,,,] RMI TCP Connection(8)-127.0.0.1 org.apache.catalina.core.ContainerBase.[Tomcat].[localhost].[/] Initializing Spring DispatcherServlet 'dispatcherServlet'
2020-12-03 22:31:37 INFO  [FEBS-Auth,,,] RMI TCP Connection(8)-127.0.0.1 org.springframework.web.servlet.DispatcherServlet Initializing Servlet 'dispatcherServlet'
2020-12-03 22:31:37 INFO  [FEBS-Auth,,,] RMI TCP Connection(8)-127.0.0.1 org.springframework.web.servlet.DispatcherServlet Completed initialization in 10 ms
2020-12-03 22:31:37 INFO  [FEBS-Auth,,,] parallel-1 io.lettuce.core.EpollProvider Starting without optional epoll library
2020-12-03 22:31:37 INFO  [FEBS-Auth,,,] parallel-1 io.lettuce.core.KqueueProvider Starting without optional kqueue library
2020-12-03 22:31:40 INFO  [FEBS-Auth,,,] DiscoveryClient-CacheRefreshExecutor-0 com.netflix.discovery.DiscoveryClient Disable delta property : false
2020-12-03 22:31:40 INFO  [FEBS-Auth,,,] DiscoveryClient-CacheRefreshExecutor-0 com.netflix.discovery.DiscoveryClient Single vip registry refresh property : null
2020-12-03 22:31:40 INFO  [FEBS-Auth,,,] DiscoveryClient-CacheRefreshExecutor-0 com.netflix.discovery.DiscoveryClient Force full registry fetch : false
2020-12-03 22:31:40 INFO  [FEBS-Auth,,,] DiscoveryClient-CacheRefreshExecutor-0 com.netflix.discovery.DiscoveryClient Application is null : false
2020-12-03 22:31:40 INFO  [FEBS-Auth,,,] DiscoveryClient-CacheRefreshExecutor-0 com.netflix.discovery.DiscoveryClient Registered Applications size is zero : true
2020-12-03 22:31:40 INFO  [FEBS-Auth,,,] DiscoveryClient-CacheRefreshExecutor-0 com.netflix.discovery.DiscoveryClient Application version is -1: false
2020-12-03 22:31:40 INFO  [FEBS-Auth,,,] DiscoveryClient-CacheRefreshExecutor-0 com.netflix.discovery.DiscoveryClient Getting all instance registry info from the eureka server
2020-12-03 22:31:40 INFO  [FEBS-Auth,,,] DiscoveryClient-CacheRefreshExecutor-0 com.netflix.discovery.DiscoveryClient The response status is 200
2020-12-03 22:31:43 INFO  [FEBS-Auth,,,] DiscoveryClient-CacheRefreshExecutor-0 com.netflix.discovery.DiscoveryClient Disable delta property : false
2020-12-03 22:31:43 INFO  [FEBS-Auth,,,] DiscoveryClient-CacheRefreshExecutor-0 com.netflix.discovery.DiscoveryClient Single vip registry refresh property : null
2020-12-03 22:31:43 INFO  [FEBS-Auth,,,] DiscoveryClient-CacheRefreshExecutor-0 com.netflix.discovery.DiscoveryClient Force full registry fetch : false
2020-12-03 22:31:43 INFO  [FEBS-Auth,,,] DiscoveryClient-CacheRefreshExecutor-0 com.netflix.discovery.DiscoveryClient Application is null : false
2020-12-03 22:31:43 INFO  [FEBS-Auth,,,] DiscoveryClient-CacheRefreshExecutor-0 com.netflix.discovery.DiscoveryClient Registered Applications size is zero : true
2020-12-03 22:31:43 INFO  [FEBS-Auth,,,] DiscoveryClient-CacheRefreshExecutor-0 com.netflix.discovery.DiscoveryClient Application version is -1: false
2020-12-03 22:31:43 INFO  [FEBS-Auth,,,] DiscoveryClient-CacheRefreshExecutor-0 com.netflix.discovery.DiscoveryClient Getting all instance registry info from the eureka server
2020-12-03 22:31:43 INFO  [FEBS-Auth,,,] DiscoveryClient-CacheRefreshExecutor-0 com.netflix.discovery.DiscoveryClient The response status is 200
2020-12-03 22:31:46 INFO  [FEBS-Auth,,,] DiscoveryClient-CacheRefreshExecutor-0 com.netflix.discovery.DiscoveryClient Disable delta property : false
2020-12-03 22:31:46 INFO  [FEBS-Auth,,,] DiscoveryClient-CacheRefreshExecutor-0 com.netflix.discovery.DiscoveryClient Single vip registry refresh property : null
2020-12-03 22:31:46 INFO  [FEBS-Auth,,,] DiscoveryClient-CacheRefreshExecutor-0 com.netflix.discovery.DiscoveryClient Force full registry fetch : false
2020-12-03 22:31:46 INFO  [FEBS-Auth,,,] DiscoveryClient-CacheRefreshExecutor-0 com.netflix.discovery.DiscoveryClient Application is null : false
2020-12-03 22:31:46 INFO  [FEBS-Auth,,,] DiscoveryClient-CacheRefreshExecutor-0 com.netflix.discovery.DiscoveryClient Registered Applications size is zero : true
2020-12-03 22:31:46 INFO  [FEBS-Auth,,,] DiscoveryClient-CacheRefreshExecutor-0 com.netflix.discovery.DiscoveryClient Application version is -1: false
2020-12-03 22:31:46 INFO  [FEBS-Auth,,,] DiscoveryClient-CacheRefreshExecutor-0 com.netflix.discovery.DiscoveryClient Getting all instance registry info from the eureka server
2020-12-03 22:31:46 INFO  [FEBS-Auth,,,] DiscoveryClient-CacheRefreshExecutor-0 com.netflix.discovery.DiscoveryClient The response status is 200
2020-12-03 22:31:49 INFO  [FEBS-Auth,,,] DiscoveryClient-CacheRefreshExecutor-0 com.netflix.discovery.DiscoveryClient Disable delta property : false
2020-12-03 22:31:49 INFO  [FEBS-Auth,,,] DiscoveryClient-CacheRefreshExecutor-0 com.netflix.discovery.DiscoveryClient Single vip registry refresh property : null
2020-12-03 22:31:49 INFO  [FEBS-Auth,,,] DiscoveryClient-CacheRefreshExecutor-0 com.netflix.discovery.DiscoveryClient Force full registry fetch : false
2020-12-03 22:31:49 INFO  [FEBS-Auth,,,] DiscoveryClient-CacheRefreshExecutor-0 com.netflix.discovery.DiscoveryClient Application is null : false
2020-12-03 22:31:49 INFO  [FEBS-Auth,,,] DiscoveryClient-CacheRefreshExecutor-0 com.netflix.discovery.DiscoveryClient Registered Applications size is zero : true
2020-12-03 22:31:49 INFO  [FEBS-Auth,,,] DiscoveryClient-CacheRefreshExecutor-0 com.netflix.discovery.DiscoveryClient Application version is -1: false
2020-12-03 22:31:49 INFO  [FEBS-Auth,,,] DiscoveryClient-CacheRefreshExecutor-0 com.netflix.discovery.DiscoveryClient Getting all instance registry info from the eureka server
2020-12-03 22:31:49 INFO  [FEBS-Auth,,,] DiscoveryClient-CacheRefreshExecutor-0 com.netflix.discovery.DiscoveryClient The response status is 200
2020-12-03 22:31:52 INFO  [FEBS-Auth,,,] DiscoveryClient-CacheRefreshExecutor-0 com.netflix.discovery.DiscoveryClient Disable delta property : false
2020-12-03 22:31:52 INFO  [FEBS-Auth,,,] DiscoveryClient-CacheRefreshExecutor-0 com.netflix.discovery.DiscoveryClient Single vip registry refresh property : null
2020-12-03 22:31:52 INFO  [FEBS-Auth,,,] DiscoveryClient-CacheRefreshExecutor-0 com.netflix.discovery.DiscoveryClient Force full registry fetch : false
2020-12-03 22:31:52 INFO  [FEBS-Auth,,,] DiscoveryClient-CacheRefreshExecutor-0 com.netflix.discovery.DiscoveryClient Application is null : false
2020-12-03 22:31:52 INFO  [FEBS-Auth,,,] DiscoveryClient-CacheRefreshExecutor-0 com.netflix.discovery.DiscoveryClient Registered Applications size is zero : true
2020-12-03 22:31:52 INFO  [FEBS-Auth,,,] DiscoveryClient-CacheRefreshExecutor-0 com.netflix.discovery.DiscoveryClient Application version is -1: false
2020-12-03 22:31:52 INFO  [FEBS-Auth,,,] DiscoveryClient-CacheRefreshExecutor-0 com.netflix.discovery.DiscoveryClient Getting all instance registry info from the eureka server
2020-12-03 22:31:52 INFO  [FEBS-Auth,,,] DiscoveryClient-CacheRefreshExecutor-0 com.netflix.discovery.DiscoveryClient The response status is 200
2020-12-03 22:31:55 INFO  [FEBS-Auth,,,] DiscoveryClient-CacheRefreshExecutor-0 com.netflix.discovery.DiscoveryClient Disable delta property : false
2020-12-03 22:31:55 INFO  [FEBS-Auth,,,] DiscoveryClient-CacheRefreshExecutor-0 com.netflix.discovery.DiscoveryClient Single vip registry refresh property : null
2020-12-03 22:31:55 INFO  [FEBS-Auth,,,] DiscoveryClient-CacheRefreshExecutor-0 com.netflix.discovery.DiscoveryClient Force full registry fetch : false
2020-12-03 22:31:55 INFO  [FEBS-Auth,,,] DiscoveryClient-CacheRefreshExecutor-0 com.netflix.discovery.DiscoveryClient Application is null : false
2020-12-03 22:31:55 INFO  [FEBS-Auth,,,] DiscoveryClient-CacheRefreshExecutor-0 com.netflix.discovery.DiscoveryClient Registered Applications size is zero : true
2020-12-03 22:31:55 INFO  [FEBS-Auth,,,] DiscoveryClient-CacheRefreshExecutor-0 com.netflix.discovery.DiscoveryClient Application version is -1: false
2020-12-03 22:31:55 INFO  [FEBS-Auth,,,] DiscoveryClient-CacheRefreshExecutor-0 com.netflix.discovery.DiscoveryClient Getting all instance registry info from the eureka server
2020-12-03 22:31:55 INFO  [FEBS-Auth,,,] DiscoveryClient-CacheRefreshExecutor-0 com.netflix.discovery.DiscoveryClient The response status is 200
2020-12-03 22:31:58 INFO  [FEBS-Auth,,,] DiscoveryClient-CacheRefreshExecutor-0 com.netflix.discovery.DiscoveryClient Disable delta property : false
2020-12-03 22:31:58 INFO  [FEBS-Auth,,,] DiscoveryClient-CacheRefreshExecutor-0 com.netflix.discovery.DiscoveryClient Single vip registry refresh property : null
2020-12-03 22:31:58 INFO  [FEBS-Auth,,,] DiscoveryClient-CacheRefreshExecutor-0 com.netflix.discovery.DiscoveryClient Force full registry fetch : false
2020-12-03 22:31:58 INFO  [FEBS-Auth,,,] DiscoveryClient-CacheRefreshExecutor-0 com.netflix.discovery.DiscoveryClient Application is null : false
2020-12-03 22:31:58 INFO  [FEBS-Auth,,,] DiscoveryClient-CacheRefreshExecutor-0 com.netflix.discovery.DiscoveryClient Registered Applications size is zero : true
2020-12-03 22:31:58 INFO  [FEBS-Auth,,,] DiscoveryClient-CacheRefreshExecutor-0 com.netflix.discovery.DiscoveryClient Application version is -1: false
2020-12-03 22:31:58 INFO  [FEBS-Auth,,,] DiscoveryClient-CacheRefreshExecutor-0 com.netflix.discovery.DiscoveryClient Getting all instance registry info from the eureka server
2020-12-03 22:31:58 INFO  [FEBS-Auth,,,] DiscoveryClient-CacheRefreshExecutor-0 com.netflix.discovery.DiscoveryClient The response status is 200
2020-12-03 22:32:01 INFO  [FEBS-Auth,,,] DiscoveryClient-CacheRefreshExecutor-0 com.netflix.discovery.DiscoveryClient Disable delta property : false
2020-12-03 22:32:01 INFO  [FEBS-Auth,,,] DiscoveryClient-CacheRefreshExecutor-0 com.netflix.discovery.DiscoveryClient Single vip registry refresh property : null
2020-12-03 22:32:01 INFO  [FEBS-Auth,,,] DiscoveryClient-CacheRefreshExecutor-0 com.netflix.discovery.DiscoveryClient Force full registry fetch : false
2020-12-03 22:32:01 INFO  [FEBS-Auth,,,] DiscoveryClient-CacheRefreshExecutor-0 com.netflix.discovery.DiscoveryClient Application is null : false
2020-12-03 22:32:01 INFO  [FEBS-Auth,,,] DiscoveryClient-CacheRefreshExecutor-0 com.netflix.discovery.DiscoveryClient Registered Applications size is zero : true
2020-12-03 22:32:01 INFO  [FEBS-Auth,,,] DiscoveryClient-CacheRefreshExecutor-0 com.netflix.discovery.DiscoveryClient Application version is -1: false
2020-12-03 22:32:01 INFO  [FEBS-Auth,,,] DiscoveryClient-CacheRefreshExecutor-0 com.netflix.discovery.DiscoveryClient Getting all instance registry info from the eureka server
2020-12-03 22:32:01 INFO  [FEBS-Auth,,,] DiscoveryClient-CacheRefreshExecutor-0 com.netflix.discovery.DiscoveryClient The response status is 200
2020-12-03 22:36:37 INFO  [FEBS-Auth,,,] AsyncResolver-bootstrap-executor-0 com.netflix.discovery.shared.resolver.aws.ConfigClusterResolver Resolving eureka endpoints via configuration
2020-12-03 22:41:37 INFO  [FEBS-Auth,,,] AsyncResolver-bootstrap-executor-0 com.netflix.discovery.shared.resolver.aws.ConfigClusterResolver Resolving eureka endpoints via configuration
2020-12-03 22:46:37 INFO  [FEBS-Auth,,,] AsyncResolver-bootstrap-executor-0 com.netflix.discovery.shared.resolver.aws.ConfigClusterResolver Resolving eureka endpoints via configuration
2020-12-03 22:51:37 INFO  [FEBS-Auth,,,] AsyncResolver-bootstrap-executor-0 com.netflix.discovery.shared.resolver.aws.ConfigClusterResolver Resolving eureka endpoints via configuration
2020-12-03 22:56:37 INFO  [FEBS-Auth,,,] AsyncResolver-bootstrap-executor-0 com.netflix.discovery.shared.resolver.aws.ConfigClusterResolver Resolving eureka endpoints via configuration
2020-12-03 23:01:37 INFO  [FEBS-Auth,,,] AsyncResolver-bootstrap-executor-0 com.netflix.discovery.shared.resolver.aws.ConfigClusterResolver Resolving eureka endpoints via configuration
2020-12-03 23:06:37 INFO  [FEBS-Auth,,,] AsyncResolver-bootstrap-executor-0 com.netflix.discovery.shared.resolver.aws.ConfigClusterResolver Resolving eureka endpoints via configuration
2020-12-03 23:08:34 INFO  [FEBS-Auth,,,] Thread-19 org.springframework.cloud.netflix.eureka.serviceregistry.EurekaServiceRegistry Unregistering application FEBS-AUTH with eureka with status DOWN
2020-12-03 23:08:34 INFO  [FEBS-Auth,,,] DiscoveryClient-InstanceInfoReplicator-0 com.netflix.discovery.DiscoveryClient DiscoveryClient_FEBS-AUTH/192.168.0.108:FEBS-Auth:8101: registering service...
2020-12-03 23:08:34 INFO  [FEBS-Auth,,,] Thread-19 org.springframework.scheduling.concurrent.ThreadPoolTaskExecutor Shutting down ExecutorService 'applicationTaskExecutor'
2020-12-03 23:08:34 INFO  [FEBS-Auth,,,] DiscoveryClient-InstanceInfoReplicator-0 org.apache.http.impl.client.DefaultHttpClient I/O exception (java.net.SocketException) caught when processing request to {}->http://127.0.0.1:8761: Software caused connection abort: socket write error
2020-12-03 23:08:34 INFO  [FEBS-Auth,,,] DiscoveryClient-InstanceInfoReplicator-0 org.apache.http.impl.client.DefaultHttpClient Retrying request to {}->http://127.0.0.1:8761
2020-12-03 23:08:35 INFO  [FEBS-Auth,,,] Thread-19 com.baomidou.dynamic.datasource.DynamicRoutingDataSource closing dynamicDatasource  ing....
2020-12-03 23:08:35 INFO  [FEBS-Auth,,,] Thread-19 com.zaxxer.hikari.HikariDataSource base - Shutdown initiated...
2020-12-03 23:08:35 INFO  [FEBS-Auth,,,] Thread-19 com.zaxxer.hikari.HikariDataSource base - Shutdown completed.
2020-12-03 23:08:35 INFO  [FEBS-Auth,,,] Thread-19 com.netflix.discovery.DiscoveryClient Shutting down DiscoveryClient ...
2020-12-03 23:08:38 INFO  [FEBS-Auth,,,] Thread-19 com.netflix.discovery.DiscoveryClient Unregistering ...
2020-12-03 23:08:40 INFO  [FEBS-Auth,,,] Thread-19 com.netflix.discovery.DiscoveryClient Completed shut down of DiscoveryClient
