2020-12-26 22:19:45 INFO  [springAppName_IS_UNDEFINED,,,] main org.springframework.context.support.PostProcessorRegistrationDelegate$BeanPostProcessorChecker Bean 'org.springframework.cloud.autoconfigure.ConfigurationPropertiesRebinderAutoConfiguration' of type [org.springframework.cloud.autoconfigure.ConfigurationPropertiesRebinderAutoConfiguration$$EnhancerBySpringCGLIB$$4e4c0a74] is not eligible for getting processed by all BeanPostProcessors (for example: not eligible for auto-proxying)
2020-12-26 22:19:47 INFO  [FEBS-Auth,,,] main com.damu.febs.auth.FebsAuthApplication No active profile set, falling back to default profiles: default
2020-12-26 22:19:47 INFO  [FEBS-Auth,,,] main org.springframework.data.repository.config.RepositoryConfigurationDelegate Multiple Spring Data modules found, entering strict repository configuration mode!
2020-12-26 22:19:47 INFO  [FEBS-Auth,,,] main org.springframework.data.repository.config.RepositoryConfigurationDelegate Bootstrapping Spring Data repositories in DEFAULT mode.
2020-12-26 22:19:47 INFO  [FEBS-Auth,,,] main org.springframework.data.repository.config.RepositoryConfigurationDelegate Finished Spring Data repository scanning in 14ms. Found 0 repository interfaces.
2020-12-26 22:19:48 INFO  [FEBS-Auth,,,] main org.springframework.cloud.context.scope.GenericScope BeanFactory id=17dfb3a9-142e-39aa-93b7-5bf7ecb596b1
2020-12-26 22:19:48 INFO  [FEBS-Auth,,,] main org.springframework.context.support.PostProcessorRegistrationDelegate$BeanPostProcessorChecker Bean 'org.springframework.transaction.annotation.ProxyTransactionManagementConfiguration' of type [org.springframework.transaction.annotation.ProxyTransactionManagementConfiguration$$EnhancerBySpringCGLIB$$32320777] is not eligible for getting processed by all BeanPostProcessors (for example: not eligible for auto-proxying)
2020-12-26 22:19:48 INFO  [FEBS-Auth,,,] main org.springframework.context.support.PostProcessorRegistrationDelegate$BeanPostProcessorChecker Bean 'spring.datasource.dynamic-com.baomidou.dynamic.datasource.spring.boot.autoconfigure.DynamicDataSourceProperties' of type [com.baomidou.dynamic.datasource.spring.boot.autoconfigure.DynamicDataSourceProperties] is not eligible for getting processed by all BeanPostProcessors (for example: not eligible for auto-proxying)
2020-12-26 22:19:48 INFO  [FEBS-Auth,,,] main org.springframework.context.support.PostProcessorRegistrationDelegate$BeanPostProcessorChecker Bean 'com.baomidou.dynamic.datasource.spring.boot.autoconfigure.DynamicDataSourceAutoConfiguration' of type [com.baomidou.dynamic.datasource.spring.boot.autoconfigure.DynamicDataSourceAutoConfiguration$$EnhancerBySpringCGLIB$$9bc07848] is not eligible for getting processed by all BeanPostProcessors (for example: not eligible for auto-proxying)
2020-12-26 22:19:48 INFO  [FEBS-Auth,,,] main org.springframework.context.support.PostProcessorRegistrationDelegate$BeanPostProcessorChecker Bean 'dsProcessor' of type [com.baomidou.dynamic.datasource.processor.DsHeaderProcessor] is not eligible for getting processed by all BeanPostProcessors (for example: not eligible for auto-proxying)
2020-12-26 22:19:48 INFO  [FEBS-Auth,,,] main org.springframework.context.support.PostProcessorRegistrationDelegate$BeanPostProcessorChecker Bean 'dynamicDatasourceAnnotationAdvisor' of type [com.baomidou.dynamic.datasource.aop.DynamicDataSourceAnnotationAdvisor] is not eligible for getting processed by all BeanPostProcessors (for example: not eligible for auto-proxying)
2020-12-26 22:19:48 INFO  [FEBS-Auth,,,] main org.springframework.context.support.PostProcessorRegistrationDelegate$BeanPostProcessorChecker Bean 'org.springframework.cloud.autoconfigure.ConfigurationPropertiesRebinderAutoConfiguration' of type [org.springframework.cloud.autoconfigure.ConfigurationPropertiesRebinderAutoConfiguration$$EnhancerBySpringCGLIB$$4e4c0a74] is not eligible for getting processed by all BeanPostProcessors (for example: not eligible for auto-proxying)
2020-12-26 22:19:48 INFO  [FEBS-Auth,,,] main org.springframework.boot.web.embedded.tomcat.TomcatWebServer Tomcat initialized with port(s): 8101 (http)
2020-12-26 22:19:48 INFO  [FEBS-Auth,,,] main org.apache.coyote.http11.Http11NioProtocol Initializing ProtocolHandler ["http-nio-8101"]
2020-12-26 22:19:48 INFO  [FEBS-Auth,,,] main org.apache.catalina.core.StandardService Starting service [Tomcat]
2020-12-26 22:19:48 INFO  [FEBS-Auth,,,] main org.apache.catalina.core.StandardEngine Starting Servlet engine: [Apache Tomcat/9.0.21]
2020-12-26 22:19:48 INFO  [FEBS-Auth,,,] main org.apache.catalina.core.ContainerBase.[Tomcat].[localhost].[/] Initializing Spring embedded WebApplicationContext
2020-12-26 22:19:48 INFO  [FEBS-Auth,,,] main org.springframework.web.context.ContextLoader Root WebApplicationContext: initialization completed in 1400 ms
2020-12-26 22:19:48 INFO  [FEBS-Auth,,,] main com.netflix.config.sources.URLConfigurationSource To enable URLs as dynamic configuration sources, define System property archaius.configurationSource.additionalUrls or make config.properties available on classpath.
2020-12-26 22:19:48 INFO  [FEBS-Auth,,,] main com.netflix.config.DynamicPropertyFactory DynamicPropertyFactory is initialized with configuration sources: com.netflix.config.ConcurrentCompositeConfiguration@3ccb12d
2020-12-26 22:19:48 INFO  [FEBS-Auth,,,] main com.zaxxer.hikari.HikariDataSource base - Starting...
2020-12-26 22:19:48 INFO  [FEBS-Auth,,,] main com.zaxxer.hikari.HikariDataSource base - Start completed.
2020-12-26 22:19:48 INFO  [FEBS-Auth,,,] main com.baomidou.dynamic.datasource.DynamicRoutingDataSource 初始共加载 1 个数据源
2020-12-26 22:19:48 INFO  [FEBS-Auth,,,] main com.baomidou.dynamic.datasource.DynamicRoutingDataSource 动态数据源-加载 base 成功
2020-12-26 22:19:48 INFO  [FEBS-Auth,,,] main com.baomidou.dynamic.datasource.DynamicRoutingDataSource 当前的默认数据源是单数据源，数据源名为 base
2020-12-26 22:19:50 INFO  [FEBS-Auth,,,] main org.springframework.cloud.commons.util.InetUtils Cannot determine local hostname
2020-12-26 22:19:51 INFO  [FEBS-Auth,,,] main org.springframework.security.web.DefaultSecurityFilterChain Creating filter chain: OrRequestMatcher [requestMatchers=[Ant [pattern='/oauth/token'], Ant [pattern='/oauth/token_key'], Ant [pattern='/oauth/check_token']]], [org.springframework.security.web.context.request.async.WebAsyncManagerIntegrationFilter@5e278e25, org.springframework.security.web.context.SecurityContextPersistenceFilter@69fd99c1, org.springframework.security.web.header.HeaderWriterFilter@51b59d58, org.springframework.security.web.authentication.logout.LogoutFilter@4b240276, org.springframework.security.web.authentication.www.BasicAuthenticationFilter@3a239dac, org.springframework.security.web.savedrequest.RequestCacheAwareFilter@180cc0df, org.springframework.security.web.servletapi.SecurityContextHolderAwareRequestFilter@46748b04, org.springframework.security.web.authentication.AnonymousAuthenticationFilter@62ee1c89, org.springframework.security.web.session.SessionManagementFilter@9746157, org.springframework.security.web.access.ExceptionTranslationFilter@15c4b1a4, org.springframework.security.web.access.intercept.FilterSecurityInterceptor@7474196]
2020-12-26 22:19:51 INFO  [FEBS-Auth,,,] main org.springframework.security.web.DefaultSecurityFilterChain Creating filter chain: OrRequestMatcher [requestMatchers=[Ant [pattern='/oauth/**']]], [org.springframework.security.web.context.request.async.WebAsyncManagerIntegrationFilter@33765d22, org.springframework.security.web.context.SecurityContextPersistenceFilter@5296f00c, org.springframework.security.web.header.HeaderWriterFilter@f439e0f, org.springframework.security.web.authentication.logout.LogoutFilter@3e5c7588, com.damu.febs.auth.filter.ValidateCodeFilter@5ddb302, org.springframework.security.web.savedrequest.RequestCacheAwareFilter@4727e5fc, org.springframework.security.web.servletapi.SecurityContextHolderAwareRequestFilter@5487a8f1, org.springframework.security.web.authentication.AnonymousAuthenticationFilter@6f67ece5, org.springframework.security.web.session.SessionManagementFilter@62410e1f, org.springframework.security.web.access.ExceptionTranslationFilter@72bce309, org.springframework.security.web.access.intercept.FilterSecurityInterceptor@17dbca0a]
2020-12-26 22:19:51 INFO  [FEBS-Auth,,,] main org.springframework.security.web.DefaultSecurityFilterChain Creating filter chain: OrRequestMatcher [requestMatchers=[Ant [pattern='/**']]], [org.springframework.security.web.context.request.async.WebAsyncManagerIntegrationFilter@5ef591af, org.springframework.security.web.context.SecurityContextPersistenceFilter@1bde9a22, org.springframework.security.web.header.HeaderWriterFilter@2d3eb1ea, org.springframework.security.web.authentication.logout.LogoutFilter@87fc0fc, org.springframework.security.oauth2.provider.authentication.OAuth2AuthenticationProcessingFilter@788a0513, org.springframework.security.web.authentication.www.BasicAuthenticationFilter@5cd6719d, org.springframework.security.web.savedrequest.RequestCacheAwareFilter@2cc97e47, org.springframework.security.web.servletapi.SecurityContextHolderAwareRequestFilter@74a03bd5, org.springframework.security.web.authentication.AnonymousAuthenticationFilter@61b0af9f, org.springframework.security.web.session.SessionManagementFilter@78508e6b, org.springframework.security.web.access.ExceptionTranslationFilter@43de9fc9, org.springframework.security.web.access.intercept.FilterSecurityInterceptor@10301d6f]
2020-12-26 22:19:51 INFO  [FEBS-Auth,,,] main com.netflix.config.sources.URLConfigurationSource To enable URLs as dynamic configuration sources, define System property archaius.configurationSource.additionalUrls or make config.properties available on classpath.
2020-12-26 22:19:51 INFO  [FEBS-Auth,,,] main org.springframework.scheduling.concurrent.ThreadPoolTaskExecutor Initializing ExecutorService 'applicationTaskExecutor'
2020-12-26 22:19:51 INFO  [FEBS-Auth,,,] main org.springframework.boot.actuate.endpoint.web.EndpointLinksResolver Exposing 2 endpoint(s) beneath base path '/actuator'
2020-12-26 22:19:52 INFO  [FEBS-Auth,,,] main org.springframework.scheduling.concurrent.ThreadPoolTaskScheduler Initializing ExecutorService
2020-12-26 22:19:53 INFO  [FEBS-Auth,,,] main org.springframework.cloud.commons.util.InetUtils Cannot determine local hostname
2020-12-26 22:19:53 INFO  [FEBS-Auth,,,] main org.apache.coyote.http11.Http11NioProtocol Starting ProtocolHandler ["http-nio-8101"]
2020-12-26 22:19:53 INFO  [FEBS-Auth,,,] main org.springframework.boot.web.embedded.tomcat.TomcatWebServer Tomcat started on port(s): 8101 (http) with context path ''
2020-12-26 22:19:53 INFO  [FEBS-Auth,,,] main org.springframework.cloud.alibaba.nacos.registry.NacosServiceRegistry nacos registry, FEBS-Auth 192.168.0.108:8101 register finished
2020-12-26 22:19:53 INFO  [FEBS-Auth,,,] main com.damu.febs.auth.FebsAuthApplication Started FebsAuthApplication in 9.557 seconds (JVM running for 10.923)
2020-12-26 22:19:53 INFO  [FEBS-Auth,,,] RMI TCP Connection(6)-127.0.0.1 org.apache.catalina.core.ContainerBase.[Tomcat].[localhost].[/] Initializing Spring DispatcherServlet 'dispatcherServlet'
2020-12-26 22:19:53 INFO  [FEBS-Auth,,,] RMI TCP Connection(6)-127.0.0.1 org.springframework.web.servlet.DispatcherServlet Initializing Servlet 'dispatcherServlet'
2020-12-26 22:19:53 INFO  [FEBS-Auth,,,] RMI TCP Connection(6)-127.0.0.1 org.springframework.web.servlet.DispatcherServlet Completed initialization in 7 ms
2020-12-26 22:19:54 INFO  [FEBS-Auth,,,] parallel-1 io.lettuce.core.EpollProvider Starting without optional epoll library
2020-12-26 22:19:54 INFO  [FEBS-Auth,,,] parallel-1 io.lettuce.core.KqueueProvider Starting without optional kqueue library
2020-12-26 22:57:42 INFO  [FEBS-Auth,,,] lettuce-nioEventLoop-4-2 io.lettuce.core.protocol.CommandHandler null Unexpected exception during request: java.io.IOException: 远程主机强迫关闭了一个现有的连接。
java.io.IOException: 远程主机强迫关闭了一个现有的连接。
	at sun.nio.ch.SocketDispatcher.read0(Native Method)
	at sun.nio.ch.SocketDispatcher.read(SocketDispatcher.java:43)
	at sun.nio.ch.IOUtil.readIntoNativeBuffer(IOUtil.java:223)
	at sun.nio.ch.IOUtil.read(IOUtil.java:192)
	at sun.nio.ch.SocketChannelImpl.read(SocketChannelImpl.java:380)
	at io.netty.buffer.PooledUnsafeDirectByteBuf.setBytes(PooledUnsafeDirectByteBuf.java:288)
	at io.netty.buffer.AbstractByteBuf.writeBytes(AbstractByteBuf.java:1125)
	at io.netty.channel.socket.nio.NioSocketChannel.doReadBytes(NioSocketChannel.java:347)
	at io.netty.channel.nio.AbstractNioByteChannel$NioByteUnsafe.read(AbstractNioByteChannel.java:148)
	at io.netty.channel.nio.NioEventLoop.processSelectedKey(NioEventLoop.java:682)
	at io.netty.channel.nio.NioEventLoop.processSelectedKeysOptimized(NioEventLoop.java:617)
	at io.netty.channel.nio.NioEventLoop.processSelectedKeys(NioEventLoop.java:534)
	at io.netty.channel.nio.NioEventLoop.run(NioEventLoop.java:496)
	at io.netty.util.concurrent.SingleThreadEventExecutor$5.run(SingleThreadEventExecutor.java:906)
	at io.netty.util.internal.ThreadExecutorMap$2.run(ThreadExecutorMap.java:74)
	at io.netty.util.concurrent.FastThreadLocalRunnable.run(FastThreadLocalRunnable.java:30)
	at java.lang.Thread.run(Thread.java:745)
2020-12-26 22:57:43 INFO  [FEBS-Auth,,,] lettuce-eventExecutorLoop-1-10 io.lettuce.core.protocol.ConnectionWatchdog Reconnecting, last destination was /127.0.0.1:6379
2020-12-26 22:57:49 INFO  [FEBS-Auth,,,] lettuce-eventExecutorLoop-1-12 io.lettuce.core.protocol.ConnectionWatchdog Reconnecting, last destination was 127.0.0.1:6379
2020-12-26 22:57:51 INFO  [FEBS-Auth,,,] Thread-30 org.springframework.cloud.alibaba.nacos.registry.NacosServiceRegistry De-registering from Nacos Server now...
2020-12-26 22:57:53 INFO  [FEBS-Auth,,,] Thread-30 org.springframework.cloud.alibaba.nacos.registry.NacosServiceRegistry De-registration finished.
2020-12-26 22:57:53 INFO  [FEBS-Auth,,,] Thread-30 org.springframework.scheduling.concurrent.ThreadPoolTaskExecutor Shutting down ExecutorService 'applicationTaskExecutor'
2020-12-26 22:57:54 INFO  [FEBS-Auth,,,] Thread-30 com.baomidou.dynamic.datasource.DynamicRoutingDataSource closing dynamicDatasource  ing....
2020-12-26 22:57:54 INFO  [FEBS-Auth,,,] Thread-30 com.zaxxer.hikari.HikariDataSource base - Shutdown initiated...
2020-12-26 22:57:54 INFO  [FEBS-Auth,,,] Thread-30 com.zaxxer.hikari.HikariDataSource base - Shutdown completed.
