2020-12-28 22:46:27 INFO  [springAppName_IS_UNDEFINED,,,] main org.springframework.context.support.PostProcessorRegistrationDelegate$BeanPostProcessorChecker Bean 'org.springframework.cloud.autoconfigure.ConfigurationPropertiesRebinderAutoConfiguration' of type [org.springframework.cloud.autoconfigure.ConfigurationPropertiesRebinderAutoConfiguration$$EnhancerBySpringCGLIB$$efa162fd] is not eligible for getting processed by all BeanPostProcessors (for example: not eligible for auto-proxying)
2020-12-28 22:46:27 INFO  [FEBS-Auth,,,] main com.damu.febs.auth.FebsAuthApplication No active profile set, falling back to default profiles: default
2020-12-28 22:46:28 INFO  [FEBS-Auth,,,] main org.springframework.data.repository.config.RepositoryConfigurationDelegate Multiple Spring Data modules found, entering strict repository configuration mode!
2020-12-28 22:46:28 INFO  [FEBS-Auth,,,] main org.springframework.data.repository.config.RepositoryConfigurationDelegate Bootstrapping Spring Data repositories in DEFAULT mode.
2020-12-28 22:46:28 INFO  [FEBS-Auth,,,] main org.springframework.data.repository.config.RepositoryConfigurationDelegate Finished Spring Data repository scanning in 12ms. Found 0 repository interfaces.
2020-12-28 22:46:28 INFO  [FEBS-Auth,,,] main org.springframework.cloud.context.scope.GenericScope BeanFactory id=17dfb3a9-142e-39aa-93b7-5bf7ecb596b1
2020-12-28 22:46:28 INFO  [FEBS-Auth,,,] main org.springframework.context.support.PostProcessorRegistrationDelegate$BeanPostProcessorChecker Bean 'org.springframework.transaction.annotation.ProxyTransactionManagementConfiguration' of type [org.springframework.transaction.annotation.ProxyTransactionManagementConfiguration$$EnhancerBySpringCGLIB$$d3876000] is not eligible for getting processed by all BeanPostProcessors (for example: not eligible for auto-proxying)
2020-12-28 22:46:28 INFO  [FEBS-Auth,,,] main org.springframework.context.support.PostProcessorRegistrationDelegate$BeanPostProcessorChecker Bean 'spring.datasource.dynamic-com.baomidou.dynamic.datasource.spring.boot.autoconfigure.DynamicDataSourceProperties' of type [com.baomidou.dynamic.datasource.spring.boot.autoconfigure.DynamicDataSourceProperties] is not eligible for getting processed by all BeanPostProcessors (for example: not eligible for auto-proxying)
2020-12-28 22:46:28 INFO  [FEBS-Auth,,,] main org.springframework.context.support.PostProcessorRegistrationDelegate$BeanPostProcessorChecker Bean 'com.baomidou.dynamic.datasource.spring.boot.autoconfigure.DynamicDataSourceAutoConfiguration' of type [com.baomidou.dynamic.datasource.spring.boot.autoconfigure.DynamicDataSourceAutoConfiguration$$EnhancerBySpringCGLIB$$3d15d0d1] is not eligible for getting processed by all BeanPostProcessors (for example: not eligible for auto-proxying)
2020-12-28 22:46:28 INFO  [FEBS-Auth,,,] main org.springframework.context.support.PostProcessorRegistrationDelegate$BeanPostProcessorChecker Bean 'dsProcessor' of type [com.baomidou.dynamic.datasource.processor.DsHeaderProcessor] is not eligible for getting processed by all BeanPostProcessors (for example: not eligible for auto-proxying)
2020-12-28 22:46:28 INFO  [FEBS-Auth,,,] main org.springframework.context.support.PostProcessorRegistrationDelegate$BeanPostProcessorChecker Bean 'dynamicDatasourceAnnotationAdvisor' of type [com.baomidou.dynamic.datasource.aop.DynamicDataSourceAnnotationAdvisor] is not eligible for getting processed by all BeanPostProcessors (for example: not eligible for auto-proxying)
2020-12-28 22:46:28 INFO  [FEBS-Auth,,,] main org.springframework.context.support.PostProcessorRegistrationDelegate$BeanPostProcessorChecker Bean 'org.springframework.cloud.autoconfigure.ConfigurationPropertiesRebinderAutoConfiguration' of type [org.springframework.cloud.autoconfigure.ConfigurationPropertiesRebinderAutoConfiguration$$EnhancerBySpringCGLIB$$efa162fd] is not eligible for getting processed by all BeanPostProcessors (for example: not eligible for auto-proxying)
2020-12-28 22:46:28 INFO  [FEBS-Auth,,,] main org.springframework.boot.web.embedded.tomcat.TomcatWebServer Tomcat initialized with port(s): 8101 (http)
2020-12-28 22:46:28 INFO  [FEBS-Auth,,,] main org.apache.coyote.http11.Http11NioProtocol Initializing ProtocolHandler ["http-nio-8101"]
2020-12-28 22:46:28 INFO  [FEBS-Auth,,,] main org.apache.catalina.core.StandardService Starting service [Tomcat]
2020-12-28 22:46:28 INFO  [FEBS-Auth,,,] main org.apache.catalina.core.StandardEngine Starting Servlet engine: [Apache Tomcat/9.0.21]
2020-12-28 22:46:28 INFO  [FEBS-Auth,,,] main org.apache.catalina.core.ContainerBase.[Tomcat].[localhost].[/] Initializing Spring embedded WebApplicationContext
2020-12-28 22:46:28 INFO  [FEBS-Auth,,,] main org.springframework.web.context.ContextLoader Root WebApplicationContext: initialization completed in 1235 ms
2020-12-28 22:46:28 INFO  [FEBS-Auth,,,] main com.netflix.config.sources.URLConfigurationSource To enable URLs as dynamic configuration sources, define System property archaius.configurationSource.additionalUrls or make config.properties available on classpath.
2020-12-28 22:46:28 INFO  [FEBS-Auth,,,] main com.netflix.config.DynamicPropertyFactory DynamicPropertyFactory is initialized with configuration sources: com.netflix.config.ConcurrentCompositeConfiguration@448cdb47
2020-12-28 22:46:29 INFO  [FEBS-Auth,,,] main com.zaxxer.hikari.HikariDataSource base - Starting...
2020-12-28 22:46:29 INFO  [FEBS-Auth,,,] main com.zaxxer.hikari.HikariDataSource base - Start completed.
2020-12-28 22:46:29 INFO  [FEBS-Auth,,,] main com.baomidou.dynamic.datasource.DynamicRoutingDataSource 初始共加载 1 个数据源
2020-12-28 22:46:29 INFO  [FEBS-Auth,,,] main com.baomidou.dynamic.datasource.DynamicRoutingDataSource 动态数据源-加载 base 成功
2020-12-28 22:46:29 INFO  [FEBS-Auth,,,] main com.baomidou.dynamic.datasource.DynamicRoutingDataSource 当前的默认数据源是单数据源，数据源名为 base
2020-12-28 22:46:30 INFO  [FEBS-Auth,,,] main org.springframework.security.web.DefaultSecurityFilterChain Creating filter chain: OrRequestMatcher [requestMatchers=[Ant [pattern='/oauth/token'], Ant [pattern='/oauth/token_key'], Ant [pattern='/oauth/check_token']]], [org.springframework.security.web.context.request.async.WebAsyncManagerIntegrationFilter@62410e1f, org.springframework.security.web.context.SecurityContextPersistenceFilter@14c5283, org.springframework.security.web.header.HeaderWriterFilter@e4ef4c0, org.springframework.security.web.authentication.logout.LogoutFilter@5b2c7186, org.springframework.security.web.authentication.www.BasicAuthenticationFilter@52a74328, org.springframework.security.web.savedrequest.RequestCacheAwareFilter@46748b04, org.springframework.security.web.servletapi.SecurityContextHolderAwareRequestFilter@3205610d, org.springframework.security.web.authentication.AnonymousAuthenticationFilter@5296f00c, org.springframework.security.web.session.SessionManagementFilter@5ee0cf64, org.springframework.security.web.access.ExceptionTranslationFilter@6d695ec4, org.springframework.security.web.access.intercept.FilterSecurityInterceptor@21ce2e4d]
2020-12-28 22:46:30 INFO  [FEBS-Auth,,,] main org.springframework.security.web.DefaultSecurityFilterChain Creating filter chain: OrRequestMatcher [requestMatchers=[Ant [pattern='/oauth/**']]], [org.springframework.security.web.context.request.async.WebAsyncManagerIntegrationFilter@7cd3860, org.springframework.security.web.context.SecurityContextPersistenceFilter@155c7eae, org.springframework.security.web.header.HeaderWriterFilter@33765d22, org.springframework.security.web.authentication.logout.LogoutFilter@dd07be8, com.damu.febs.auth.filter.ValidateCodeFilter@42401b81, org.springframework.security.web.savedrequest.RequestCacheAwareFilter@5c9e6d95, org.springframework.security.web.servletapi.SecurityContextHolderAwareRequestFilter@5d00b469, org.springframework.security.web.authentication.AnonymousAuthenticationFilter@44f23927, org.springframework.security.web.session.SessionManagementFilter@6f67ece5, org.springframework.security.web.access.ExceptionTranslationFilter@17dbca0a, org.springframework.security.web.access.intercept.FilterSecurityInterceptor@228958a]
2020-12-28 22:46:30 INFO  [FEBS-Auth,,,] main org.springframework.security.web.DefaultSecurityFilterChain Creating filter chain: OrRequestMatcher [requestMatchers=[Ant [pattern='/**']]], [org.springframework.security.web.context.request.async.WebAsyncManagerIntegrationFilter@5690c2a8, org.springframework.security.web.context.SecurityContextPersistenceFilter@342dc040, org.springframework.security.web.header.HeaderWriterFilter@1e66bf2d, org.springframework.security.web.authentication.logout.LogoutFilter@26feccf7, org.springframework.security.oauth2.provider.authentication.OAuth2AuthenticationProcessingFilter@61b0af9f, org.springframework.security.web.authentication.www.BasicAuthenticationFilter@694b1ddb, org.springframework.security.web.savedrequest.RequestCacheAwareFilter@3a8ead9, org.springframework.security.web.servletapi.SecurityContextHolderAwareRequestFilter@281ca256, org.springframework.security.web.authentication.AnonymousAuthenticationFilter@17e2835c, org.springframework.security.web.session.SessionManagementFilter@7112fa5, org.springframework.security.web.access.ExceptionTranslationFilter@3c68e82, org.springframework.security.web.access.intercept.FilterSecurityInterceptor@7ebaf0d]
2020-12-28 22:46:30 INFO  [FEBS-Auth,,,] main com.netflix.config.sources.URLConfigurationSource To enable URLs as dynamic configuration sources, define System property archaius.configurationSource.additionalUrls or make config.properties available on classpath.
2020-12-28 22:46:30 INFO  [FEBS-Auth,,,] main org.springframework.scheduling.concurrent.ThreadPoolTaskExecutor Initializing ExecutorService 'applicationTaskExecutor'
2020-12-28 22:46:31 INFO  [FEBS-Auth,,,] main org.springframework.boot.actuate.endpoint.web.EndpointLinksResolver Exposing 2 endpoint(s) beneath base path '/actuator'
2020-12-28 22:46:31 INFO  [FEBS-Auth,,,] main org.springframework.scheduling.concurrent.ThreadPoolTaskScheduler Initializing ExecutorService
2020-12-28 22:46:31 INFO  [FEBS-Auth,,,] main org.apache.coyote.http11.Http11NioProtocol Starting ProtocolHandler ["http-nio-8101"]
2020-12-28 22:46:31 INFO  [FEBS-Auth,,,] main org.springframework.boot.web.embedded.tomcat.TomcatWebServer Tomcat started on port(s): 8101 (http) with context path ''
2020-12-28 22:46:31 INFO  [FEBS-Auth,,,] main org.springframework.cloud.alibaba.nacos.registry.NacosServiceRegistry nacos registry, FEBS-Auth 192.168.0.108:8101 register finished
2020-12-28 22:46:31 INFO  [FEBS-Auth,,,] main com.damu.febs.auth.FebsAuthApplication Started FebsAuthApplication in 5.318 seconds (JVM running for 6.433)
2020-12-28 22:46:32 INFO  [FEBS-Auth,,,] RMI TCP Connection(4)-127.0.0.1 org.apache.catalina.core.ContainerBase.[Tomcat].[localhost].[/] Initializing Spring DispatcherServlet 'dispatcherServlet'
2020-12-28 22:46:32 INFO  [FEBS-Auth,,,] RMI TCP Connection(4)-127.0.0.1 org.springframework.web.servlet.DispatcherServlet Initializing Servlet 'dispatcherServlet'
2020-12-28 22:46:32 INFO  [FEBS-Auth,,,] RMI TCP Connection(4)-127.0.0.1 org.springframework.web.servlet.DispatcherServlet Completed initialization in 8 ms
2020-12-28 22:46:32 INFO  [FEBS-Auth,,,] parallel-1 io.lettuce.core.EpollProvider Starting without optional epoll library
2020-12-28 22:46:32 INFO  [FEBS-Auth,,,] parallel-1 io.lettuce.core.KqueueProvider Starting without optional kqueue library
2020-12-28 22:57:37 INFO  [FEBS-Auth,,,] Thread-22 org.springframework.cloud.alibaba.nacos.registry.NacosServiceRegistry De-registering from Nacos Server now...
2020-12-28 22:57:37 INFO  [FEBS-Auth,,,] Thread-22 org.springframework.cloud.alibaba.nacos.registry.NacosServiceRegistry De-registration finished.
2020-12-28 22:57:37 INFO  [FEBS-Auth,,,] Thread-22 org.springframework.scheduling.concurrent.ThreadPoolTaskExecutor Shutting down ExecutorService 'applicationTaskExecutor'
2020-12-28 22:57:38 INFO  [FEBS-Auth,,,] Thread-22 com.baomidou.dynamic.datasource.DynamicRoutingDataSource closing dynamicDatasource  ing....
2020-12-28 22:57:38 INFO  [FEBS-Auth,,,] Thread-22 com.zaxxer.hikari.HikariDataSource base - Shutdown initiated...
2020-12-28 22:57:38 INFO  [FEBS-Auth,,,] Thread-22 com.zaxxer.hikari.HikariDataSource base - Shutdown completed.
