2020-12-14 21:30:13 ERROR [FEBS-Gateway,,,] reactor-http-nio-2 com.damu.febs.gateway.handler.FebsGatewayExceptionHandler 请求发生异常，请求URI：/favicon.ico，请求方法：GET，异常信息：404 NOT_FOUND
2020-12-14 21:30:13 ERROR [FEBS-Gateway,,,] reactor-http-nio-2 org.springframework.boot.autoconfigure.web.reactive.error.AbstractErrorWebExceptionHandler [be3f25df] 500 Server Error for HTTP GET "/favicon.ico"
org.springframework.web.server.ResponseStatusException: 404 NOT_FOUND
	at org.springframework.web.reactive.resource.ResourceWebHandler.lambda$handle$0(ResourceWebHandler.java:325)
	at reactor.core.publisher.MonoDefer.subscribe(MonoDefer.java:44)
	at reactor.core.publisher.Mono.subscribe(Mono.java:3848)
	at reactor.core.publisher.FluxSwitchIfEmpty$SwitchIfEmptySubscriber.onComplete(FluxSwitchIfEmpty.java:75)
	at reactor.core.publisher.MonoFlatMap$FlatMapMain.onComplete(MonoFlatMap.java:174)
	at reactor.core.publisher.MonoNext$NextSubscriber.onComplete(MonoNext.java:96)
	at reactor.core.publisher.FluxConcatMap$ConcatMapImmediate.drain(FluxConcatMap.java:360)
	at reactor.core.publisher.FluxConcatMap$ConcatMapImmediate.onSubscribe(FluxConcatMap.java:212)
	at reactor.core.publisher.FluxIterable.subscribe(FluxIterable.java:139)
	at reactor.core.publisher.FluxIterable.subscribe(FluxIterable.java:63)
	at reactor.core.publisher.FluxConcatMap.subscribe(FluxConcatMap.java:121)
	at reactor.core.publisher.MonoNext.subscribe(MonoNext.java:40)
	at reactor.core.publisher.MonoFlatMap.subscribe(MonoFlatMap.java:60)
	at reactor.core.publisher.MonoSwitchIfEmpty.subscribe(MonoSwitchIfEmpty.java:44)
	at reactor.core.publisher.MonoFlatMap.subscribe(MonoFlatMap.java:60)
	at reactor.core.publisher.Mono.subscribe(Mono.java:3848)
	at reactor.core.publisher.MonoIgnoreThen$ThenIgnoreMain.drain(MonoIgnoreThen.java:172)
	at reactor.core.publisher.MonoIgnoreThen.subscribe(MonoIgnoreThen.java:56)
	at reactor.core.publisher.MonoFlatMap$FlatMapMain.onNext(MonoFlatMap.java:150)
	at reactor.core.publisher.FluxSwitchIfEmpty$SwitchIfEmptySubscriber.onNext(FluxSwitchIfEmpty.java:67)
	at reactor.core.publisher.MonoNext$NextSubscriber.onNext(MonoNext.java:76)
	at reactor.core.publisher.FluxConcatMap$ConcatMapImmediate.innerNext(FluxConcatMap.java:275)
	at reactor.core.publisher.FluxConcatMap$ConcatMapInner.onNext(FluxConcatMap.java:849)
	at reactor.core.publisher.FluxMapFuseable$MapFuseableSubscriber.onNext(FluxMapFuseable.java:121)
	at reactor.core.publisher.Operators$ScalarSubscription.request(Operators.java:2071)
	at reactor.core.publisher.FluxMapFuseable$MapFuseableSubscriber.request(FluxMapFuseable.java:162)
	at reactor.core.publisher.Operators$MultiSubscriptionSubscriber.set(Operators.java:1879)
	at reactor.core.publisher.Operators$MultiSubscriptionSubscriber.onSubscribe(Operators.java:1753)
	at reactor.core.publisher.FluxMapFuseable$MapFuseableSubscriber.onSubscribe(FluxMapFuseable.java:90)
	at reactor.core.publisher.MonoJust.subscribe(MonoJust.java:54)
	at reactor.core.publisher.MonoMapFuseable.subscribe(MonoMapFuseable.java:59)
	at reactor.core.publisher.Mono.subscribe(Mono.java:3848)
	at reactor.core.publisher.FluxConcatMap$ConcatMapImmediate.drain(FluxConcatMap.java:442)
	at reactor.core.publisher.FluxConcatMap$ConcatMapImmediate.onSubscribe(FluxConcatMap.java:212)
	at reactor.core.publisher.FluxIterable.subscribe(FluxIterable.java:139)
	at reactor.core.publisher.FluxIterable.subscribe(FluxIterable.java:63)
	at reactor.core.publisher.FluxConcatMap.subscribe(FluxConcatMap.java:121)
	at reactor.core.publisher.MonoNext.subscribe(MonoNext.java:40)
	at reactor.core.publisher.MonoSwitchIfEmpty.subscribe(MonoSwitchIfEmpty.java:44)
	at reactor.core.publisher.MonoFlatMap.subscribe(MonoFlatMap.java:60)
	at reactor.core.publisher.MonoFlatMap.subscribe(MonoFlatMap.java:60)
	at reactor.core.publisher.MonoDefer.subscribe(MonoDefer.java:52)
	at reactor.core.publisher.MonoDefer.subscribe(MonoDefer.java:52)
	at reactor.core.publisher.MonoDefer.subscribe(MonoDefer.java:52)
	at reactor.core.publisher.MonoOnErrorResume.subscribe(MonoOnErrorResume.java:44)
	at reactor.core.publisher.MonoOnErrorResume.subscribe(MonoOnErrorResume.java:44)
	at reactor.core.publisher.MonoOnErrorResume.subscribe(MonoOnErrorResume.java:44)
	at reactor.core.publisher.MonoPeekTerminal.subscribe(MonoPeekTerminal.java:61)
	at reactor.core.publisher.MonoOnErrorResume.subscribe(MonoOnErrorResume.java:44)
	at reactor.core.publisher.Mono.subscribe(Mono.java:3848)
	at reactor.core.publisher.MonoIgnoreThen$ThenIgnoreMain.drain(MonoIgnoreThen.java:172)
	at reactor.core.publisher.MonoIgnoreThen.subscribe(MonoIgnoreThen.java:56)
	at reactor.core.publisher.MonoPeekFuseable.subscribe(MonoPeekFuseable.java:70)
	at reactor.core.publisher.MonoPeekTerminal.subscribe(MonoPeekTerminal.java:61)
	at reactor.netty.http.server.HttpServerHandle.onStateChange(HttpServerHandle.java:64)
	at reactor.netty.tcp.TcpServerBind$ChildObserver.onStateChange(TcpServerBind.java:226)
	at reactor.netty.http.server.HttpServerOperations.onInboundNext(HttpServerOperations.java:442)
	at reactor.netty.channel.ChannelOperationsHandler.channelRead(ChannelOperationsHandler.java:91)
	at io.netty.channel.AbstractChannelHandlerContext.invokeChannelRead(AbstractChannelHandlerContext.java:374)
	at io.netty.channel.AbstractChannelHandlerContext.invokeChannelRead(AbstractChannelHandlerContext.java:360)
	at io.netty.channel.AbstractChannelHandlerContext.fireChannelRead(AbstractChannelHandlerContext.java:352)
	at reactor.netty.http.server.HttpTrafficHandler.channelRead(HttpTrafficHandler.java:161)
	at io.netty.channel.AbstractChannelHandlerContext.invokeChannelRead(AbstractChannelHandlerContext.java:374)
	at io.netty.channel.AbstractChannelHandlerContext.invokeChannelRead(AbstractChannelHandlerContext.java:360)
	at io.netty.channel.AbstractChannelHandlerContext.fireChannelRead(AbstractChannelHandlerContext.java:352)
	at io.netty.channel.CombinedChannelDuplexHandler$DelegatingChannelHandlerContext.fireChannelRead(CombinedChannelDuplexHandler.java:438)
	at io.netty.handler.codec.ByteToMessageDecoder.fireChannelRead(ByteToMessageDecoder.java:323)
	at io.netty.handler.codec.ByteToMessageDecoder.channelRead(ByteToMessageDecoder.java:297)
	at io.netty.channel.CombinedChannelDuplexHandler.channelRead(CombinedChannelDuplexHandler.java:253)
	at io.netty.channel.AbstractChannelHandlerContext.invokeChannelRead(AbstractChannelHandlerContext.java:374)
	at io.netty.channel.AbstractChannelHandlerContext.invokeChannelRead(AbstractChannelHandlerContext.java:360)
	at io.netty.channel.AbstractChannelHandlerContext.fireChannelRead(AbstractChannelHandlerContext.java:352)
	at io.netty.channel.DefaultChannelPipeline$HeadContext.channelRead(DefaultChannelPipeline.java:1408)
	at io.netty.channel.AbstractChannelHandlerContext.invokeChannelRead(AbstractChannelHandlerContext.java:374)
	at io.netty.channel.AbstractChannelHandlerContext.invokeChannelRead(AbstractChannelHandlerContext.java:360)
	at io.netty.channel.DefaultChannelPipeline.fireChannelRead(DefaultChannelPipeline.java:930)
	at io.netty.channel.nio.AbstractNioByteChannel$NioByteUnsafe.read(AbstractNioByteChannel.java:163)
	at io.netty.channel.nio.NioEventLoop.processSelectedKey(NioEventLoop.java:682)
	at io.netty.channel.nio.NioEventLoop.processSelectedKeysOptimized(NioEventLoop.java:617)
	at io.netty.channel.nio.NioEventLoop.processSelectedKeys(NioEventLoop.java:534)
	at io.netty.channel.nio.NioEventLoop.run(NioEventLoop.java:496)
	at io.netty.util.concurrent.SingleThreadEventExecutor$5.run(SingleThreadEventExecutor.java:906)
	at io.netty.util.internal.ThreadExecutorMap$2.run(ThreadExecutorMap.java:74)
	at java.lang.Thread.run(Thread.java:745)
