2020-12-08 20:25:14 INFO  [springAppName_IS_UNDEFINED,,,] main org.springframework.context.support.PostProcessorRegistrationDelegate$BeanPostProcessorChecker Bean 'org.springframework.cloud.autoconfigure.ConfigurationPropertiesRebinderAutoConfiguration' of type [org.springframework.cloud.autoconfigure.ConfigurationPropertiesRebinderAutoConfiguration$$EnhancerBySpringCGLIB$$1592404d] is not eligible for getting processed by all BeanPostProcessors (for example: not eligible for auto-proxying)
2020-12-08 20:25:14 INFO  [sct-eureka,,,] main com.damu.febs.eureka.FebsRegisterApplication No active profile set, falling back to default profiles: default
2020-12-08 20:25:15 INFO  [sct-eureka,,,] main org.springframework.cloud.context.scope.GenericScope BeanFactory id=a62fc889-5018-3e8b-9bf9-fb328a4f1dd9
2020-12-08 20:25:15 INFO  [sct-eureka,,,] main org.springframework.context.support.PostProcessorRegistrationDelegate$BeanPostProcessorChecker Bean 'org.springframework.cloud.autoconfigure.ConfigurationPropertiesRebinderAutoConfiguration' of type [org.springframework.cloud.autoconfigure.ConfigurationPropertiesRebinderAutoConfiguration$$EnhancerBySpringCGLIB$$1592404d] is not eligible for getting processed by all BeanPostProcessors (for example: not eligible for auto-proxying)
2020-12-08 20:25:16 INFO  [sct-eureka,,,] main org.springframework.boot.web.embedded.tomcat.TomcatWebServer Tomcat initialized with port(s): 8761 (http)
2020-12-08 20:25:16 INFO  [sct-eureka,,,] main org.apache.coyote.http11.Http11NioProtocol Initializing ProtocolHandler ["http-nio-8761"]
2020-12-08 20:25:16 INFO  [sct-eureka,,,] main org.apache.catalina.core.StandardService Starting service [Tomcat]
2020-12-08 20:25:16 INFO  [sct-eureka,,,] main org.apache.catalina.core.StandardEngine Starting Servlet engine: [Apache Tomcat/9.0.21]
2020-12-08 20:25:16 INFO  [sct-eureka,,,] main org.apache.catalina.core.ContainerBase.[Tomcat].[localhost].[/] Initializing Spring embedded WebApplicationContext
2020-12-08 20:25:16 INFO  [sct-eureka,,,] main org.springframework.web.context.ContextLoader Root WebApplicationContext: initialization completed in 1468 ms
2020-12-08 20:25:16 INFO  [sct-eureka,,,] main com.netflix.config.sources.URLConfigurationSource To enable URLs as dynamic configuration sources, define System property archaius.configurationSource.additionalUrls or make config.properties available on classpath.
2020-12-08 20:25:16 INFO  [sct-eureka,,,] main com.netflix.config.DynamicPropertyFactory DynamicPropertyFactory is initialized with configuration sources: com.netflix.config.ConcurrentCompositeConfiguration@d13960e
2020-12-08 20:25:17 INFO  [sct-eureka,,,] main org.springframework.boot.actuate.endpoint.web.ServletEndpointRegistrar Registered '/actuator/jolokia' to jolokia-actuator-endpoint
2020-12-08 20:25:17 INFO  [sct-eureka,,,] main com.sun.jersey.server.impl.application.WebApplicationImpl Initiating Jersey application, version 'Jersey: 1.19.1 03/11/2016 02:08 PM'
2020-12-08 20:25:17 INFO  [sct-eureka,,,] main com.netflix.discovery.provider.DiscoveryJerseyProvider Using JSON encoding codec LegacyJacksonJson
2020-12-08 20:25:17 INFO  [sct-eureka,,,] main com.netflix.discovery.provider.DiscoveryJerseyProvider Using JSON decoding codec LegacyJacksonJson
2020-12-08 20:25:18 INFO  [sct-eureka,,,] main com.netflix.discovery.provider.DiscoveryJerseyProvider Using XML encoding codec XStreamXml
2020-12-08 20:25:18 INFO  [sct-eureka,,,] main com.netflix.discovery.provider.DiscoveryJerseyProvider Using XML decoding codec XStreamXml
2020-12-08 20:25:18 INFO  [sct-eureka,,,] main com.netflix.config.sources.URLConfigurationSource To enable URLs as dynamic configuration sources, define System property archaius.configurationSource.additionalUrls or make config.properties available on classpath.
2020-12-08 20:25:18 INFO  [sct-eureka,,,] main org.springframework.scheduling.concurrent.ThreadPoolTaskExecutor Initializing ExecutorService 'applicationTaskExecutor'
2020-12-08 20:25:19 INFO  [sct-eureka,,,] main org.springframework.cloud.netflix.eureka.InstanceInfoFactory Setting initial instance status as: STARTING
2020-12-08 20:25:19 INFO  [sct-eureka,,,] main com.netflix.discovery.DiscoveryClient Initializing Eureka in region us-east-1
2020-12-08 20:25:19 INFO  [sct-eureka,,,] main com.netflix.discovery.DiscoveryClient Client configured to neither register nor query for data.
2020-12-08 20:25:19 INFO  [sct-eureka,,,] main com.netflix.discovery.DiscoveryClient Discovery Client initialized at timestamp 1607430319655 with initial instances count: 0
2020-12-08 20:25:19 INFO  [sct-eureka,,,] main com.netflix.eureka.DefaultEurekaServerContext Initializing ...
2020-12-08 20:25:19 INFO  [sct-eureka,,,] main com.netflix.eureka.registry.AbstractInstanceRegistry Finished initializing remote region registries. All known remote regions: []
2020-12-08 20:25:19 INFO  [sct-eureka,,,] main com.netflix.eureka.DefaultEurekaServerContext Initialized
2020-12-08 20:25:19 INFO  [sct-eureka,,,] main org.springframework.boot.actuate.endpoint.web.EndpointLinksResolver Exposing 20 endpoint(s) beneath base path '/actuator'
2020-12-08 20:25:19 INFO  [sct-eureka,,,] main org.springframework.cloud.netflix.eureka.serviceregistry.EurekaServiceRegistry Registering application SCT-EUREKA with eureka with status UP
2020-12-08 20:25:19 INFO  [sct-eureka,,,] Thread-25 org.springframework.cloud.netflix.eureka.server.EurekaServerBootstrap Setting the eureka configuration..
2020-12-08 20:25:19 INFO  [sct-eureka,,,] Thread-25 org.springframework.cloud.netflix.eureka.server.EurekaServerBootstrap Eureka data center value eureka.datacenter is not set, defaulting to default
2020-12-08 20:25:19 INFO  [sct-eureka,,,] Thread-25 org.springframework.cloud.netflix.eureka.server.EurekaServerBootstrap Eureka environment value eureka.environment is not set, defaulting to test
2020-12-08 20:25:19 INFO  [sct-eureka,,,] Thread-25 org.springframework.cloud.netflix.eureka.server.EurekaServerBootstrap isAws returned false
2020-12-08 20:25:19 INFO  [sct-eureka,,,] Thread-25 org.springframework.cloud.netflix.eureka.server.EurekaServerBootstrap Initialized server context
2020-12-08 20:25:19 INFO  [sct-eureka,,,] Thread-25 com.netflix.eureka.registry.PeerAwareInstanceRegistryImpl Got 1 instances from neighboring DS node
2020-12-08 20:25:19 INFO  [sct-eureka,,,] Thread-25 com.netflix.eureka.registry.PeerAwareInstanceRegistryImpl Renew threshold is: 1
2020-12-08 20:25:19 INFO  [sct-eureka,,,] Thread-25 com.netflix.eureka.registry.PeerAwareInstanceRegistryImpl Changing status to UP
2020-12-08 20:25:19 INFO  [sct-eureka,,,] main org.apache.coyote.http11.Http11NioProtocol Starting ProtocolHandler ["http-nio-8761"]
2020-12-08 20:25:19 INFO  [sct-eureka,,,] Thread-25 org.springframework.cloud.netflix.eureka.server.EurekaServerInitializerConfiguration Started Eureka Server
2020-12-08 20:25:19 INFO  [sct-eureka,,,] main org.springframework.boot.web.embedded.tomcat.TomcatWebServer Tomcat started on port(s): 8761 (http) with context path ''
2020-12-08 20:25:19 INFO  [sct-eureka,,,] main org.springframework.cloud.netflix.eureka.serviceregistry.EurekaAutoServiceRegistration Updating port to 8761
2020-12-08 20:25:19 INFO  [sct-eureka,,,] main com.damu.febs.eureka.FebsRegisterApplication Started FebsRegisterApplication in 6.961 seconds (JVM running for 9.06)
2020-12-08 20:25:20 INFO  [sct-eureka,,,] RMI TCP Connection(4)-127.0.0.1 org.apache.catalina.core.ContainerBase.[Tomcat].[localhost].[/] Initializing Spring DispatcherServlet 'dispatcherServlet'
2020-12-08 20:25:20 INFO  [sct-eureka,,,] RMI TCP Connection(4)-127.0.0.1 org.springframework.web.servlet.DispatcherServlet Initializing Servlet 'dispatcherServlet'
2020-12-08 20:25:20 INFO  [sct-eureka,,,] RMI TCP Connection(4)-127.0.0.1 org.springframework.web.servlet.DispatcherServlet Completed initialization in 9 ms
2020-12-08 20:26:19 INFO  [sct-eureka,,,] Eureka-EvictionTimer com.netflix.eureka.registry.AbstractInstanceRegistry Running the evict task with compensationTime 0ms
2020-12-08 20:27:19 INFO  [sct-eureka,,,] Eureka-EvictionTimer com.netflix.eureka.registry.AbstractInstanceRegistry Running the evict task with compensationTime 9ms
2020-12-08 20:27:32 INFO  [sct-eureka,,,] http-nio-8761-exec-2 com.netflix.eureka.registry.AbstractInstanceRegistry Registered instance FEBS-SERVER-SYSTEM/192.168.0.108:FEBS-Server-System:8201 with status UP (replication=false)
2020-12-08 20:27:34 INFO  [sct-eureka,,,] http-nio-8761-exec-4 com.netflix.eureka.registry.AbstractInstanceRegistry Registered instance FEBS-SERVER-TEST/192.168.0.108:FEBS-Server-Test:8202 with status UP (replication=false)
2020-12-08 20:27:37 INFO  [sct-eureka,,,] http-nio-8761-exec-7 com.netflix.eureka.registry.AbstractInstanceRegistry Registered instance FEBS-GATEWAY/192.168.0.108:FEBS-Gateway:8301 with status UP (replication=false)
2020-12-08 20:28:19 INFO  [sct-eureka,,,] Eureka-EvictionTimer com.netflix.eureka.registry.AbstractInstanceRegistry Running the evict task with compensationTime 7ms
2020-12-08 20:29:19 INFO  [sct-eureka,,,] Eureka-EvictionTimer com.netflix.eureka.registry.AbstractInstanceRegistry Running the evict task with compensationTime 3ms
2020-12-08 20:29:54 INFO  [sct-eureka,,,] http-nio-8761-exec-2 com.netflix.eureka.registry.AbstractInstanceRegistry Registered instance FEBS-AUTH/192.168.0.108:FEBS-Auth:8101 with status UP (replication=false)
2020-12-08 20:30:19 INFO  [sct-eureka,,,] Eureka-EvictionTimer com.netflix.eureka.registry.AbstractInstanceRegistry Running the evict task with compensationTime 1ms
2020-12-08 20:31:19 INFO  [sct-eureka,,,] Eureka-EvictionTimer com.netflix.eureka.registry.AbstractInstanceRegistry Running the evict task with compensationTime 0ms
2020-12-08 20:32:19 INFO  [sct-eureka,,,] Eureka-EvictionTimer com.netflix.eureka.registry.AbstractInstanceRegistry Running the evict task with compensationTime 9ms
2020-12-08 20:33:19 INFO  [sct-eureka,,,] Eureka-EvictionTimer com.netflix.eureka.registry.AbstractInstanceRegistry Running the evict task with compensationTime 5ms
2020-12-08 20:34:19 INFO  [sct-eureka,,,] Eureka-EvictionTimer com.netflix.eureka.registry.AbstractInstanceRegistry Running the evict task with compensationTime 12ms
2020-12-08 20:35:19 INFO  [sct-eureka,,,] Eureka-EvictionTimer com.netflix.eureka.registry.AbstractInstanceRegistry Running the evict task with compensationTime 0ms
2020-12-08 20:36:19 INFO  [sct-eureka,,,] Eureka-EvictionTimer com.netflix.eureka.registry.AbstractInstanceRegistry Running the evict task with compensationTime 3ms
2020-12-08 20:37:19 INFO  [sct-eureka,,,] Eureka-EvictionTimer com.netflix.eureka.registry.AbstractInstanceRegistry Running the evict task with compensationTime 10ms
2020-12-08 20:38:19 INFO  [sct-eureka,,,] Eureka-EvictionTimer com.netflix.eureka.registry.AbstractInstanceRegistry Running the evict task with compensationTime 9ms
2020-12-08 20:39:19 INFO  [sct-eureka,,,] Eureka-EvictionTimer com.netflix.eureka.registry.AbstractInstanceRegistry Running the evict task with compensationTime 10ms
2020-12-08 20:40:19 INFO  [sct-eureka,,,] ReplicaAwareInstanceRegistry - RenewalThresholdUpdater com.netflix.eureka.registry.PeerAwareInstanceRegistryImpl Current renewal threshold is : 8
2020-12-08 20:40:19 INFO  [sct-eureka,,,] Eureka-EvictionTimer com.netflix.eureka.registry.AbstractInstanceRegistry Running the evict task with compensationTime 7ms
2020-12-08 20:41:19 INFO  [sct-eureka,,,] Eureka-EvictionTimer com.netflix.eureka.registry.AbstractInstanceRegistry Running the evict task with compensationTime 12ms
2020-12-08 20:42:19 INFO  [sct-eureka,,,] Eureka-EvictionTimer com.netflix.eureka.registry.AbstractInstanceRegistry Running the evict task with compensationTime 7ms
2020-12-08 20:43:19 INFO  [sct-eureka,,,] Eureka-EvictionTimer com.netflix.eureka.registry.AbstractInstanceRegistry Running the evict task with compensationTime 8ms
2020-12-08 20:44:19 INFO  [sct-eureka,,,] Eureka-EvictionTimer com.netflix.eureka.registry.AbstractInstanceRegistry Running the evict task with compensationTime 13ms
2020-12-08 20:45:19 INFO  [sct-eureka,,,] Eureka-EvictionTimer com.netflix.eureka.registry.AbstractInstanceRegistry Running the evict task with compensationTime 3ms
2020-12-08 20:46:19 INFO  [sct-eureka,,,] Eureka-EvictionTimer com.netflix.eureka.registry.AbstractInstanceRegistry Running the evict task with compensationTime 11ms
2020-12-08 20:47:20 INFO  [sct-eureka,,,] Eureka-EvictionTimer com.netflix.eureka.registry.AbstractInstanceRegistry Running the evict task with compensationTime 9ms
2020-12-08 20:48:20 INFO  [sct-eureka,,,] Eureka-EvictionTimer com.netflix.eureka.registry.AbstractInstanceRegistry Running the evict task with compensationTime 13ms
2020-12-08 20:49:20 INFO  [sct-eureka,,,] Eureka-EvictionTimer com.netflix.eureka.registry.AbstractInstanceRegistry Running the evict task with compensationTime 7ms
2020-12-08 20:50:20 INFO  [sct-eureka,,,] Eureka-EvictionTimer com.netflix.eureka.registry.AbstractInstanceRegistry Running the evict task with compensationTime 7ms
2020-12-08 20:51:20 INFO  [sct-eureka,,,] Eureka-EvictionTimer com.netflix.eureka.registry.AbstractInstanceRegistry Running the evict task with compensationTime 9ms
2020-12-08 20:52:20 INFO  [sct-eureka,,,] Eureka-EvictionTimer com.netflix.eureka.registry.AbstractInstanceRegistry Running the evict task with compensationTime 13ms
2020-12-08 20:53:20 INFO  [sct-eureka,,,] Eureka-EvictionTimer com.netflix.eureka.registry.AbstractInstanceRegistry Running the evict task with compensationTime 3ms
2020-12-08 20:53:48 INFO  [sct-eureka,,,] http-nio-8761-exec-3 com.netflix.eureka.registry.AbstractInstanceRegistry Registered instance FEBS-GATEWAY/192.168.0.108:FEBS-Gateway:8301 with status DOWN (replication=false)
2020-12-08 20:53:51 INFO  [sct-eureka,,,] http-nio-8761-exec-4 com.netflix.eureka.registry.AbstractInstanceRegistry Cancelled instance FEBS-GATEWAY/192.168.0.108:FEBS-Gateway:8301 (replication=false)
2020-12-08 20:53:58 INFO  [sct-eureka,,,] http-nio-8761-exec-8 com.netflix.eureka.registry.AbstractInstanceRegistry Registered instance FEBS-GATEWAY/192.168.0.108:FEBS-Gateway:8301 with status UP (replication=false)
2020-12-08 20:54:20 INFO  [sct-eureka,,,] Eureka-EvictionTimer com.netflix.eureka.registry.AbstractInstanceRegistry Running the evict task with compensationTime 1ms
2020-12-08 20:55:14 INFO  [sct-eureka,,,] http-nio-8761-exec-7 com.netflix.eureka.registry.AbstractInstanceRegistry Registered instance FEBS-AUTH/192.168.0.108:FEBS-Auth:8101 with status DOWN (replication=false)
2020-12-08 20:55:19 INFO  [sct-eureka,,,] ReplicaAwareInstanceRegistry - RenewalThresholdUpdater com.netflix.eureka.registry.PeerAwareInstanceRegistryImpl Current renewal threshold is : 8
2020-12-08 20:55:20 INFO  [sct-eureka,,,] Eureka-EvictionTimer com.netflix.eureka.registry.AbstractInstanceRegistry Running the evict task with compensationTime 10ms
2020-12-08 20:56:20 INFO  [sct-eureka,,,] Eureka-EvictionTimer com.netflix.eureka.registry.AbstractInstanceRegistry Running the evict task with compensationTime 14ms
2020-12-08 20:57:20 INFO  [sct-eureka,,,] Eureka-EvictionTimer com.netflix.eureka.registry.AbstractInstanceRegistry Running the evict task with compensationTime 14ms
2020-12-08 20:58:20 INFO  [sct-eureka,,,] Eureka-EvictionTimer com.netflix.eureka.registry.AbstractInstanceRegistry Running the evict task with compensationTime 9ms
2020-12-08 20:58:20 INFO  [sct-eureka,,,] Eureka-EvictionTimer com.netflix.eureka.registry.AbstractInstanceRegistry Evicting 1 items (expired=1, evictionLimit=1)
2020-12-08 20:58:20 INFO  [sct-eureka,,,] Eureka-EvictionTimer com.netflix.eureka.registry.AbstractInstanceRegistry Cancelled instance FEBS-AUTH/192.168.0.108:FEBS-Auth:8101 (replication=false)
2020-12-08 20:59:20 INFO  [sct-eureka,,,] Eureka-EvictionTimer com.netflix.eureka.registry.AbstractInstanceRegistry Running the evict task with compensationTime 14ms
2020-12-08 21:00:20 INFO  [sct-eureka,,,] Eureka-EvictionTimer com.netflix.eureka.registry.AbstractInstanceRegistry Running the evict task with compensationTime 5ms
2020-12-08 21:00:45 INFO  [sct-eureka,,,] http-nio-8761-exec-6 com.netflix.eureka.registry.AbstractInstanceRegistry Registered instance FEBS-GATEWAY/192.168.0.108:FEBS-Gateway:8301 with status DOWN (replication=false)
2020-12-08 21:00:48 INFO  [sct-eureka,,,] http-nio-8761-exec-8 com.netflix.eureka.registry.AbstractInstanceRegistry Cancelled instance FEBS-GATEWAY/192.168.0.108:FEBS-Gateway:8301 (replication=false)
2020-12-08 21:00:50 INFO  [sct-eureka,,,] http-nio-8761-exec-1 com.netflix.eureka.registry.AbstractInstanceRegistry Registered instance FEBS-AUTH/192.168.0.108:FEBS-Auth:8101 with status UP (replication=false)
2020-12-08 21:00:55 INFO  [sct-eureka,,,] http-nio-8761-exec-4 com.netflix.eureka.registry.AbstractInstanceRegistry Registered instance FEBS-GATEWAY/192.168.0.108:FEBS-Gateway:8301 with status UP (replication=false)
2020-12-08 21:01:20 INFO  [sct-eureka,,,] Eureka-EvictionTimer com.netflix.eureka.registry.AbstractInstanceRegistry Running the evict task with compensationTime 11ms
2020-12-08 21:02:20 INFO  [sct-eureka,,,] Eureka-EvictionTimer com.netflix.eureka.registry.AbstractInstanceRegistry Running the evict task with compensationTime 3ms
2020-12-08 21:03:20 INFO  [sct-eureka,,,] Eureka-EvictionTimer com.netflix.eureka.registry.AbstractInstanceRegistry Running the evict task with compensationTime 11ms
2020-12-08 21:04:20 INFO  [sct-eureka,,,] Eureka-EvictionTimer com.netflix.eureka.registry.AbstractInstanceRegistry Running the evict task with compensationTime 5ms
2020-12-08 21:05:20 INFO  [sct-eureka,,,] Eureka-EvictionTimer com.netflix.eureka.registry.AbstractInstanceRegistry Running the evict task with compensationTime 6ms
2020-12-08 21:06:20 INFO  [sct-eureka,,,] Eureka-EvictionTimer com.netflix.eureka.registry.AbstractInstanceRegistry Running the evict task with compensationTime 10ms
2020-12-08 21:07:20 INFO  [sct-eureka,,,] Eureka-EvictionTimer com.netflix.eureka.registry.AbstractInstanceRegistry Running the evict task with compensationTime 3ms
2020-12-08 21:08:20 INFO  [sct-eureka,,,] Eureka-EvictionTimer com.netflix.eureka.registry.AbstractInstanceRegistry Running the evict task with compensationTime 7ms
2020-12-08 21:09:22 INFO  [sct-eureka,,,] Eureka-EvictionTimer com.netflix.eureka.registry.AbstractInstanceRegistry Running the evict task with compensationTime 11ms
2020-12-08 21:10:21 INFO  [sct-eureka,,,] ReplicaAwareInstanceRegistry - RenewalThresholdUpdater com.netflix.eureka.registry.PeerAwareInstanceRegistryImpl Current renewal threshold is : 10
2020-12-08 21:10:22 INFO  [sct-eureka,,,] Eureka-EvictionTimer com.netflix.eureka.registry.AbstractInstanceRegistry Running the evict task with compensationTime 14ms
2020-12-08 21:11:22 INFO  [sct-eureka,,,] Eureka-EvictionTimer com.netflix.eureka.registry.AbstractInstanceRegistry Running the evict task with compensationTime 10ms
2020-12-08 21:12:22 INFO  [sct-eureka,,,] Eureka-EvictionTimer com.netflix.eureka.registry.AbstractInstanceRegistry Running the evict task with compensationTime 11ms
2020-12-08 21:13:22 INFO  [sct-eureka,,,] Eureka-EvictionTimer com.netflix.eureka.registry.AbstractInstanceRegistry Running the evict task with compensationTime 6ms
2020-12-08 21:14:22 INFO  [sct-eureka,,,] Eureka-EvictionTimer com.netflix.eureka.registry.AbstractInstanceRegistry Running the evict task with compensationTime 12ms
2020-12-08 21:15:22 INFO  [sct-eureka,,,] Eureka-EvictionTimer com.netflix.eureka.registry.AbstractInstanceRegistry Running the evict task with compensationTime 5ms
2020-12-08 21:16:22 INFO  [sct-eureka,,,] Eureka-EvictionTimer com.netflix.eureka.registry.AbstractInstanceRegistry Running the evict task with compensationTime 14ms
2020-12-08 21:17:03 INFO  [sct-eureka,,,] http-nio-8761-exec-7 com.netflix.eureka.registry.AbstractInstanceRegistry Registered instance FEBS-AUTH/192.168.0.108:FEBS-Auth:8101 with status DOWN (replication=false)
2020-12-08 21:17:07 INFO  [sct-eureka,,,] http-nio-8761-exec-1 com.netflix.eureka.registry.AbstractInstanceRegistry Cancelled instance FEBS-AUTH/192.168.0.108:FEBS-Auth:8101 (replication=false)
2020-12-08 21:17:22 INFO  [sct-eureka,,,] http-nio-8761-exec-5 com.netflix.eureka.registry.AbstractInstanceRegistry Registered instance FEBS-AUTH/192.168.0.108:FEBS-Auth:8101 with status UP (replication=false)
2020-12-08 21:17:22 INFO  [sct-eureka,,,] Eureka-EvictionTimer com.netflix.eureka.registry.AbstractInstanceRegistry Running the evict task with compensationTime 5ms
2020-12-08 21:17:25 INFO  [sct-eureka,,,] http-nio-8761-exec-1 com.netflix.eureka.registry.AbstractInstanceRegistry Registered instance FEBS-GATEWAY/192.168.0.108:FEBS-Gateway:8301 with status DOWN (replication=false)
2020-12-08 21:17:28 INFO  [sct-eureka,,,] http-nio-8761-exec-3 com.netflix.eureka.registry.AbstractInstanceRegistry Cancelled instance FEBS-GATEWAY/192.168.0.108:FEBS-Gateway:8301 (replication=false)
2020-12-08 21:17:35 INFO  [sct-eureka,,,] http-nio-8761-exec-2 com.netflix.eureka.registry.AbstractInstanceRegistry Registered instance FEBS-GATEWAY/192.168.0.108:FEBS-Gateway:8301 with status UP (replication=false)
2020-12-08 21:18:22 INFO  [sct-eureka,,,] Eureka-EvictionTimer com.netflix.eureka.registry.AbstractInstanceRegistry Running the evict task with compensationTime 5ms
2020-12-08 21:19:22 INFO  [sct-eureka,,,] Eureka-EvictionTimer com.netflix.eureka.registry.AbstractInstanceRegistry Running the evict task with compensationTime 5ms
2020-12-08 21:20:22 INFO  [sct-eureka,,,] Eureka-EvictionTimer com.netflix.eureka.registry.AbstractInstanceRegistry Running the evict task with compensationTime 5ms
2020-12-08 21:21:22 INFO  [sct-eureka,,,] Eureka-EvictionTimer com.netflix.eureka.registry.AbstractInstanceRegistry Running the evict task with compensationTime 2ms
2020-12-08 21:22:22 INFO  [sct-eureka,,,] Eureka-EvictionTimer com.netflix.eureka.registry.AbstractInstanceRegistry Running the evict task with compensationTime 8ms
2020-12-08 21:23:22 INFO  [sct-eureka,,,] Eureka-EvictionTimer com.netflix.eureka.registry.AbstractInstanceRegistry Running the evict task with compensationTime 14ms
2020-12-08 21:24:22 INFO  [sct-eureka,,,] Eureka-EvictionTimer com.netflix.eureka.registry.AbstractInstanceRegistry Running the evict task with compensationTime 5ms
2020-12-08 21:25:22 INFO  [sct-eureka,,,] ReplicaAwareInstanceRegistry - RenewalThresholdUpdater com.netflix.eureka.registry.PeerAwareInstanceRegistryImpl Current renewal threshold is : 10
2020-12-08 21:25:22 INFO  [sct-eureka,,,] Eureka-EvictionTimer com.netflix.eureka.registry.AbstractInstanceRegistry Running the evict task with compensationTime 1ms
2020-12-08 21:26:22 INFO  [sct-eureka,,,] Eureka-EvictionTimer com.netflix.eureka.registry.AbstractInstanceRegistry Running the evict task with compensationTime 4ms
2020-12-08 21:27:22 INFO  [sct-eureka,,,] Eureka-EvictionTimer com.netflix.eureka.registry.AbstractInstanceRegistry Running the evict task with compensationTime 7ms
2020-12-08 21:28:22 INFO  [sct-eureka,,,] Eureka-EvictionTimer com.netflix.eureka.registry.AbstractInstanceRegistry Running the evict task with compensationTime 15ms
2020-12-08 21:29:22 INFO  [sct-eureka,,,] Eureka-EvictionTimer com.netflix.eureka.registry.AbstractInstanceRegistry Running the evict task with compensationTime 4ms
2020-12-08 21:30:22 INFO  [sct-eureka,,,] Eureka-EvictionTimer com.netflix.eureka.registry.AbstractInstanceRegistry Running the evict task with compensationTime 12ms
2020-12-08 21:31:22 INFO  [sct-eureka,,,] Eureka-EvictionTimer com.netflix.eureka.registry.AbstractInstanceRegistry Running the evict task with compensationTime 5ms
2020-12-08 21:32:22 INFO  [sct-eureka,,,] Eureka-EvictionTimer com.netflix.eureka.registry.AbstractInstanceRegistry Running the evict task with compensationTime 10ms
2020-12-08 21:33:22 INFO  [sct-eureka,,,] Eureka-EvictionTimer com.netflix.eureka.registry.AbstractInstanceRegistry Running the evict task with compensationTime 13ms
2020-12-08 21:34:22 INFO  [sct-eureka,,,] Eureka-EvictionTimer com.netflix.eureka.registry.AbstractInstanceRegistry Running the evict task with compensationTime 13ms
2020-12-08 21:35:22 INFO  [sct-eureka,,,] Eureka-EvictionTimer com.netflix.eureka.registry.AbstractInstanceRegistry Running the evict task with compensationTime 7ms
2020-12-08 21:36:22 INFO  [sct-eureka,,,] Eureka-EvictionTimer com.netflix.eureka.registry.AbstractInstanceRegistry Running the evict task with compensationTime 14ms
2020-12-08 21:37:22 INFO  [sct-eureka,,,] Eureka-EvictionTimer com.netflix.eureka.registry.AbstractInstanceRegistry Running the evict task with compensationTime 9ms
2020-12-08 21:38:22 INFO  [sct-eureka,,,] Eureka-EvictionTimer com.netflix.eureka.registry.AbstractInstanceRegistry Running the evict task with compensationTime 11ms
2020-12-08 21:39:22 INFO  [sct-eureka,,,] Eureka-EvictionTimer com.netflix.eureka.registry.AbstractInstanceRegistry Running the evict task with compensationTime 1ms
2020-12-08 21:40:22 INFO  [sct-eureka,,,] ReplicaAwareInstanceRegistry - RenewalThresholdUpdater com.netflix.eureka.registry.PeerAwareInstanceRegistryImpl Current renewal threshold is : 10
2020-12-08 21:40:22 INFO  [sct-eureka,,,] Eureka-EvictionTimer com.netflix.eureka.registry.AbstractInstanceRegistry Running the evict task with compensationTime 14ms
2020-12-08 21:41:22 INFO  [sct-eureka,,,] Eureka-EvictionTimer com.netflix.eureka.registry.AbstractInstanceRegistry Running the evict task with compensationTime 7ms
2020-12-08 21:42:22 INFO  [sct-eureka,,,] Eureka-EvictionTimer com.netflix.eureka.registry.AbstractInstanceRegistry Running the evict task with compensationTime 13ms
2020-12-08 21:43:22 INFO  [sct-eureka,,,] Eureka-EvictionTimer com.netflix.eureka.registry.AbstractInstanceRegistry Running the evict task with compensationTime 4ms
2020-12-08 21:44:22 INFO  [sct-eureka,,,] Eureka-EvictionTimer com.netflix.eureka.registry.AbstractInstanceRegistry Running the evict task with compensationTime 7ms
2020-12-08 21:45:22 INFO  [sct-eureka,,,] Eureka-EvictionTimer com.netflix.eureka.registry.AbstractInstanceRegistry Running the evict task with compensationTime 10ms
2020-12-08 21:46:22 INFO  [sct-eureka,,,] Eureka-EvictionTimer com.netflix.eureka.registry.AbstractInstanceRegistry Running the evict task with compensationTime 3ms
2020-12-08 21:47:22 INFO  [sct-eureka,,,] Eureka-EvictionTimer com.netflix.eureka.registry.AbstractInstanceRegistry Running the evict task with compensationTime 1ms
2020-12-08 21:48:22 INFO  [sct-eureka,,,] Eureka-EvictionTimer com.netflix.eureka.registry.AbstractInstanceRegistry Running the evict task with compensationTime 5ms
2020-12-08 21:49:22 INFO  [sct-eureka,,,] Eureka-EvictionTimer com.netflix.eureka.registry.AbstractInstanceRegistry Running the evict task with compensationTime 9ms
2020-12-08 21:50:22 INFO  [sct-eureka,,,] Eureka-EvictionTimer com.netflix.eureka.registry.AbstractInstanceRegistry Running the evict task with compensationTime 10ms
2020-12-08 21:51:22 INFO  [sct-eureka,,,] Eureka-EvictionTimer com.netflix.eureka.registry.AbstractInstanceRegistry Running the evict task with compensationTime 7ms
2020-12-08 21:52:22 INFO  [sct-eureka,,,] Eureka-EvictionTimer com.netflix.eureka.registry.AbstractInstanceRegistry Running the evict task with compensationTime 7ms
2020-12-08 21:53:22 INFO  [sct-eureka,,,] Eureka-EvictionTimer com.netflix.eureka.registry.AbstractInstanceRegistry Running the evict task with compensationTime 8ms
2020-12-08 21:54:22 INFO  [sct-eureka,,,] Eureka-EvictionTimer com.netflix.eureka.registry.AbstractInstanceRegistry Running the evict task with compensationTime 6ms
2020-12-08 21:55:22 INFO  [sct-eureka,,,] ReplicaAwareInstanceRegistry - RenewalThresholdUpdater com.netflix.eureka.registry.PeerAwareInstanceRegistryImpl Current renewal threshold is : 10
2020-12-08 21:55:22 INFO  [sct-eureka,,,] Eureka-EvictionTimer com.netflix.eureka.registry.AbstractInstanceRegistry Running the evict task with compensationTime 13ms
2020-12-08 21:56:22 INFO  [sct-eureka,,,] Eureka-EvictionTimer com.netflix.eureka.registry.AbstractInstanceRegistry Running the evict task with compensationTime 10ms
2020-12-08 21:57:22 INFO  [sct-eureka,,,] Eureka-EvictionTimer com.netflix.eureka.registry.AbstractInstanceRegistry Running the evict task with compensationTime 12ms
2020-12-08 21:58:02 INFO  [sct-eureka,,,] Thread-27 org.springframework.cloud.netflix.eureka.serviceregistry.EurekaServiceRegistry Unregistering application SCT-EUREKA with eureka with status DOWN
2020-12-08 21:58:02 INFO  [sct-eureka,,,] Thread-27 com.netflix.eureka.DefaultEurekaServerContext Shutting down ...
2020-12-08 21:58:02 INFO  [sct-eureka,,,] Thread-27 com.netflix.eureka.DefaultEurekaServerContext Shut down
2020-12-08 21:58:02 INFO  [sct-eureka,,,] Thread-27 org.springframework.scheduling.concurrent.ThreadPoolTaskExecutor Shutting down ExecutorService 'applicationTaskExecutor'
2020-12-08 21:58:02 INFO  [sct-eureka,,,] Thread-27 com.netflix.discovery.DiscoveryClient Shutting down DiscoveryClient ...
2020-12-08 21:58:02 INFO  [sct-eureka,,,] Thread-27 com.netflix.discovery.DiscoveryClient Completed shut down of DiscoveryClient
