2020-12-06 21:48:35 INFO  [springAppName_IS_UNDEFINED,,,] main org.springframework.context.support.PostProcessorRegistrationDelegate$BeanPostProcessorChecker Bean 'org.springframework.cloud.autoconfigure.ConfigurationPropertiesRebinderAutoConfiguration' of type [org.springframework.cloud.autoconfigure.ConfigurationPropertiesRebinderAutoConfiguration$$EnhancerBySpringCGLIB$$412ec6c4] is not eligible for getting processed by all BeanPostProcessors (for example: not eligible for auto-proxying)
2020-12-06 21:48:36 INFO  [sct-eureka,,,] main com.damu.febs.eureka.FebsRegisterApplication No active profile set, falling back to default profiles: default
2020-12-06 21:48:37 INFO  [sct-eureka,,,] main org.springframework.cloud.context.scope.GenericScope BeanFactory id=cf52dddb-f944-3c87-b8d4-97de13760471
2020-12-06 21:48:37 INFO  [sct-eureka,,,] main org.springframework.context.support.PostProcessorRegistrationDelegate$BeanPostProcessorChecker Bean 'org.springframework.cloud.autoconfigure.ConfigurationPropertiesRebinderAutoConfiguration' of type [org.springframework.cloud.autoconfigure.ConfigurationPropertiesRebinderAutoConfiguration$$EnhancerBySpringCGLIB$$412ec6c4] is not eligible for getting processed by all BeanPostProcessors (for example: not eligible for auto-proxying)
2020-12-06 21:48:37 INFO  [sct-eureka,,,] main org.springframework.boot.web.embedded.tomcat.TomcatWebServer Tomcat initialized with port(s): 8761 (http)
2020-12-06 21:48:37 INFO  [sct-eureka,,,] main org.apache.coyote.http11.Http11NioProtocol Initializing ProtocolHandler ["http-nio-8761"]
2020-12-06 21:48:37 INFO  [sct-eureka,,,] main org.apache.catalina.core.StandardService Starting service [Tomcat]
2020-12-06 21:48:37 INFO  [sct-eureka,,,] main org.apache.catalina.core.StandardEngine Starting Servlet engine: [Apache Tomcat/9.0.21]
2020-12-06 21:48:37 INFO  [sct-eureka,,,] main org.apache.catalina.core.ContainerBase.[Tomcat].[localhost].[/] Initializing Spring embedded WebApplicationContext
2020-12-06 21:48:37 INFO  [sct-eureka,,,] main org.springframework.web.context.ContextLoader Root WebApplicationContext: initialization completed in 1443 ms
2020-12-06 21:48:37 INFO  [sct-eureka,,,] main com.netflix.config.sources.URLConfigurationSource To enable URLs as dynamic configuration sources, define System property archaius.configurationSource.additionalUrls or make config.properties available on classpath.
2020-12-06 21:48:38 INFO  [sct-eureka,,,] main com.netflix.config.DynamicPropertyFactory DynamicPropertyFactory is initialized with configuration sources: com.netflix.config.ConcurrentCompositeConfiguration@515b9d4a
2020-12-06 21:48:39 INFO  [sct-eureka,,,] main org.springframework.boot.actuate.endpoint.web.ServletEndpointRegistrar Registered '/actuator/jolokia' to jolokia-actuator-endpoint
2020-12-06 21:48:39 INFO  [sct-eureka,,,] main com.sun.jersey.server.impl.application.WebApplicationImpl Initiating Jersey application, version 'Jersey: 1.19.1 03/11/2016 02:08 PM'
2020-12-06 21:48:39 INFO  [sct-eureka,,,] main com.netflix.discovery.provider.DiscoveryJerseyProvider Using JSON encoding codec LegacyJacksonJson
2020-12-06 21:48:39 INFO  [sct-eureka,,,] main com.netflix.discovery.provider.DiscoveryJerseyProvider Using JSON decoding codec LegacyJacksonJson
2020-12-06 21:48:39 INFO  [sct-eureka,,,] main com.netflix.discovery.provider.DiscoveryJerseyProvider Using XML encoding codec XStreamXml
2020-12-06 21:48:39 INFO  [sct-eureka,,,] main com.netflix.discovery.provider.DiscoveryJerseyProvider Using XML decoding codec XStreamXml
2020-12-06 21:48:39 INFO  [sct-eureka,,,] main com.netflix.config.sources.URLConfigurationSource To enable URLs as dynamic configuration sources, define System property archaius.configurationSource.additionalUrls or make config.properties available on classpath.
2020-12-06 21:48:39 INFO  [sct-eureka,,,] main org.springframework.scheduling.concurrent.ThreadPoolTaskExecutor Initializing ExecutorService 'applicationTaskExecutor'
2020-12-06 21:48:40 INFO  [sct-eureka,,,] main org.springframework.scheduling.concurrent.ThreadPoolTaskScheduler Initializing ExecutorService
2020-12-06 21:48:41 INFO  [sct-eureka,,,] main org.springframework.cloud.netflix.eureka.InstanceInfoFactory Setting initial instance status as: STARTING
2020-12-06 21:48:41 INFO  [sct-eureka,,,] main com.netflix.discovery.DiscoveryClient Initializing Eureka in region us-east-1
2020-12-06 21:48:41 INFO  [sct-eureka,,,] main com.netflix.discovery.DiscoveryClient Client configured to neither register nor query for data.
2020-12-06 21:48:41 INFO  [sct-eureka,,,] main com.netflix.discovery.DiscoveryClient Discovery Client initialized at timestamp 1607262521231 with initial instances count: 0
2020-12-06 21:48:41 INFO  [sct-eureka,,,] main com.netflix.eureka.DefaultEurekaServerContext Initializing ...
2020-12-06 21:48:41 INFO  [sct-eureka,,,] main com.netflix.eureka.registry.AbstractInstanceRegistry Finished initializing remote region registries. All known remote regions: []
2020-12-06 21:48:41 INFO  [sct-eureka,,,] main com.netflix.eureka.DefaultEurekaServerContext Initialized
2020-12-06 21:48:41 INFO  [sct-eureka,,,] main org.springframework.boot.actuate.endpoint.web.EndpointLinksResolver Exposing 20 endpoint(s) beneath base path '/actuator'
2020-12-06 21:48:41 INFO  [sct-eureka,,,] main org.springframework.cloud.netflix.eureka.serviceregistry.EurekaServiceRegistry Registering application SCT-EUREKA with eureka with status UP
2020-12-06 21:48:41 INFO  [sct-eureka,,,] Thread-25 org.springframework.cloud.netflix.eureka.server.EurekaServerBootstrap Setting the eureka configuration..
2020-12-06 21:48:41 INFO  [sct-eureka,,,] Thread-25 org.springframework.cloud.netflix.eureka.server.EurekaServerBootstrap Eureka data center value eureka.datacenter is not set, defaulting to default
2020-12-06 21:48:41 INFO  [sct-eureka,,,] Thread-25 org.springframework.cloud.netflix.eureka.server.EurekaServerBootstrap Eureka environment value eureka.environment is not set, defaulting to test
2020-12-06 21:48:41 INFO  [sct-eureka,,,] Thread-25 org.springframework.cloud.netflix.eureka.server.EurekaServerBootstrap isAws returned false
2020-12-06 21:48:41 INFO  [sct-eureka,,,] Thread-25 org.springframework.cloud.netflix.eureka.server.EurekaServerBootstrap Initialized server context
2020-12-06 21:48:41 INFO  [sct-eureka,,,] Thread-25 com.netflix.eureka.registry.PeerAwareInstanceRegistryImpl Got 1 instances from neighboring DS node
2020-12-06 21:48:41 INFO  [sct-eureka,,,] Thread-25 com.netflix.eureka.registry.PeerAwareInstanceRegistryImpl Renew threshold is: 1
2020-12-06 21:48:41 INFO  [sct-eureka,,,] Thread-25 com.netflix.eureka.registry.PeerAwareInstanceRegistryImpl Changing status to UP
2020-12-06 21:48:41 INFO  [sct-eureka,,,] main org.apache.coyote.http11.Http11NioProtocol Starting ProtocolHandler ["http-nio-8761"]
2020-12-06 21:48:41 INFO  [sct-eureka,,,] Thread-25 org.springframework.cloud.netflix.eureka.server.EurekaServerInitializerConfiguration Started Eureka Server
2020-12-06 21:48:41 INFO  [sct-eureka,,,] main org.springframework.boot.web.embedded.tomcat.TomcatWebServer Tomcat started on port(s): 8761 (http) with context path ''
2020-12-06 21:48:41 INFO  [sct-eureka,,,] main org.springframework.cloud.netflix.eureka.serviceregistry.EurekaAutoServiceRegistration Updating port to 8761
2020-12-06 21:48:41 INFO  [sct-eureka,,,] main com.damu.febs.eureka.FebsRegisterApplication Started FebsRegisterApplication in 7.274 seconds (JVM running for 9.17)
2020-12-06 21:48:41 INFO  [sct-eureka,,,] RMI TCP Connection(6)-127.0.0.1 org.apache.catalina.core.ContainerBase.[Tomcat].[localhost].[/] Initializing Spring DispatcherServlet 'dispatcherServlet'
2020-12-06 21:48:41 INFO  [sct-eureka,,,] RMI TCP Connection(6)-127.0.0.1 org.springframework.web.servlet.DispatcherServlet Initializing Servlet 'dispatcherServlet'
2020-12-06 21:48:41 INFO  [sct-eureka,,,] RMI TCP Connection(6)-127.0.0.1 org.springframework.web.servlet.DispatcherServlet Completed initialization in 9 ms
2020-12-06 21:49:41 INFO  [sct-eureka,,,] Eureka-EvictionTimer com.netflix.eureka.registry.AbstractInstanceRegistry Running the evict task with compensationTime 0ms
2020-12-06 21:50:41 INFO  [sct-eureka,,,] Eureka-EvictionTimer com.netflix.eureka.registry.AbstractInstanceRegistry Running the evict task with compensationTime 0ms
2020-12-06 21:51:41 INFO  [sct-eureka,,,] Eureka-EvictionTimer com.netflix.eureka.registry.AbstractInstanceRegistry Running the evict task with compensationTime 13ms
2020-12-06 21:52:41 INFO  [sct-eureka,,,] Eureka-EvictionTimer com.netflix.eureka.registry.AbstractInstanceRegistry Running the evict task with compensationTime 0ms
2020-12-06 21:53:41 INFO  [sct-eureka,,,] Eureka-EvictionTimer com.netflix.eureka.registry.AbstractInstanceRegistry Running the evict task with compensationTime 0ms
2020-12-06 21:54:41 INFO  [sct-eureka,,,] Eureka-EvictionTimer com.netflix.eureka.registry.AbstractInstanceRegistry Running the evict task with compensationTime 0ms
2020-12-06 21:55:41 INFO  [sct-eureka,,,] Eureka-EvictionTimer com.netflix.eureka.registry.AbstractInstanceRegistry Running the evict task with compensationTime 0ms
2020-12-06 21:56:41 INFO  [sct-eureka,,,] Eureka-EvictionTimer com.netflix.eureka.registry.AbstractInstanceRegistry Running the evict task with compensationTime 2ms
2020-12-06 21:57:41 INFO  [sct-eureka,,,] Eureka-EvictionTimer com.netflix.eureka.registry.AbstractInstanceRegistry Running the evict task with compensationTime 1ms
2020-12-06 21:58:41 INFO  [sct-eureka,,,] Eureka-EvictionTimer com.netflix.eureka.registry.AbstractInstanceRegistry Running the evict task with compensationTime 2ms
2020-12-06 21:59:41 INFO  [sct-eureka,,,] Eureka-EvictionTimer com.netflix.eureka.registry.AbstractInstanceRegistry Running the evict task with compensationTime 2ms
2020-12-06 22:00:41 INFO  [sct-eureka,,,] Eureka-EvictionTimer com.netflix.eureka.registry.AbstractInstanceRegistry Running the evict task with compensationTime 0ms
2020-12-06 22:01:41 INFO  [sct-eureka,,,] Eureka-EvictionTimer com.netflix.eureka.registry.AbstractInstanceRegistry Running the evict task with compensationTime 1ms
2020-12-06 22:02:41 INFO  [sct-eureka,,,] Eureka-EvictionTimer com.netflix.eureka.registry.AbstractInstanceRegistry Running the evict task with compensationTime 1ms
2020-12-06 22:03:41 INFO  [sct-eureka,,,] ReplicaAwareInstanceRegistry - RenewalThresholdUpdater com.netflix.eureka.registry.PeerAwareInstanceRegistryImpl Current renewal threshold is : 1
2020-12-06 22:03:41 INFO  [sct-eureka,,,] Eureka-EvictionTimer com.netflix.eureka.registry.AbstractInstanceRegistry Running the evict task with compensationTime 0ms
2020-12-06 22:04:41 INFO  [sct-eureka,,,] Eureka-EvictionTimer com.netflix.eureka.registry.AbstractInstanceRegistry Running the evict task with compensationTime 0ms
2020-12-06 22:05:41 INFO  [sct-eureka,,,] Eureka-EvictionTimer com.netflix.eureka.registry.AbstractInstanceRegistry Running the evict task with compensationTime 2ms
2020-12-06 22:06:32 INFO  [sct-eureka,,,] http-nio-8761-exec-10 com.netflix.eureka.registry.AbstractInstanceRegistry Registered instance FEBS-AUTH/192.168.0.108:FEBS-Auth:8101 with status UP (replication=false)
2020-12-06 22:06:36 INFO  [sct-eureka,,,] http-nio-8761-exec-5 com.netflix.eureka.registry.AbstractInstanceRegistry Registered instance FEBS-GATEWAY/192.168.0.108:FEBS-Gateway:8301 with status UP (replication=false)
2020-12-06 22:06:41 INFO  [sct-eureka,,,] Eureka-EvictionTimer com.netflix.eureka.registry.AbstractInstanceRegistry Running the evict task with compensationTime 2ms
2020-12-06 22:06:42 INFO  [sct-eureka,,,] http-nio-8761-exec-8 com.netflix.eureka.registry.AbstractInstanceRegistry Registered instance FEBS-SERVER-TEST/192.168.0.108:FEBS-Server-Test:8202 with status UP (replication=false)
2020-12-06 22:06:46 INFO  [sct-eureka,,,] http-nio-8761-exec-4 com.netflix.eureka.registry.AbstractInstanceRegistry Registered instance FEBS-SERVER-SYSTEM/192.168.0.108:FEBS-Server-System:8201 with status UP (replication=false)
2020-12-06 22:07:41 INFO  [sct-eureka,,,] Eureka-EvictionTimer com.netflix.eureka.registry.AbstractInstanceRegistry Running the evict task with compensationTime 1ms
2020-12-06 22:08:41 INFO  [sct-eureka,,,] Eureka-EvictionTimer com.netflix.eureka.registry.AbstractInstanceRegistry Running the evict task with compensationTime 1ms
2020-12-06 22:09:41 INFO  [sct-eureka,,,] Eureka-EvictionTimer com.netflix.eureka.registry.AbstractInstanceRegistry Running the evict task with compensationTime 3ms
2020-12-06 22:10:37 INFO  [sct-eureka,,,] Thread-27 org.springframework.cloud.netflix.eureka.serviceregistry.EurekaServiceRegistry Unregistering application SCT-EUREKA with eureka with status DOWN
2020-12-06 22:10:37 INFO  [sct-eureka,,,] Thread-27 com.netflix.eureka.DefaultEurekaServerContext Shutting down ...
2020-12-06 22:10:37 INFO  [sct-eureka,,,] Thread-27 com.netflix.eureka.DefaultEurekaServerContext Shut down
2020-12-06 22:10:37 INFO  [sct-eureka,,,] Thread-27 org.springframework.scheduling.concurrent.ThreadPoolTaskScheduler Shutting down ExecutorService
2020-12-06 22:10:37 INFO  [sct-eureka,,,] Thread-27 org.springframework.scheduling.concurrent.ThreadPoolTaskExecutor Shutting down ExecutorService 'applicationTaskExecutor'
2020-12-06 22:10:37 INFO  [sct-eureka,,,] Thread-27 com.netflix.discovery.DiscoveryClient Shutting down DiscoveryClient ...
2020-12-06 22:10:37 INFO  [sct-eureka,,,] Thread-27 com.netflix.discovery.DiscoveryClient Completed shut down of DiscoveryClient
2020-12-06 22:10:55 INFO  [springAppName_IS_UNDEFINED,,,] main org.springframework.context.support.PostProcessorRegistrationDelegate$BeanPostProcessorChecker Bean 'org.springframework.cloud.autoconfigure.ConfigurationPropertiesRebinderAutoConfiguration' of type [org.springframework.cloud.autoconfigure.ConfigurationPropertiesRebinderAutoConfiguration$$EnhancerBySpringCGLIB$$eee78287] is not eligible for getting processed by all BeanPostProcessors (for example: not eligible for auto-proxying)
2020-12-06 22:10:56 INFO  [sct-eureka,,,] main com.damu.febs.eureka.FebsRegisterApplication No active profile set, falling back to default profiles: default
2020-12-06 22:10:56 INFO  [sct-eureka,,,] main org.springframework.cloud.context.scope.GenericScope BeanFactory id=cf52dddb-f944-3c87-b8d4-97de13760471
2020-12-06 22:10:56 INFO  [sct-eureka,,,] main org.springframework.context.support.PostProcessorRegistrationDelegate$BeanPostProcessorChecker Bean 'org.springframework.cloud.autoconfigure.ConfigurationPropertiesRebinderAutoConfiguration' of type [org.springframework.cloud.autoconfigure.ConfigurationPropertiesRebinderAutoConfiguration$$EnhancerBySpringCGLIB$$eee78287] is not eligible for getting processed by all BeanPostProcessors (for example: not eligible for auto-proxying)
2020-12-06 22:10:56 INFO  [sct-eureka,,,] main org.springframework.boot.web.embedded.tomcat.TomcatWebServer Tomcat initialized with port(s): 8761 (http)
2020-12-06 22:10:56 INFO  [sct-eureka,,,] main org.apache.coyote.http11.Http11NioProtocol Initializing ProtocolHandler ["http-nio-8761"]
2020-12-06 22:10:56 INFO  [sct-eureka,,,] main org.apache.catalina.core.StandardService Starting service [Tomcat]
2020-12-06 22:10:56 INFO  [sct-eureka,,,] main org.apache.catalina.core.StandardEngine Starting Servlet engine: [Apache Tomcat/9.0.21]
2020-12-06 22:10:57 INFO  [sct-eureka,,,] main org.apache.catalina.core.ContainerBase.[Tomcat].[localhost].[/] Initializing Spring embedded WebApplicationContext
2020-12-06 22:10:57 INFO  [sct-eureka,,,] main org.springframework.web.context.ContextLoader Root WebApplicationContext: initialization completed in 824 ms
2020-12-06 22:10:57 INFO  [sct-eureka,,,] main com.netflix.config.sources.URLConfigurationSource To enable URLs as dynamic configuration sources, define System property archaius.configurationSource.additionalUrls or make config.properties available on classpath.
2020-12-06 22:10:57 INFO  [sct-eureka,,,] main com.netflix.config.DynamicPropertyFactory DynamicPropertyFactory is initialized with configuration sources: com.netflix.config.ConcurrentCompositeConfiguration@19b07407
2020-12-06 22:10:57 INFO  [sct-eureka,,,] main org.springframework.boot.actuate.endpoint.web.ServletEndpointRegistrar Registered '/actuator/jolokia' to jolokia-actuator-endpoint
2020-12-06 22:10:57 INFO  [sct-eureka,,,] main com.sun.jersey.server.impl.application.WebApplicationImpl Initiating Jersey application, version 'Jersey: 1.19.1 03/11/2016 02:08 PM'
2020-12-06 22:10:57 INFO  [sct-eureka,,,] main com.netflix.discovery.provider.DiscoveryJerseyProvider Using JSON encoding codec LegacyJacksonJson
2020-12-06 22:10:57 INFO  [sct-eureka,,,] main com.netflix.discovery.provider.DiscoveryJerseyProvider Using JSON decoding codec LegacyJacksonJson
2020-12-06 22:10:57 INFO  [sct-eureka,,,] main com.netflix.discovery.provider.DiscoveryJerseyProvider Using XML encoding codec XStreamXml
2020-12-06 22:10:57 INFO  [sct-eureka,,,] main com.netflix.discovery.provider.DiscoveryJerseyProvider Using XML decoding codec XStreamXml
2020-12-06 22:10:58 INFO  [sct-eureka,,,] main com.netflix.config.sources.URLConfigurationSource To enable URLs as dynamic configuration sources, define System property archaius.configurationSource.additionalUrls or make config.properties available on classpath.
2020-12-06 22:10:58 INFO  [sct-eureka,,,] main org.springframework.scheduling.concurrent.ThreadPoolTaskExecutor Initializing ExecutorService 'applicationTaskExecutor'
2020-12-06 22:10:58 INFO  [sct-eureka,,,] main org.springframework.scheduling.concurrent.ThreadPoolTaskScheduler Initializing ExecutorService
2020-12-06 22:10:59 INFO  [sct-eureka,,,] main org.springframework.cloud.netflix.eureka.InstanceInfoFactory Setting initial instance status as: STARTING
2020-12-06 22:10:59 INFO  [sct-eureka,,,] main com.netflix.discovery.DiscoveryClient Initializing Eureka in region us-east-1
2020-12-06 22:10:59 INFO  [sct-eureka,,,] main com.netflix.discovery.DiscoveryClient Client configured to neither register nor query for data.
2020-12-06 22:10:59 INFO  [sct-eureka,,,] main com.netflix.discovery.DiscoveryClient Discovery Client initialized at timestamp 1607263859104 with initial instances count: 0
2020-12-06 22:10:59 INFO  [sct-eureka,,,] main com.netflix.eureka.DefaultEurekaServerContext Initializing ...
2020-12-06 22:10:59 INFO  [sct-eureka,,,] main com.netflix.eureka.registry.AbstractInstanceRegistry Finished initializing remote region registries. All known remote regions: []
2020-12-06 22:10:59 INFO  [sct-eureka,,,] main com.netflix.eureka.DefaultEurekaServerContext Initialized
2020-12-06 22:10:59 INFO  [sct-eureka,,,] main org.springframework.boot.actuate.endpoint.web.EndpointLinksResolver Exposing 20 endpoint(s) beneath base path '/actuator'
2020-12-06 22:10:59 INFO  [sct-eureka,,,] main org.springframework.cloud.netflix.eureka.serviceregistry.EurekaServiceRegistry Registering application SCT-EUREKA with eureka with status UP
2020-12-06 22:10:59 INFO  [sct-eureka,,,] Thread-19 org.springframework.cloud.netflix.eureka.server.EurekaServerBootstrap Setting the eureka configuration..
2020-12-06 22:10:59 INFO  [sct-eureka,,,] Thread-19 org.springframework.cloud.netflix.eureka.server.EurekaServerBootstrap Eureka data center value eureka.datacenter is not set, defaulting to default
2020-12-06 22:10:59 INFO  [sct-eureka,,,] Thread-19 org.springframework.cloud.netflix.eureka.server.EurekaServerBootstrap Eureka environment value eureka.environment is not set, defaulting to test
2020-12-06 22:10:59 INFO  [sct-eureka,,,] Thread-19 org.springframework.cloud.netflix.eureka.server.EurekaServerBootstrap isAws returned false
2020-12-06 22:10:59 INFO  [sct-eureka,,,] Thread-19 org.springframework.cloud.netflix.eureka.server.EurekaServerBootstrap Initialized server context
2020-12-06 22:10:59 INFO  [sct-eureka,,,] Thread-19 com.netflix.eureka.registry.PeerAwareInstanceRegistryImpl Got 1 instances from neighboring DS node
2020-12-06 22:10:59 INFO  [sct-eureka,,,] Thread-19 com.netflix.eureka.registry.PeerAwareInstanceRegistryImpl Renew threshold is: 1
2020-12-06 22:10:59 INFO  [sct-eureka,,,] Thread-19 com.netflix.eureka.registry.PeerAwareInstanceRegistryImpl Changing status to UP
2020-12-06 22:10:59 INFO  [sct-eureka,,,] main org.apache.coyote.http11.Http11NioProtocol Starting ProtocolHandler ["http-nio-8761"]
2020-12-06 22:10:59 INFO  [sct-eureka,,,] Thread-19 org.springframework.cloud.netflix.eureka.server.EurekaServerInitializerConfiguration Started Eureka Server
2020-12-06 22:10:59 INFO  [sct-eureka,,,] main org.springframework.boot.web.embedded.tomcat.TomcatWebServer Tomcat started on port(s): 8761 (http) with context path ''
2020-12-06 22:10:59 INFO  [sct-eureka,,,] main org.springframework.cloud.netflix.eureka.serviceregistry.EurekaAutoServiceRegistration Updating port to 8761
2020-12-06 22:10:59 INFO  [sct-eureka,,,] main com.damu.febs.eureka.FebsRegisterApplication Started FebsRegisterApplication in 4.226 seconds (JVM running for 4.903)
2020-12-06 22:10:59 INFO  [sct-eureka,,,] RMI TCP Connection(2)-127.0.0.1 org.apache.catalina.core.ContainerBase.[Tomcat].[localhost].[/] Initializing Spring DispatcherServlet 'dispatcherServlet'
2020-12-06 22:10:59 INFO  [sct-eureka,,,] RMI TCP Connection(2)-127.0.0.1 org.springframework.web.servlet.DispatcherServlet Initializing Servlet 'dispatcherServlet'
2020-12-06 22:10:59 INFO  [sct-eureka,,,] RMI TCP Connection(2)-127.0.0.1 org.springframework.web.servlet.DispatcherServlet Completed initialization in 6 ms
2020-12-06 22:11:53 INFO  [sct-eureka,,,] Thread-21 org.springframework.cloud.netflix.eureka.serviceregistry.EurekaServiceRegistry Unregistering application SCT-EUREKA with eureka with status DOWN
2020-12-06 22:11:53 INFO  [sct-eureka,,,] Thread-21 com.netflix.eureka.DefaultEurekaServerContext Shutting down ...
2020-12-06 22:11:53 INFO  [sct-eureka,,,] Thread-21 com.netflix.eureka.DefaultEurekaServerContext Shut down
2020-12-06 22:11:53 INFO  [sct-eureka,,,] Thread-21 org.springframework.scheduling.concurrent.ThreadPoolTaskScheduler Shutting down ExecutorService
2020-12-06 22:11:53 INFO  [sct-eureka,,,] Thread-21 org.springframework.scheduling.concurrent.ThreadPoolTaskExecutor Shutting down ExecutorService 'applicationTaskExecutor'
2020-12-06 22:11:53 INFO  [sct-eureka,,,] Thread-21 com.netflix.discovery.DiscoveryClient Shutting down DiscoveryClient ...
2020-12-06 22:11:53 INFO  [sct-eureka,,,] Thread-21 com.netflix.discovery.DiscoveryClient Completed shut down of DiscoveryClient
2020-12-06 22:11:56 INFO  [springAppName_IS_UNDEFINED,,,] main org.springframework.context.support.PostProcessorRegistrationDelegate$BeanPostProcessorChecker Bean 'org.springframework.cloud.autoconfigure.ConfigurationPropertiesRebinderAutoConfiguration' of type [org.springframework.cloud.autoconfigure.ConfigurationPropertiesRebinderAutoConfiguration$$EnhancerBySpringCGLIB$$eacaf147] is not eligible for getting processed by all BeanPostProcessors (for example: not eligible for auto-proxying)
2020-12-06 22:11:57 INFO  [sct-eureka,,,] main com.damu.febs.eureka.FebsRegisterApplication No active profile set, falling back to default profiles: default
2020-12-06 22:11:57 INFO  [sct-eureka,,,] main org.springframework.cloud.context.scope.GenericScope BeanFactory id=a62fc889-5018-3e8b-9bf9-fb328a4f1dd9
2020-12-06 22:11:57 INFO  [sct-eureka,,,] main org.springframework.context.support.PostProcessorRegistrationDelegate$BeanPostProcessorChecker Bean 'org.springframework.cloud.autoconfigure.ConfigurationPropertiesRebinderAutoConfiguration' of type [org.springframework.cloud.autoconfigure.ConfigurationPropertiesRebinderAutoConfiguration$$EnhancerBySpringCGLIB$$eacaf147] is not eligible for getting processed by all BeanPostProcessors (for example: not eligible for auto-proxying)
2020-12-06 22:11:57 INFO  [sct-eureka,,,] main org.springframework.boot.web.embedded.tomcat.TomcatWebServer Tomcat initialized with port(s): 8761 (http)
2020-12-06 22:11:57 INFO  [sct-eureka,,,] main org.apache.coyote.http11.Http11NioProtocol Initializing ProtocolHandler ["http-nio-8761"]
2020-12-06 22:11:57 INFO  [sct-eureka,,,] main org.apache.catalina.core.StandardService Starting service [Tomcat]
2020-12-06 22:11:57 INFO  [sct-eureka,,,] main org.apache.catalina.core.StandardEngine Starting Servlet engine: [Apache Tomcat/9.0.21]
2020-12-06 22:11:58 INFO  [sct-eureka,,,] main org.apache.catalina.core.ContainerBase.[Tomcat].[localhost].[/] Initializing Spring embedded WebApplicationContext
2020-12-06 22:11:58 INFO  [sct-eureka,,,] main org.springframework.web.context.ContextLoader Root WebApplicationContext: initialization completed in 807 ms
2020-12-06 22:11:58 INFO  [sct-eureka,,,] main com.netflix.config.sources.URLConfigurationSource To enable URLs as dynamic configuration sources, define System property archaius.configurationSource.additionalUrls or make config.properties available on classpath.
2020-12-06 22:11:58 INFO  [sct-eureka,,,] main com.netflix.config.DynamicPropertyFactory DynamicPropertyFactory is initialized with configuration sources: com.netflix.config.ConcurrentCompositeConfiguration@7f73ce28
2020-12-06 22:11:58 INFO  [sct-eureka,,,] main org.springframework.boot.actuate.endpoint.web.ServletEndpointRegistrar Registered '/actuator/jolokia' to jolokia-actuator-endpoint
2020-12-06 22:11:58 INFO  [sct-eureka,,,] main com.sun.jersey.server.impl.application.WebApplicationImpl Initiating Jersey application, version 'Jersey: 1.19.1 03/11/2016 02:08 PM'
2020-12-06 22:11:58 INFO  [sct-eureka,,,] main com.netflix.discovery.provider.DiscoveryJerseyProvider Using JSON encoding codec LegacyJacksonJson
2020-12-06 22:11:58 INFO  [sct-eureka,,,] main com.netflix.discovery.provider.DiscoveryJerseyProvider Using JSON decoding codec LegacyJacksonJson
2020-12-06 22:11:58 INFO  [sct-eureka,,,] main com.netflix.discovery.provider.DiscoveryJerseyProvider Using XML encoding codec XStreamXml
2020-12-06 22:11:58 INFO  [sct-eureka,,,] main com.netflix.discovery.provider.DiscoveryJerseyProvider Using XML decoding codec XStreamXml
2020-12-06 22:11:59 INFO  [sct-eureka,,,] main com.netflix.config.sources.URLConfigurationSource To enable URLs as dynamic configuration sources, define System property archaius.configurationSource.additionalUrls or make config.properties available on classpath.
2020-12-06 22:11:59 INFO  [sct-eureka,,,] main org.springframework.scheduling.concurrent.ThreadPoolTaskExecutor Initializing ExecutorService 'applicationTaskExecutor'
2020-12-06 22:11:59 INFO  [sct-eureka,,,] main org.springframework.cloud.netflix.eureka.InstanceInfoFactory Setting initial instance status as: STARTING
2020-12-06 22:11:59 INFO  [sct-eureka,,,] main com.netflix.discovery.DiscoveryClient Initializing Eureka in region us-east-1
2020-12-06 22:11:59 INFO  [sct-eureka,,,] main com.netflix.discovery.DiscoveryClient Client configured to neither register nor query for data.
2020-12-06 22:11:59 INFO  [sct-eureka,,,] main com.netflix.discovery.DiscoveryClient Discovery Client initialized at timestamp 1607263919844 with initial instances count: 0
2020-12-06 22:11:59 INFO  [sct-eureka,,,] main com.netflix.eureka.DefaultEurekaServerContext Initializing ...
2020-12-06 22:11:59 INFO  [sct-eureka,,,] main com.netflix.eureka.registry.AbstractInstanceRegistry Finished initializing remote region registries. All known remote regions: []
2020-12-06 22:11:59 INFO  [sct-eureka,,,] main com.netflix.eureka.DefaultEurekaServerContext Initialized
2020-12-06 22:11:59 INFO  [sct-eureka,,,] main org.springframework.boot.actuate.endpoint.web.EndpointLinksResolver Exposing 20 endpoint(s) beneath base path '/actuator'
2020-12-06 22:11:59 INFO  [sct-eureka,,,] main org.springframework.cloud.netflix.eureka.serviceregistry.EurekaServiceRegistry Registering application SCT-EUREKA with eureka with status UP
2020-12-06 22:11:59 INFO  [sct-eureka,,,] Thread-19 org.springframework.cloud.netflix.eureka.server.EurekaServerBootstrap Setting the eureka configuration..
2020-12-06 22:11:59 INFO  [sct-eureka,,,] Thread-19 org.springframework.cloud.netflix.eureka.server.EurekaServerBootstrap Eureka data center value eureka.datacenter is not set, defaulting to default
2020-12-06 22:11:59 INFO  [sct-eureka,,,] Thread-19 org.springframework.cloud.netflix.eureka.server.EurekaServerBootstrap Eureka environment value eureka.environment is not set, defaulting to test
2020-12-06 22:11:59 INFO  [sct-eureka,,,] Thread-19 org.springframework.cloud.netflix.eureka.server.EurekaServerBootstrap isAws returned false
2020-12-06 22:11:59 INFO  [sct-eureka,,,] Thread-19 org.springframework.cloud.netflix.eureka.server.EurekaServerBootstrap Initialized server context
2020-12-06 22:11:59 INFO  [sct-eureka,,,] Thread-19 com.netflix.eureka.registry.PeerAwareInstanceRegistryImpl Got 1 instances from neighboring DS node
2020-12-06 22:11:59 INFO  [sct-eureka,,,] Thread-19 com.netflix.eureka.registry.PeerAwareInstanceRegistryImpl Renew threshold is: 1
2020-12-06 22:11:59 INFO  [sct-eureka,,,] Thread-19 com.netflix.eureka.registry.PeerAwareInstanceRegistryImpl Changing status to UP
2020-12-06 22:11:59 INFO  [sct-eureka,,,] main org.apache.coyote.http11.Http11NioProtocol Starting ProtocolHandler ["http-nio-8761"]
2020-12-06 22:11:59 INFO  [sct-eureka,,,] Thread-19 org.springframework.cloud.netflix.eureka.server.EurekaServerInitializerConfiguration Started Eureka Server
2020-12-06 22:11:59 INFO  [sct-eureka,,,] main org.springframework.boot.web.embedded.tomcat.TomcatWebServer Tomcat started on port(s): 8761 (http) with context path ''
2020-12-06 22:11:59 INFO  [sct-eureka,,,] main org.springframework.cloud.netflix.eureka.serviceregistry.EurekaAutoServiceRegistration Updating port to 8761
2020-12-06 22:11:59 INFO  [sct-eureka,,,] main com.damu.febs.eureka.FebsRegisterApplication Started FebsRegisterApplication in 4.091 seconds (JVM running for 4.812)
2020-12-06 22:12:00 INFO  [sct-eureka,,,] RMI TCP Connection(2)-127.0.0.1 org.apache.catalina.core.ContainerBase.[Tomcat].[localhost].[/] Initializing Spring DispatcherServlet 'dispatcherServlet'
2020-12-06 22:12:00 INFO  [sct-eureka,,,] RMI TCP Connection(2)-127.0.0.1 org.springframework.web.servlet.DispatcherServlet Initializing Servlet 'dispatcherServlet'
2020-12-06 22:12:00 INFO  [sct-eureka,,,] RMI TCP Connection(2)-127.0.0.1 org.springframework.web.servlet.DispatcherServlet Completed initialization in 5 ms
2020-12-06 22:12:59 INFO  [sct-eureka,,,] http-nio-8761-exec-2 com.netflix.eureka.registry.AbstractInstanceRegistry Registered instance FEBS-AUTH/192.168.0.108:FEBS-Auth:8101 with status UP (replication=false)
2020-12-06 22:12:59 INFO  [sct-eureka,,,] Eureka-EvictionTimer com.netflix.eureka.registry.AbstractInstanceRegistry Running the evict task with compensationTime 0ms
2020-12-06 22:13:59 INFO  [sct-eureka,,,] Eureka-EvictionTimer com.netflix.eureka.registry.AbstractInstanceRegistry Running the evict task with compensationTime 2ms
2020-12-06 22:14:59 INFO  [sct-eureka,,,] Eureka-EvictionTimer com.netflix.eureka.registry.AbstractInstanceRegistry Running the evict task with compensationTime 0ms
2020-12-06 22:15:59 INFO  [sct-eureka,,,] Eureka-EvictionTimer com.netflix.eureka.registry.AbstractInstanceRegistry Running the evict task with compensationTime 2ms
2020-12-06 22:16:59 INFO  [sct-eureka,,,] Eureka-EvictionTimer com.netflix.eureka.registry.AbstractInstanceRegistry Running the evict task with compensationTime 0ms
2020-12-06 22:17:59 INFO  [sct-eureka,,,] Eureka-EvictionTimer com.netflix.eureka.registry.AbstractInstanceRegistry Running the evict task with compensationTime 0ms
2020-12-06 22:18:59 INFO  [sct-eureka,,,] Eureka-EvictionTimer com.netflix.eureka.registry.AbstractInstanceRegistry Running the evict task with compensationTime 1ms
2020-12-06 22:19:59 INFO  [sct-eureka,,,] Eureka-EvictionTimer com.netflix.eureka.registry.AbstractInstanceRegistry Running the evict task with compensationTime 0ms
2020-12-06 22:20:59 INFO  [sct-eureka,,,] Eureka-EvictionTimer com.netflix.eureka.registry.AbstractInstanceRegistry Running the evict task with compensationTime 1ms
2020-12-06 22:21:59 INFO  [sct-eureka,,,] Eureka-EvictionTimer com.netflix.eureka.registry.AbstractInstanceRegistry Running the evict task with compensationTime 1ms
2020-12-06 22:22:59 INFO  [sct-eureka,,,] Eureka-EvictionTimer com.netflix.eureka.registry.AbstractInstanceRegistry Running the evict task with compensationTime 0ms
2020-12-06 22:23:59 INFO  [sct-eureka,,,] Eureka-EvictionTimer com.netflix.eureka.registry.AbstractInstanceRegistry Running the evict task with compensationTime 2ms
2020-12-06 22:24:35 INFO  [sct-eureka,,,] http-nio-8761-exec-8 com.netflix.eureka.registry.AbstractInstanceRegistry Registered instance FEBS-AUTH/192.168.0.108:FEBS-Auth:8101 with status DOWN (replication=false)
2020-12-06 22:24:39 INFO  [sct-eureka,,,] http-nio-8761-exec-10 com.netflix.eureka.registry.AbstractInstanceRegistry Cancelled instance FEBS-AUTH/192.168.0.108:FEBS-Auth:8101 (replication=false)
2020-12-06 22:24:47 INFO  [sct-eureka,,,] http-nio-8761-exec-3 com.netflix.eureka.registry.AbstractInstanceRegistry Registered instance FEBS-AUTH/192.168.0.108:FEBS-Auth:8101 with status UP (replication=false)
2020-12-06 22:24:59 INFO  [sct-eureka,,,] Eureka-EvictionTimer com.netflix.eureka.registry.AbstractInstanceRegistry Running the evict task with compensationTime 1ms
2020-12-06 22:25:59 INFO  [sct-eureka,,,] Eureka-EvictionTimer com.netflix.eureka.registry.AbstractInstanceRegistry Running the evict task with compensationTime 1ms
2020-12-06 22:26:59 INFO  [sct-eureka,,,] ReplicaAwareInstanceRegistry - RenewalThresholdUpdater com.netflix.eureka.registry.PeerAwareInstanceRegistryImpl Current renewal threshold is : 3
2020-12-06 22:26:59 INFO  [sct-eureka,,,] Eureka-EvictionTimer com.netflix.eureka.registry.AbstractInstanceRegistry Running the evict task with compensationTime 0ms
2020-12-06 22:27:59 INFO  [sct-eureka,,,] Eureka-EvictionTimer com.netflix.eureka.registry.AbstractInstanceRegistry Running the evict task with compensationTime 3ms
2020-12-06 22:28:59 INFO  [sct-eureka,,,] Eureka-EvictionTimer com.netflix.eureka.registry.AbstractInstanceRegistry Running the evict task with compensationTime 2ms
2020-12-06 22:29:59 INFO  [sct-eureka,,,] Eureka-EvictionTimer com.netflix.eureka.registry.AbstractInstanceRegistry Running the evict task with compensationTime 3ms
2020-12-06 22:30:59 INFO  [sct-eureka,,,] Eureka-EvictionTimer com.netflix.eureka.registry.AbstractInstanceRegistry Running the evict task with compensationTime 2ms
2020-12-06 22:31:59 INFO  [sct-eureka,,,] Eureka-EvictionTimer com.netflix.eureka.registry.AbstractInstanceRegistry Running the evict task with compensationTime 1ms
2020-12-06 22:32:59 INFO  [sct-eureka,,,] Eureka-EvictionTimer com.netflix.eureka.registry.AbstractInstanceRegistry Running the evict task with compensationTime 3ms
2020-12-06 22:33:59 INFO  [sct-eureka,,,] Eureka-EvictionTimer com.netflix.eureka.registry.AbstractInstanceRegistry Running the evict task with compensationTime 2ms
2020-12-06 22:34:59 INFO  [sct-eureka,,,] Eureka-EvictionTimer com.netflix.eureka.registry.AbstractInstanceRegistry Running the evict task with compensationTime 1ms
2020-12-06 22:35:59 INFO  [sct-eureka,,,] Eureka-EvictionTimer com.netflix.eureka.registry.AbstractInstanceRegistry Running the evict task with compensationTime 0ms
2020-12-06 22:36:59 INFO  [sct-eureka,,,] Eureka-EvictionTimer com.netflix.eureka.registry.AbstractInstanceRegistry Running the evict task with compensationTime 1ms
2020-12-06 22:37:59 INFO  [sct-eureka,,,] Eureka-EvictionTimer com.netflix.eureka.registry.AbstractInstanceRegistry Running the evict task with compensationTime 0ms
2020-12-06 22:38:59 INFO  [sct-eureka,,,] Eureka-EvictionTimer com.netflix.eureka.registry.AbstractInstanceRegistry Running the evict task with compensationTime 0ms
2020-12-06 22:39:59 INFO  [sct-eureka,,,] Eureka-EvictionTimer com.netflix.eureka.registry.AbstractInstanceRegistry Running the evict task with compensationTime 2ms
2020-12-06 22:40:59 INFO  [sct-eureka,,,] Eureka-EvictionTimer com.netflix.eureka.registry.AbstractInstanceRegistry Running the evict task with compensationTime 1ms
2020-12-06 22:41:59 INFO  [sct-eureka,,,] ReplicaAwareInstanceRegistry - RenewalThresholdUpdater com.netflix.eureka.registry.PeerAwareInstanceRegistryImpl Current renewal threshold is : 3
2020-12-06 22:41:59 INFO  [sct-eureka,,,] Eureka-EvictionTimer com.netflix.eureka.registry.AbstractInstanceRegistry Running the evict task with compensationTime 3ms
2020-12-06 22:42:59 INFO  [sct-eureka,,,] Eureka-EvictionTimer com.netflix.eureka.registry.AbstractInstanceRegistry Running the evict task with compensationTime 0ms
2020-12-06 22:43:59 INFO  [sct-eureka,,,] Eureka-EvictionTimer com.netflix.eureka.registry.AbstractInstanceRegistry Running the evict task with compensationTime 2ms
2020-12-06 22:44:59 INFO  [sct-eureka,,,] Eureka-EvictionTimer com.netflix.eureka.registry.AbstractInstanceRegistry Running the evict task with compensationTime 0ms
2020-12-06 22:46:00 INFO  [sct-eureka,,,] Eureka-EvictionTimer com.netflix.eureka.registry.AbstractInstanceRegistry Running the evict task with compensationTime 14ms
2020-12-06 22:47:00 INFO  [sct-eureka,,,] Eureka-EvictionTimer com.netflix.eureka.registry.AbstractInstanceRegistry Running the evict task with compensationTime 1ms
2020-12-06 22:48:00 INFO  [sct-eureka,,,] Eureka-EvictionTimer com.netflix.eureka.registry.AbstractInstanceRegistry Running the evict task with compensationTime 0ms
2020-12-06 22:49:00 INFO  [sct-eureka,,,] Eureka-EvictionTimer com.netflix.eureka.registry.AbstractInstanceRegistry Running the evict task with compensationTime 0ms
2020-12-06 22:50:00 INFO  [sct-eureka,,,] Eureka-EvictionTimer com.netflix.eureka.registry.AbstractInstanceRegistry Running the evict task with compensationTime 0ms
2020-12-06 22:51:00 INFO  [sct-eureka,,,] Eureka-EvictionTimer com.netflix.eureka.registry.AbstractInstanceRegistry Running the evict task with compensationTime 1ms
2020-12-06 22:52:00 INFO  [sct-eureka,,,] Eureka-EvictionTimer com.netflix.eureka.registry.AbstractInstanceRegistry Running the evict task with compensationTime 0ms
2020-12-06 22:53:00 INFO  [sct-eureka,,,] Eureka-EvictionTimer com.netflix.eureka.registry.AbstractInstanceRegistry Running the evict task with compensationTime 2ms
2020-12-06 22:54:00 INFO  [sct-eureka,,,] Eureka-EvictionTimer com.netflix.eureka.registry.AbstractInstanceRegistry Running the evict task with compensationTime 1ms
2020-12-06 22:55:00 INFO  [sct-eureka,,,] Eureka-EvictionTimer com.netflix.eureka.registry.AbstractInstanceRegistry Running the evict task with compensationTime 0ms
2020-12-06 22:56:00 INFO  [sct-eureka,,,] Eureka-EvictionTimer com.netflix.eureka.registry.AbstractInstanceRegistry Running the evict task with compensationTime 1ms
2020-12-06 22:56:59 INFO  [sct-eureka,,,] ReplicaAwareInstanceRegistry - RenewalThresholdUpdater com.netflix.eureka.registry.PeerAwareInstanceRegistryImpl Current renewal threshold is : 3
2020-12-06 22:57:00 INFO  [sct-eureka,,,] Eureka-EvictionTimer com.netflix.eureka.registry.AbstractInstanceRegistry Running the evict task with compensationTime 2ms
2020-12-06 22:58:00 INFO  [sct-eureka,,,] Eureka-EvictionTimer com.netflix.eureka.registry.AbstractInstanceRegistry Running the evict task with compensationTime 0ms
2020-12-06 22:59:00 INFO  [sct-eureka,,,] Eureka-EvictionTimer com.netflix.eureka.registry.AbstractInstanceRegistry Running the evict task with compensationTime 6ms
2020-12-06 23:00:00 INFO  [sct-eureka,,,] Eureka-EvictionTimer com.netflix.eureka.registry.AbstractInstanceRegistry Running the evict task with compensationTime 2ms
2020-12-06 23:01:00 INFO  [sct-eureka,,,] Eureka-EvictionTimer com.netflix.eureka.registry.AbstractInstanceRegistry Running the evict task with compensationTime 0ms
2020-12-06 23:02:00 INFO  [sct-eureka,,,] Eureka-EvictionTimer com.netflix.eureka.registry.AbstractInstanceRegistry Running the evict task with compensationTime 0ms
2020-12-06 23:03:00 INFO  [sct-eureka,,,] Eureka-EvictionTimer com.netflix.eureka.registry.AbstractInstanceRegistry Running the evict task with compensationTime 8ms
2020-12-06 23:04:00 INFO  [sct-eureka,,,] Eureka-EvictionTimer com.netflix.eureka.registry.AbstractInstanceRegistry Running the evict task with compensationTime 0ms
2020-12-06 23:05:00 INFO  [sct-eureka,,,] Eureka-EvictionTimer com.netflix.eureka.registry.AbstractInstanceRegistry Running the evict task with compensationTime 1ms
2020-12-06 23:06:00 INFO  [sct-eureka,,,] Eureka-EvictionTimer com.netflix.eureka.registry.AbstractInstanceRegistry Running the evict task with compensationTime 1ms
2020-12-06 23:07:00 INFO  [sct-eureka,,,] Eureka-EvictionTimer com.netflix.eureka.registry.AbstractInstanceRegistry Running the evict task with compensationTime 0ms
2020-12-06 23:08:00 INFO  [sct-eureka,,,] Eureka-EvictionTimer com.netflix.eureka.registry.AbstractInstanceRegistry Running the evict task with compensationTime 0ms
2020-12-06 23:09:00 INFO  [sct-eureka,,,] Eureka-EvictionTimer com.netflix.eureka.registry.AbstractInstanceRegistry Running the evict task with compensationTime 1ms
2020-12-06 23:10:00 INFO  [sct-eureka,,,] Eureka-EvictionTimer com.netflix.eureka.registry.AbstractInstanceRegistry Running the evict task with compensationTime 0ms
2020-12-06 23:11:00 INFO  [sct-eureka,,,] Eureka-EvictionTimer com.netflix.eureka.registry.AbstractInstanceRegistry Running the evict task with compensationTime 1ms
2020-12-06 23:11:59 INFO  [sct-eureka,,,] ReplicaAwareInstanceRegistry - RenewalThresholdUpdater com.netflix.eureka.registry.PeerAwareInstanceRegistryImpl Current renewal threshold is : 3
2020-12-06 23:12:00 INFO  [sct-eureka,,,] Eureka-EvictionTimer com.netflix.eureka.registry.AbstractInstanceRegistry Running the evict task with compensationTime 1ms
2020-12-06 23:13:00 INFO  [sct-eureka,,,] Eureka-EvictionTimer com.netflix.eureka.registry.AbstractInstanceRegistry Running the evict task with compensationTime 1ms
2020-12-06 23:14:00 INFO  [sct-eureka,,,] Eureka-EvictionTimer com.netflix.eureka.registry.AbstractInstanceRegistry Running the evict task with compensationTime 0ms
2020-12-06 23:15:00 INFO  [sct-eureka,,,] Eureka-EvictionTimer com.netflix.eureka.registry.AbstractInstanceRegistry Running the evict task with compensationTime 0ms
2020-12-06 23:16:00 INFO  [sct-eureka,,,] Eureka-EvictionTimer com.netflix.eureka.registry.AbstractInstanceRegistry Running the evict task with compensationTime 0ms
2020-12-06 23:17:00 INFO  [sct-eureka,,,] Eureka-EvictionTimer com.netflix.eureka.registry.AbstractInstanceRegistry Running the evict task with compensationTime 0ms
2020-12-06 23:18:00 INFO  [sct-eureka,,,] Eureka-EvictionTimer com.netflix.eureka.registry.AbstractInstanceRegistry Running the evict task with compensationTime 1ms
2020-12-06 23:19:00 INFO  [sct-eureka,,,] Eureka-EvictionTimer com.netflix.eureka.registry.AbstractInstanceRegistry Running the evict task with compensationTime 0ms
2020-12-06 23:20:00 INFO  [sct-eureka,,,] Eureka-EvictionTimer com.netflix.eureka.registry.AbstractInstanceRegistry Running the evict task with compensationTime 2ms
2020-12-06 23:21:00 INFO  [sct-eureka,,,] Eureka-EvictionTimer com.netflix.eureka.registry.AbstractInstanceRegistry Running the evict task with compensationTime 0ms
2020-12-06 23:22:00 INFO  [sct-eureka,,,] Eureka-EvictionTimer com.netflix.eureka.registry.AbstractInstanceRegistry Running the evict task with compensationTime 0ms
2020-12-06 23:23:00 INFO  [sct-eureka,,,] Eureka-EvictionTimer com.netflix.eureka.registry.AbstractInstanceRegistry Running the evict task with compensationTime 1ms
2020-12-06 23:24:00 INFO  [sct-eureka,,,] Eureka-EvictionTimer com.netflix.eureka.registry.AbstractInstanceRegistry Running the evict task with compensationTime 2ms
2020-12-06 23:25:00 INFO  [sct-eureka,,,] Eureka-EvictionTimer com.netflix.eureka.registry.AbstractInstanceRegistry Running the evict task with compensationTime 5ms
2020-12-06 23:25:52 INFO  [sct-eureka,,,] Thread-21 org.springframework.cloud.netflix.eureka.serviceregistry.EurekaServiceRegistry Unregistering application SCT-EUREKA with eureka with status DOWN
2020-12-06 23:25:52 INFO  [sct-eureka,,,] Thread-21 com.netflix.eureka.DefaultEurekaServerContext Shutting down ...
2020-12-06 23:25:52 INFO  [sct-eureka,,,] Thread-21 com.netflix.eureka.DefaultEurekaServerContext Shut down
2020-12-06 23:25:52 INFO  [sct-eureka,,,] Thread-21 org.springframework.scheduling.concurrent.ThreadPoolTaskExecutor Shutting down ExecutorService 'applicationTaskExecutor'
2020-12-06 23:25:52 INFO  [sct-eureka,,,] Thread-21 com.netflix.discovery.DiscoveryClient Shutting down DiscoveryClient ...
2020-12-06 23:25:52 INFO  [sct-eureka,,,] Thread-21 com.netflix.discovery.DiscoveryClient Completed shut down of DiscoveryClient
