2020-12-03 22:31:45 INFO  [springAppName_IS_UNDEFINED,,,] main org.springframework.context.support.PostProcessorRegistrationDelegate$BeanPostProcessorChecker Bean 'org.springframework.cloud.autoconfigure.ConfigurationPropertiesRebinderAutoConfiguration' of type [org.springframework.cloud.autoconfigure.ConfigurationPropertiesRebinderAutoConfiguration$$EnhancerBySpringCGLIB$$931ddb01] is not eligible for getting processed by all BeanPostProcessors (for example: not eligible for auto-proxying)
2020-12-03 22:31:46 INFO  [FEBS-Gateway,,,] main com.damu.febs.gateway.FebsGatewayApplication No active profile set, falling back to default profiles: default
2020-12-03 22:31:47 INFO  [FEBS-Gateway,,,] main org.springframework.data.repository.config.RepositoryConfigurationDelegate Multiple Spring Data modules found, entering strict repository configuration mode!
2020-12-03 22:31:47 INFO  [FEBS-Gateway,,,] main org.springframework.data.repository.config.RepositoryConfigurationDelegate Bootstrapping Spring Data repositories in DEFAULT mode.
2020-12-03 22:31:47 INFO  [FEBS-Gateway,,,] main org.springframework.data.repository.config.RepositoryConfigurationDelegate Finished Spring Data repository scanning in 10ms. Found 0 repository interfaces.
2020-12-03 22:31:47 INFO  [FEBS-Gateway,,,] main org.springframework.cloud.context.scope.GenericScope BeanFactory id=86c87466-47d4-3d4b-85ba-dc9098ae8fd1
2020-12-03 22:31:47 INFO  [FEBS-Gateway,,,] main org.springframework.context.support.PostProcessorRegistrationDelegate$BeanPostProcessorChecker Bean 'org.springframework.cloud.autoconfigure.ConfigurationPropertiesRebinderAutoConfiguration' of type [org.springframework.cloud.autoconfigure.ConfigurationPropertiesRebinderAutoConfiguration$$EnhancerBySpringCGLIB$$931ddb01] is not eligible for getting processed by all BeanPostProcessors (for example: not eligible for auto-proxying)
2020-12-03 22:31:47 INFO  [FEBS-Gateway,,,] main org.springframework.boot.web.embedded.tomcat.TomcatWebServer Tomcat initialized with port(s): 8301 (http)
2020-12-03 22:31:47 INFO  [FEBS-Gateway,,,] main org.apache.coyote.http11.Http11NioProtocol Initializing ProtocolHandler ["http-nio-8301"]
2020-12-03 22:31:47 INFO  [FEBS-Gateway,,,] main org.apache.catalina.core.StandardService Starting service [Tomcat]
2020-12-03 22:31:47 INFO  [FEBS-Gateway,,,] main org.apache.catalina.core.StandardEngine Starting Servlet engine: [Apache Tomcat/9.0.21]
2020-12-03 22:31:48 INFO  [FEBS-Gateway,,,] main org.apache.catalina.core.ContainerBase.[Tomcat].[localhost].[/] Initializing Spring embedded WebApplicationContext
2020-12-03 22:31:48 INFO  [FEBS-Gateway,,,] main org.springframework.web.context.ContextLoader Root WebApplicationContext: initialization completed in 1527 ms
2020-12-03 22:31:48 INFO  [FEBS-Gateway,,,] main com.netflix.config.sources.URLConfigurationSource To enable URLs as dynamic configuration sources, define System property archaius.configurationSource.additionalUrls or make config.properties available on classpath.
2020-12-03 22:31:48 INFO  [FEBS-Gateway,,,] main com.netflix.config.DynamicPropertyFactory DynamicPropertyFactory is initialized with configuration sources: com.netflix.config.ConcurrentCompositeConfiguration@2120bed
2020-12-03 22:31:49 INFO  [FEBS-Gateway,,,] main org.springframework.boot.autoconfigure.security.servlet.UserDetailsServiceAutoConfiguration 

Using generated security password: 1f12aa77-bc5d-4301-ba72-b9d8cd8cb379

2020-12-03 22:31:49 INFO  [FEBS-Gateway,,,] main org.springframework.security.web.DefaultSecurityFilterChain Creating filter chain: any request, [org.springframework.security.web.context.request.async.WebAsyncManagerIntegrationFilter@b56c222, org.springframework.security.web.context.SecurityContextPersistenceFilter@65b73689, org.springframework.security.web.header.HeaderWriterFilter@69f3e556, org.springframework.security.web.authentication.logout.LogoutFilter@7b4619a3, org.springframework.security.web.savedrequest.RequestCacheAwareFilter@5af40e45, org.springframework.security.web.servletapi.SecurityContextHolderAwareRequestFilter@c82ad22, org.springframework.security.web.authentication.AnonymousAuthenticationFilter@5a2035e1, org.springframework.security.web.session.SessionManagementFilter@3ff26c9, org.springframework.security.web.access.ExceptionTranslationFilter@795faad]
2020-12-03 22:31:49 INFO  [FEBS-Gateway,,,] main com.netflix.config.sources.URLConfigurationSource To enable URLs as dynamic configuration sources, define System property archaius.configurationSource.additionalUrls or make config.properties available on classpath.
2020-12-03 22:31:49 INFO  [FEBS-Gateway,,,] main org.springframework.scheduling.concurrent.ThreadPoolTaskExecutor Initializing ExecutorService 'applicationTaskExecutor'
2020-12-03 22:31:50 INFO  [FEBS-Gateway,,,] main org.springframework.boot.actuate.endpoint.web.EndpointLinksResolver Exposing 2 endpoint(s) beneath base path '/actuator'
2020-12-03 22:31:50 INFO  [FEBS-Gateway,,,] main org.springframework.cloud.netflix.zuul.ZuulFilterInitializer Starting filter initializer
2020-12-03 22:31:50 INFO  [FEBS-Gateway,,,] main org.springframework.cloud.netflix.eureka.InstanceInfoFactory Setting initial instance status as: STARTING
2020-12-03 22:31:50 INFO  [FEBS-Gateway,,,] main com.netflix.discovery.DiscoveryClient Initializing Eureka in region us-east-1
2020-12-03 22:31:50 INFO  [FEBS-Gateway,,,] main com.netflix.discovery.provider.DiscoveryJerseyProvider Using JSON encoding codec LegacyJacksonJson
2020-12-03 22:31:50 INFO  [FEBS-Gateway,,,] main com.netflix.discovery.provider.DiscoveryJerseyProvider Using JSON decoding codec LegacyJacksonJson
2020-12-03 22:31:50 INFO  [FEBS-Gateway,,,] main com.netflix.discovery.provider.DiscoveryJerseyProvider Using XML encoding codec XStreamXml
2020-12-03 22:31:50 INFO  [FEBS-Gateway,,,] main com.netflix.discovery.provider.DiscoveryJerseyProvider Using XML decoding codec XStreamXml
2020-12-03 22:31:50 INFO  [FEBS-Gateway,,,] main com.netflix.discovery.shared.resolver.aws.ConfigClusterResolver Resolving eureka endpoints via configuration
2020-12-03 22:31:51 INFO  [FEBS-Gateway,,,] main com.netflix.discovery.DiscoveryClient Disable delta property : false
2020-12-03 22:31:51 INFO  [FEBS-Gateway,,,] main com.netflix.discovery.DiscoveryClient Single vip registry refresh property : null
2020-12-03 22:31:51 INFO  [FEBS-Gateway,,,] main com.netflix.discovery.DiscoveryClient Force full registry fetch : false
2020-12-03 22:31:51 INFO  [FEBS-Gateway,,,] main com.netflix.discovery.DiscoveryClient Application is null : false
2020-12-03 22:31:51 INFO  [FEBS-Gateway,,,] main com.netflix.discovery.DiscoveryClient Registered Applications size is zero : true
2020-12-03 22:31:51 INFO  [FEBS-Gateway,,,] main com.netflix.discovery.DiscoveryClient Application version is -1: true
2020-12-03 22:31:51 INFO  [FEBS-Gateway,,,] main com.netflix.discovery.DiscoveryClient Getting all instance registry info from the eureka server
2020-12-03 22:31:51 INFO  [FEBS-Gateway,,,] main com.netflix.discovery.DiscoveryClient The response status is 200
2020-12-03 22:31:51 INFO  [FEBS-Gateway,,,] main com.netflix.discovery.DiscoveryClient Starting heartbeat executor: renew interval is: 20
2020-12-03 22:31:51 INFO  [FEBS-Gateway,,,] main com.netflix.discovery.InstanceInfoReplicator InstanceInfoReplicator onDemand update allowed rate per min is 4
2020-12-03 22:31:51 INFO  [FEBS-Gateway,,,] main com.netflix.discovery.DiscoveryClient Discovery Client initialized at timestamp 1607005911202 with initial instances count: 0
2020-12-03 22:31:51 INFO  [FEBS-Gateway,,,] main org.springframework.cloud.netflix.eureka.serviceregistry.EurekaServiceRegistry Registering application FEBS-GATEWAY with eureka with status UP
2020-12-03 22:31:51 INFO  [FEBS-Gateway,,,] main com.netflix.discovery.DiscoveryClient Saw local status change event StatusChangeEvent [timestamp=1607005911204, current=UP, previous=STARTING]
2020-12-03 22:31:51 INFO  [FEBS-Gateway,,,] DiscoveryClient-InstanceInfoReplicator-0 com.netflix.discovery.DiscoveryClient DiscoveryClient_FEBS-GATEWAY/192.168.0.108:FEBS-Gateway:8301: registering service...
2020-12-03 22:31:51 INFO  [FEBS-Gateway,,,] main org.apache.coyote.http11.Http11NioProtocol Starting ProtocolHandler ["http-nio-8301"]
2020-12-03 22:31:51 INFO  [FEBS-Gateway,,,] main org.springframework.boot.web.embedded.tomcat.TomcatWebServer Tomcat started on port(s): 8301 (http) with context path ''
2020-12-03 22:31:51 INFO  [FEBS-Gateway,,,] main org.springframework.cloud.netflix.eureka.serviceregistry.EurekaAutoServiceRegistration Updating port to 8301
2020-12-03 22:31:51 INFO  [FEBS-Gateway,,,] main com.damu.febs.gateway.FebsGatewayApplication Started FebsGatewayApplication in 6.372 seconds (JVM running for 7.29)
2020-12-03 22:31:51 INFO  [FEBS-Gateway,,,] DiscoveryClient-InstanceInfoReplicator-0 com.netflix.discovery.DiscoveryClient DiscoveryClient_FEBS-GATEWAY/192.168.0.108:FEBS-Gateway:8301 - registration status: 204
2020-12-03 22:31:51 INFO  [FEBS-Gateway,,,] main com.netflix.config.ChainedDynamicProperty Flipping property: FEBS-Auth.ribbon.ActiveConnectionsLimit to use NEXT property: niws.loadbalancer.availabilityFilteringRule.activeConnectionsLimit = 2147483647
2020-12-03 22:31:51 INFO  [FEBS-Gateway,,,] main com.netflix.util.concurrent.ShutdownEnabledTimer Shutdown hook installed for: NFLoadBalancer-PingTimer-FEBS-Auth
2020-12-03 22:31:51 INFO  [FEBS-Gateway,,,] main com.netflix.loadbalancer.BaseLoadBalancer Client: FEBS-Auth instantiated a LoadBalancer: DynamicServerListLoadBalancer:{NFLoadBalancer:name=FEBS-Auth,current list of Servers=[],Load balancer stats=Zone stats: {},Server stats: []}ServerList:null
2020-12-03 22:31:51 INFO  [FEBS-Gateway,,,] main com.netflix.loadbalancer.DynamicServerListLoadBalancer Using serverListUpdater PollingServerListUpdater
2020-12-03 22:31:51 INFO  [FEBS-Gateway,,,] main com.netflix.loadbalancer.DynamicServerListLoadBalancer DynamicServerListLoadBalancer for client FEBS-Auth initialized: DynamicServerListLoadBalancer:{NFLoadBalancer:name=FEBS-Auth,current list of Servers=[],Load balancer stats=Zone stats: {},Server stats: []}ServerList:org.springframework.cloud.netflix.ribbon.eureka.DomainExtractingServerList@56fc2cea
2020-12-03 22:31:51 INFO  [FEBS-Gateway,,,] main com.netflix.config.ChainedDynamicProperty Flipping property: FEBS-Server-System.ribbon.ActiveConnectionsLimit to use NEXT property: niws.loadbalancer.availabilityFilteringRule.activeConnectionsLimit = 2147483647
2020-12-03 22:31:51 INFO  [FEBS-Gateway,,,] main com.netflix.util.concurrent.ShutdownEnabledTimer Shutdown hook installed for: NFLoadBalancer-PingTimer-FEBS-Server-System
2020-12-03 22:31:51 INFO  [FEBS-Gateway,,,] main com.netflix.loadbalancer.BaseLoadBalancer Client: FEBS-Server-System instantiated a LoadBalancer: DynamicServerListLoadBalancer:{NFLoadBalancer:name=FEBS-Server-System,current list of Servers=[],Load balancer stats=Zone stats: {},Server stats: []}ServerList:null
2020-12-03 22:31:51 INFO  [FEBS-Gateway,,,] main com.netflix.loadbalancer.DynamicServerListLoadBalancer Using serverListUpdater PollingServerListUpdater
2020-12-03 22:31:51 INFO  [FEBS-Gateway,,,] main com.netflix.loadbalancer.DynamicServerListLoadBalancer DynamicServerListLoadBalancer for client FEBS-Server-System initialized: DynamicServerListLoadBalancer:{NFLoadBalancer:name=FEBS-Server-System,current list of Servers=[],Load balancer stats=Zone stats: {},Server stats: []}ServerList:org.springframework.cloud.netflix.ribbon.eureka.DomainExtractingServerList@3ae91bcc
2020-12-03 22:31:51 INFO  [FEBS-Gateway,,,] main com.netflix.config.ChainedDynamicProperty Flipping property: FEBS-Server-Test.ribbon.ActiveConnectionsLimit to use NEXT property: niws.loadbalancer.availabilityFilteringRule.activeConnectionsLimit = 2147483647
2020-12-03 22:31:51 INFO  [FEBS-Gateway,,,] main com.netflix.util.concurrent.ShutdownEnabledTimer Shutdown hook installed for: NFLoadBalancer-PingTimer-FEBS-Server-Test
2020-12-03 22:31:51 INFO  [FEBS-Gateway,,,] main com.netflix.loadbalancer.BaseLoadBalancer Client: FEBS-Server-Test instantiated a LoadBalancer: DynamicServerListLoadBalancer:{NFLoadBalancer:name=FEBS-Server-Test,current list of Servers=[],Load balancer stats=Zone stats: {},Server stats: []}ServerList:null
2020-12-03 22:31:51 INFO  [FEBS-Gateway,,,] main com.netflix.loadbalancer.DynamicServerListLoadBalancer Using serverListUpdater PollingServerListUpdater
2020-12-03 22:31:51 INFO  [FEBS-Gateway,,,] main com.netflix.loadbalancer.DynamicServerListLoadBalancer DynamicServerListLoadBalancer for client FEBS-Server-Test initialized: DynamicServerListLoadBalancer:{NFLoadBalancer:name=FEBS-Server-Test,current list of Servers=[],Load balancer stats=Zone stats: {},Server stats: []}ServerList:org.springframework.cloud.netflix.ribbon.eureka.DomainExtractingServerList@38dc1c50
2020-12-03 22:31:51 INFO  [FEBS-Gateway,,,] RMI TCP Connection(8)-127.0.0.1 org.apache.catalina.core.ContainerBase.[Tomcat].[localhost].[/] Initializing Spring DispatcherServlet 'dispatcherServlet'
2020-12-03 22:31:51 INFO  [FEBS-Gateway,,,] RMI TCP Connection(8)-127.0.0.1 org.springframework.web.servlet.DispatcherServlet Initializing Servlet 'dispatcherServlet'
2020-12-03 22:31:51 INFO  [FEBS-Gateway,,,] RMI TCP Connection(8)-127.0.0.1 org.springframework.web.servlet.DispatcherServlet Completed initialization in 6 ms
2020-12-03 22:31:51 INFO  [FEBS-Gateway,,,] parallel-1 io.lettuce.core.EpollProvider Starting without optional epoll library
2020-12-03 22:31:51 INFO  [FEBS-Gateway,,,] parallel-1 io.lettuce.core.KqueueProvider Starting without optional kqueue library
2020-12-03 22:31:54 INFO  [FEBS-Gateway,,,] DiscoveryClient-CacheRefreshExecutor-0 com.netflix.discovery.DiscoveryClient Disable delta property : false
2020-12-03 22:31:54 INFO  [FEBS-Gateway,,,] DiscoveryClient-CacheRefreshExecutor-0 com.netflix.discovery.DiscoveryClient Single vip registry refresh property : null
2020-12-03 22:31:54 INFO  [FEBS-Gateway,,,] DiscoveryClient-CacheRefreshExecutor-0 com.netflix.discovery.DiscoveryClient Force full registry fetch : false
2020-12-03 22:31:54 INFO  [FEBS-Gateway,,,] DiscoveryClient-CacheRefreshExecutor-0 com.netflix.discovery.DiscoveryClient Application is null : false
2020-12-03 22:31:54 INFO  [FEBS-Gateway,,,] DiscoveryClient-CacheRefreshExecutor-0 com.netflix.discovery.DiscoveryClient Registered Applications size is zero : true
2020-12-03 22:31:54 INFO  [FEBS-Gateway,,,] DiscoveryClient-CacheRefreshExecutor-0 com.netflix.discovery.DiscoveryClient Application version is -1: false
2020-12-03 22:31:54 INFO  [FEBS-Gateway,,,] DiscoveryClient-CacheRefreshExecutor-0 com.netflix.discovery.DiscoveryClient Getting all instance registry info from the eureka server
2020-12-03 22:31:54 INFO  [FEBS-Gateway,,,] DiscoveryClient-CacheRefreshExecutor-0 com.netflix.discovery.DiscoveryClient The response status is 200
2020-12-03 22:31:57 INFO  [FEBS-Gateway,,,] DiscoveryClient-CacheRefreshExecutor-0 com.netflix.discovery.DiscoveryClient Disable delta property : false
2020-12-03 22:31:57 INFO  [FEBS-Gateway,,,] DiscoveryClient-CacheRefreshExecutor-0 com.netflix.discovery.DiscoveryClient Single vip registry refresh property : null
2020-12-03 22:31:57 INFO  [FEBS-Gateway,,,] DiscoveryClient-CacheRefreshExecutor-0 com.netflix.discovery.DiscoveryClient Force full registry fetch : false
2020-12-03 22:31:57 INFO  [FEBS-Gateway,,,] DiscoveryClient-CacheRefreshExecutor-0 com.netflix.discovery.DiscoveryClient Application is null : false
2020-12-03 22:31:57 INFO  [FEBS-Gateway,,,] DiscoveryClient-CacheRefreshExecutor-0 com.netflix.discovery.DiscoveryClient Registered Applications size is zero : true
2020-12-03 22:31:57 INFO  [FEBS-Gateway,,,] DiscoveryClient-CacheRefreshExecutor-0 com.netflix.discovery.DiscoveryClient Application version is -1: false
2020-12-03 22:31:57 INFO  [FEBS-Gateway,,,] DiscoveryClient-CacheRefreshExecutor-0 com.netflix.discovery.DiscoveryClient Getting all instance registry info from the eureka server
2020-12-03 22:31:57 INFO  [FEBS-Gateway,,,] DiscoveryClient-CacheRefreshExecutor-0 com.netflix.discovery.DiscoveryClient The response status is 200
2020-12-03 22:32:00 INFO  [FEBS-Gateway,,,] DiscoveryClient-CacheRefreshExecutor-0 com.netflix.discovery.DiscoveryClient Disable delta property : false
2020-12-03 22:32:00 INFO  [FEBS-Gateway,,,] DiscoveryClient-CacheRefreshExecutor-0 com.netflix.discovery.DiscoveryClient Single vip registry refresh property : null
2020-12-03 22:32:00 INFO  [FEBS-Gateway,,,] DiscoveryClient-CacheRefreshExecutor-0 com.netflix.discovery.DiscoveryClient Force full registry fetch : false
2020-12-03 22:32:00 INFO  [FEBS-Gateway,,,] DiscoveryClient-CacheRefreshExecutor-0 com.netflix.discovery.DiscoveryClient Application is null : false
2020-12-03 22:32:00 INFO  [FEBS-Gateway,,,] DiscoveryClient-CacheRefreshExecutor-0 com.netflix.discovery.DiscoveryClient Registered Applications size is zero : true
2020-12-03 22:32:00 INFO  [FEBS-Gateway,,,] DiscoveryClient-CacheRefreshExecutor-0 com.netflix.discovery.DiscoveryClient Application version is -1: false
2020-12-03 22:32:00 INFO  [FEBS-Gateway,,,] DiscoveryClient-CacheRefreshExecutor-0 com.netflix.discovery.DiscoveryClient Getting all instance registry info from the eureka server
2020-12-03 22:32:00 INFO  [FEBS-Gateway,,,] DiscoveryClient-CacheRefreshExecutor-0 com.netflix.discovery.DiscoveryClient The response status is 200
2020-12-03 22:32:22 INFO  [FEBS-Gateway,,,] PollingServerListUpdater-1 com.netflix.config.ChainedDynamicProperty Flipping property: FEBS-Auth.ribbon.ActiveConnectionsLimit to use NEXT property: niws.loadbalancer.availabilityFilteringRule.activeConnectionsLimit = 2147483647
2020-12-03 22:32:22 INFO  [FEBS-Gateway,,,] PollingServerListUpdater-0 com.netflix.config.ChainedDynamicProperty Flipping property: FEBS-Server-System.ribbon.ActiveConnectionsLimit to use NEXT property: niws.loadbalancer.availabilityFilteringRule.activeConnectionsLimit = 2147483647
2020-12-03 22:32:22 INFO  [FEBS-Gateway,,,] PollingServerListUpdater-1 com.netflix.config.ChainedDynamicProperty Flipping property: FEBS-Server-Test.ribbon.ActiveConnectionsLimit to use NEXT property: niws.loadbalancer.availabilityFilteringRule.activeConnectionsLimit = 2147483647
2020-12-03 22:36:51 INFO  [FEBS-Gateway,,,] AsyncResolver-bootstrap-executor-0 com.netflix.discovery.shared.resolver.aws.ConfigClusterResolver Resolving eureka endpoints via configuration
2020-12-03 22:41:51 INFO  [FEBS-Gateway,,,] AsyncResolver-bootstrap-executor-0 com.netflix.discovery.shared.resolver.aws.ConfigClusterResolver Resolving eureka endpoints via configuration
2020-12-03 22:46:51 INFO  [FEBS-Gateway,,,] AsyncResolver-bootstrap-executor-0 com.netflix.discovery.shared.resolver.aws.ConfigClusterResolver Resolving eureka endpoints via configuration
2020-12-03 22:51:51 INFO  [FEBS-Gateway,,,] AsyncResolver-bootstrap-executor-0 com.netflix.discovery.shared.resolver.aws.ConfigClusterResolver Resolving eureka endpoints via configuration
2020-12-03 22:56:51 INFO  [FEBS-Gateway,,,] AsyncResolver-bootstrap-executor-0 com.netflix.discovery.shared.resolver.aws.ConfigClusterResolver Resolving eureka endpoints via configuration
2020-12-03 22:59:55 INFO  [FEBS-Gateway,,,] http-nio-8301-exec-1 com.damu.febs.gateway.filter.FebsGatewayRequestFilter 请求URI：/auth/captcha，HTTP Method：GET，请求IP：0:0:0:0:0:0:0:1，ServerId：FEBS-Auth
2020-12-03 23:01:51 INFO  [FEBS-Gateway,,,] AsyncResolver-bootstrap-executor-0 com.netflix.discovery.shared.resolver.aws.ConfigClusterResolver Resolving eureka endpoints via configuration
2020-12-03 23:06:51 INFO  [FEBS-Gateway,,,] AsyncResolver-bootstrap-executor-0 com.netflix.discovery.shared.resolver.aws.ConfigClusterResolver Resolving eureka endpoints via configuration
2020-12-03 23:08:34 INFO  [FEBS-Gateway,,,] Thread-24 com.netflix.loadbalancer.PollingServerListUpdater Shutting down the Executor Pool for PollingServerListUpdater
2020-12-03 23:08:34 INFO  [FEBS-Gateway,,,] Thread-20 org.springframework.cloud.netflix.eureka.serviceregistry.EurekaServiceRegistry Unregistering application FEBS-GATEWAY with eureka with status DOWN
2020-12-03 23:08:34 INFO  [FEBS-Gateway,,,] DiscoveryClient-InstanceInfoReplicator-0 com.netflix.discovery.DiscoveryClient DiscoveryClient_FEBS-GATEWAY/192.168.0.108:FEBS-Gateway:8301: registering service...
2020-12-03 23:08:34 INFO  [FEBS-Gateway,,,] Thread-20 org.springframework.cloud.netflix.zuul.ZuulFilterInitializer Stopping filter initializer
2020-12-03 23:08:34 INFO  [FEBS-Gateway,,,] Thread-20 com.netflix.util.concurrent.ShutdownEnabledTimer Shutdown hook removed for: NFLoadBalancer-PingTimer-FEBS-Server-Test
2020-12-03 23:08:34 INFO  [FEBS-Gateway,,,] Thread-20 com.netflix.util.concurrent.ShutdownEnabledTimer Exception caught (might be ok if at shutdown)
java.lang.IllegalStateException: Shutdown in progress
	at java.lang.ApplicationShutdownHooks.remove(ApplicationShutdownHooks.java:82)
	at java.lang.Runtime.removeShutdownHook(Runtime.java:239)
	at com.netflix.util.concurrent.ShutdownEnabledTimer.cancel(ShutdownEnabledTimer.java:70)
	at com.netflix.loadbalancer.BaseLoadBalancer.cancelPingTask(BaseLoadBalancer.java:632)
	at com.netflix.loadbalancer.BaseLoadBalancer.shutdown(BaseLoadBalancer.java:883)
	at com.netflix.loadbalancer.DynamicServerListLoadBalancer.shutdown(DynamicServerListLoadBalancer.java:285)
	at sun.reflect.NativeMethodAccessorImpl.invoke0(Native Method)
	at sun.reflect.NativeMethodAccessorImpl.invoke(NativeMethodAccessorImpl.java:62)
	at sun.reflect.DelegatingMethodAccessorImpl.invoke(DelegatingMethodAccessorImpl.java:43)
	at java.lang.reflect.Method.invoke(Method.java:498)
	at org.springframework.beans.factory.support.DisposableBeanAdapter.invokeCustomDestroyMethod(DisposableBeanAdapter.java:339)
	at org.springframework.beans.factory.support.DisposableBeanAdapter.destroy(DisposableBeanAdapter.java:273)
	at org.springframework.beans.factory.support.DefaultSingletonBeanRegistry.destroyBean(DefaultSingletonBeanRegistry.java:571)
	at org.springframework.beans.factory.support.DefaultSingletonBeanRegistry.destroySingleton(DefaultSingletonBeanRegistry.java:543)
	at org.springframework.beans.factory.support.DefaultListableBeanFactory.destroySingleton(DefaultListableBeanFactory.java:1036)
	at org.springframework.beans.factory.support.DefaultSingletonBeanRegistry.destroySingletons(DefaultSingletonBeanRegistry.java:504)
	at org.springframework.beans.factory.support.DefaultListableBeanFactory.destroySingletons(DefaultListableBeanFactory.java:1029)
	at org.springframework.context.support.AbstractApplicationContext.destroyBeans(AbstractApplicationContext.java:1057)
	at org.springframework.context.support.AbstractApplicationContext.doClose(AbstractApplicationContext.java:1026)
	at org.springframework.context.support.AbstractApplicationContext.close(AbstractApplicationContext.java:975)
	at org.springframework.cloud.context.named.NamedContextFactory.destroy(NamedContextFactory.java:92)
	at org.springframework.beans.factory.support.DisposableBeanAdapter.destroy(DisposableBeanAdapter.java:258)
	at org.springframework.beans.factory.support.DefaultSingletonBeanRegistry.destroyBean(DefaultSingletonBeanRegistry.java:571)
	at org.springframework.beans.factory.support.DefaultSingletonBeanRegistry.destroySingleton(DefaultSingletonBeanRegistry.java:543)
	at org.springframework.beans.factory.support.DefaultListableBeanFactory.destroySingleton(DefaultListableBeanFactory.java:1036)
	at org.springframework.beans.factory.support.DefaultSingletonBeanRegistry.destroySingletons(DefaultSingletonBeanRegistry.java:504)
	at org.springframework.beans.factory.support.DefaultListableBeanFactory.destroySingletons(DefaultListableBeanFactory.java:1029)
	at org.springframework.context.support.AbstractApplicationContext.destroyBeans(AbstractApplicationContext.java:1057)
	at org.springframework.context.support.AbstractApplicationContext.doClose(AbstractApplicationContext.java:1026)
	at org.springframework.context.support.AbstractApplicationContext$1.run(AbstractApplicationContext.java:945)
2020-12-03 23:08:34 INFO  [FEBS-Gateway,,,] Thread-20 com.netflix.util.concurrent.ShutdownEnabledTimer Shutdown hook removed for: NFLoadBalancer-PingTimer-FEBS-Server-System
2020-12-03 23:08:34 INFO  [FEBS-Gateway,,,] Thread-20 com.netflix.util.concurrent.ShutdownEnabledTimer Exception caught (might be ok if at shutdown)
java.lang.IllegalStateException: Shutdown in progress
	at java.lang.ApplicationShutdownHooks.remove(ApplicationShutdownHooks.java:82)
	at java.lang.Runtime.removeShutdownHook(Runtime.java:239)
	at com.netflix.util.concurrent.ShutdownEnabledTimer.cancel(ShutdownEnabledTimer.java:70)
	at com.netflix.loadbalancer.BaseLoadBalancer.cancelPingTask(BaseLoadBalancer.java:632)
	at com.netflix.loadbalancer.BaseLoadBalancer.shutdown(BaseLoadBalancer.java:883)
	at com.netflix.loadbalancer.DynamicServerListLoadBalancer.shutdown(DynamicServerListLoadBalancer.java:285)
	at sun.reflect.NativeMethodAccessorImpl.invoke0(Native Method)
	at sun.reflect.NativeMethodAccessorImpl.invoke(NativeMethodAccessorImpl.java:62)
	at sun.reflect.DelegatingMethodAccessorImpl.invoke(DelegatingMethodAccessorImpl.java:43)
	at java.lang.reflect.Method.invoke(Method.java:498)
	at org.springframework.beans.factory.support.DisposableBeanAdapter.invokeCustomDestroyMethod(DisposableBeanAdapter.java:339)
	at org.springframework.beans.factory.support.DisposableBeanAdapter.destroy(DisposableBeanAdapter.java:273)
	at org.springframework.beans.factory.support.DefaultSingletonBeanRegistry.destroyBean(DefaultSingletonBeanRegistry.java:571)
	at org.springframework.beans.factory.support.DefaultSingletonBeanRegistry.destroySingleton(DefaultSingletonBeanRegistry.java:543)
	at org.springframework.beans.factory.support.DefaultListableBeanFactory.destroySingleton(DefaultListableBeanFactory.java:1036)
	at org.springframework.beans.factory.support.DefaultSingletonBeanRegistry.destroySingletons(DefaultSingletonBeanRegistry.java:504)
	at org.springframework.beans.factory.support.DefaultListableBeanFactory.destroySingletons(DefaultListableBeanFactory.java:1029)
	at org.springframework.context.support.AbstractApplicationContext.destroyBeans(AbstractApplicationContext.java:1057)
	at org.springframework.context.support.AbstractApplicationContext.doClose(AbstractApplicationContext.java:1026)
	at org.springframework.context.support.AbstractApplicationContext.close(AbstractApplicationContext.java:975)
	at org.springframework.cloud.context.named.NamedContextFactory.destroy(NamedContextFactory.java:92)
	at org.springframework.beans.factory.support.DisposableBeanAdapter.destroy(DisposableBeanAdapter.java:258)
	at org.springframework.beans.factory.support.DefaultSingletonBeanRegistry.destroyBean(DefaultSingletonBeanRegistry.java:571)
	at org.springframework.beans.factory.support.DefaultSingletonBeanRegistry.destroySingleton(DefaultSingletonBeanRegistry.java:543)
	at org.springframework.beans.factory.support.DefaultListableBeanFactory.destroySingleton(DefaultListableBeanFactory.java:1036)
	at org.springframework.beans.factory.support.DefaultSingletonBeanRegistry.destroySingletons(DefaultSingletonBeanRegistry.java:504)
	at org.springframework.beans.factory.support.DefaultListableBeanFactory.destroySingletons(DefaultListableBeanFactory.java:1029)
	at org.springframework.context.support.AbstractApplicationContext.destroyBeans(AbstractApplicationContext.java:1057)
	at org.springframework.context.support.AbstractApplicationContext.doClose(AbstractApplicationContext.java:1026)
	at org.springframework.context.support.AbstractApplicationContext$1.run(AbstractApplicationContext.java:945)
2020-12-03 23:08:34 INFO  [FEBS-Gateway,,,] Thread-20 com.netflix.util.concurrent.ShutdownEnabledTimer Shutdown hook removed for: NFLoadBalancer-PingTimer-FEBS-Auth
2020-12-03 23:08:34 INFO  [FEBS-Gateway,,,] Thread-20 com.netflix.util.concurrent.ShutdownEnabledTimer Exception caught (might be ok if at shutdown)
java.lang.IllegalStateException: Shutdown in progress
	at java.lang.ApplicationShutdownHooks.remove(ApplicationShutdownHooks.java:82)
	at java.lang.Runtime.removeShutdownHook(Runtime.java:239)
	at com.netflix.util.concurrent.ShutdownEnabledTimer.cancel(ShutdownEnabledTimer.java:70)
	at com.netflix.loadbalancer.BaseLoadBalancer.cancelPingTask(BaseLoadBalancer.java:632)
	at com.netflix.loadbalancer.BaseLoadBalancer.shutdown(BaseLoadBalancer.java:883)
	at com.netflix.loadbalancer.DynamicServerListLoadBalancer.shutdown(DynamicServerListLoadBalancer.java:285)
	at sun.reflect.NativeMethodAccessorImpl.invoke0(Native Method)
	at sun.reflect.NativeMethodAccessorImpl.invoke(NativeMethodAccessorImpl.java:62)
	at sun.reflect.DelegatingMethodAccessorImpl.invoke(DelegatingMethodAccessorImpl.java:43)
	at java.lang.reflect.Method.invoke(Method.java:498)
	at org.springframework.beans.factory.support.DisposableBeanAdapter.invokeCustomDestroyMethod(DisposableBeanAdapter.java:339)
	at org.springframework.beans.factory.support.DisposableBeanAdapter.destroy(DisposableBeanAdapter.java:273)
	at org.springframework.beans.factory.support.DefaultSingletonBeanRegistry.destroyBean(DefaultSingletonBeanRegistry.java:571)
	at org.springframework.beans.factory.support.DefaultSingletonBeanRegistry.destroySingleton(DefaultSingletonBeanRegistry.java:543)
	at org.springframework.beans.factory.support.DefaultListableBeanFactory.destroySingleton(DefaultListableBeanFactory.java:1036)
	at org.springframework.beans.factory.support.DefaultSingletonBeanRegistry.destroySingletons(DefaultSingletonBeanRegistry.java:504)
	at org.springframework.beans.factory.support.DefaultListableBeanFactory.destroySingletons(DefaultListableBeanFactory.java:1029)
	at org.springframework.context.support.AbstractApplicationContext.destroyBeans(AbstractApplicationContext.java:1057)
	at org.springframework.context.support.AbstractApplicationContext.doClose(AbstractApplicationContext.java:1026)
	at org.springframework.context.support.AbstractApplicationContext.close(AbstractApplicationContext.java:975)
	at org.springframework.cloud.context.named.NamedContextFactory.destroy(NamedContextFactory.java:92)
	at org.springframework.beans.factory.support.DisposableBeanAdapter.destroy(DisposableBeanAdapter.java:258)
	at org.springframework.beans.factory.support.DefaultSingletonBeanRegistry.destroyBean(DefaultSingletonBeanRegistry.java:571)
	at org.springframework.beans.factory.support.DefaultSingletonBeanRegistry.destroySingleton(DefaultSingletonBeanRegistry.java:543)
	at org.springframework.beans.factory.support.DefaultListableBeanFactory.destroySingleton(DefaultListableBeanFactory.java:1036)
	at org.springframework.beans.factory.support.DefaultSingletonBeanRegistry.destroySingletons(DefaultSingletonBeanRegistry.java:504)
	at org.springframework.beans.factory.support.DefaultListableBeanFactory.destroySingletons(DefaultListableBeanFactory.java:1029)
	at org.springframework.context.support.AbstractApplicationContext.destroyBeans(AbstractApplicationContext.java:1057)
	at org.springframework.context.support.AbstractApplicationContext.doClose(AbstractApplicationContext.java:1026)
	at org.springframework.context.support.AbstractApplicationContext$1.run(AbstractApplicationContext.java:945)
2020-12-03 23:08:34 INFO  [FEBS-Gateway,,,] Thread-20 org.springframework.scheduling.concurrent.ThreadPoolTaskExecutor Shutting down ExecutorService 'applicationTaskExecutor'
2020-12-03 23:08:36 INFO  [FEBS-Gateway,,,] Thread-20 com.netflix.discovery.DiscoveryClient Shutting down DiscoveryClient ...
2020-12-03 23:08:39 INFO  [FEBS-Gateway,,,] Thread-20 com.netflix.discovery.DiscoveryClient Unregistering ...
2020-12-03 23:08:41 INFO  [FEBS-Gateway,,,] Thread-20 com.netflix.discovery.DiscoveryClient Completed shut down of DiscoveryClient
